SF:lib/features/pet_registor/domain/entities/pet_profile_entity.dart
DA:15,8
DA:29,4
DA:42,4
DA:43,4
DA:44,4
DA:45,4
DA:46,4
DA:47,4
DA:48,4
DA:49,4
DA:50,4
DA:51,3
DA:52,4
DA:53,4
DA:58,2
DA:59,2
DA:60,8
DA:61,8
DA:62,12
DA:63,1
DA:69,2
DA:70,4
DA:71,2
DA:73,2
DA:75,2
DA:77,2
DA:79,2
DA:81,2
DA:89,2
DA:90,4
DA:91,2
DA:93,2
DA:95,2
DA:97,1
DA:99,1
DA:101,1
DA:108,5
DA:111,2
DA:112,6
DA:113,6
DA:115,2
DA:116,4
DA:118,2
DA:120,10
LF:44
LH:44
end_of_record
SF:lib/features/pet_registor/data/providers/pet_providers.g.dart
DA:9,1
DA:15,3
DA:28,1
DA:32,0
DA:34,1
DA:36,2
DA:38,4
DA:39,2
DA:42,1
DA:44,4
DA:46,2
DA:47,4
DA:64,12
DA:69,1
DA:70,1
DA:73,0
DA:75,0
DA:80,0
DA:85,0
DA:89,0
DA:100,1
DA:101,1
DA:102,2
DA:113,1
DA:121,1
DA:125,0
DA:129,0
DA:131,0
DA:132,0
DA:133,0
DA:138,0
DA:143,1
DA:145,1
DA:148,1
DA:150,4
DA:153,1
DA:155,3
DA:156,3
DA:158,1
DA:172,1
DA:174,0
DA:175,0
DA:178,1
DA:184,2
DA:185,1
DA:199,1
DA:206,2
DA:207,1
LF:48
LH:34
end_of_record
SF:lib/features/pet_registor/data/providers/pet_providers.dart
DA:11,1
DA:13,1
DA:19,1
DA:21,3
DA:22,1
DA:26,1
DA:27,1
DA:28,3
DA:29,3
DA:30,1
DA:35,0
DA:36,0
DA:37,0
DA:38,0
DA:43,1
DA:44,3
DA:45,1
DA:46,1
DA:50,1
DA:51,3
DA:52,1
DA:53,1
DA:58,1
DA:60,2
DA:61,1
DA:67,1
DA:73,1
DA:74,1
DA:78,1
DA:79,1
LF:30
LH:26
end_of_record
SF:lib/features/pet_registor/data/repositories/pet_repository_impl.dart
DA:9,2
DA:12,2
DA:14,2
DA:17,2
DA:19,2
DA:21,8
DA:27,1
DA:30,1
DA:32,1
DA:33,1
DA:34,1
DA:38,1
DA:41,2
DA:44,2
DA:46,4
DA:49,2
DA:51,3
DA:57,2
DA:60,2
DA:63,2
DA:65,2
DA:69,1
DA:72,1
DA:76,1
DA:79,1
DA:84,1
DA:87,1
LF:27
LH:27
end_of_record
SF:lib/shared/mock_data/features/pet/pet_mock_data.dart
DA:13,6
DA:14,2
DA:19,2
DA:20,2
DA:22,4
DA:23,2
DA:25,2
DA:30,2
DA:31,2
DA:32,2
DA:35,2
DA:38,2
DA:43,2
DA:44,2
DA:46,4
DA:47,2
DA:49,2
DA:54,2
DA:55,2
DA:56,2
DA:59,2
DA:65,2
DA:66,4
DA:70,1
DA:71,2
DA:76,2
DA:77,12
DA:78,4
DA:79,4
DA:86,2
DA:87,10
DA:88,4
DA:89,4
DA:96,0
DA:98,0
DA:105,0
DA:106,0
DA:107,0
DA:112,0
DA:117,0
DA:122,0
DA:127,0
DA:132,0
DA:137,0
DA:142,0
DA:147,0
DA:152,0
DA:161,0
DA:162,0
DA:163,0
DA:168,0
DA:173,0
DA:178,0
DA:183,0
DA:188,0
DA:197,0
DA:198,0
DA:199,0
DA:207,0
DA:215,0
DA:223,0
DA:235,0
DA:236,0
DA:246,0
DA:257,0
DA:259,0
DA:261,0
DA:269,0
DA:270,0
DA:271,0
DA:275,0
DA:277,0
DA:281,0
DA:283,0
DA:287,0
DA:293,0
DA:294,0
DA:295,0
DA:300,0
DA:305,0
LF:80
LH:33
end_of_record
SF:lib/features/pet_registor/domain/entities/temporary_pet_data_entity.dart
DA:17,3
DA:33,1
DA:48,1
DA:49,1
DA:50,1
DA:51,1
DA:52,1
DA:53,1
DA:54,1
DA:55,1
DA:56,1
DA:57,1
DA:58,1
DA:59,1
DA:60,1
DA:61,1
DA:66,1
DA:67,2
DA:68,1
DA:72,1
DA:73,2
DA:74,1
DA:78,3
DA:81,3
DA:84,1
DA:86,2
DA:87,3
DA:91,1
DA:92,1
DA:93,1
DA:95,1
DA:97,1
DA:99,1
DA:101,1
DA:103,1
DA:109,1
DA:110,1
DA:111,1
DA:113,1
DA:115,1
DA:117,1
DA:119,1
DA:121,1
DA:126,1
DA:128,1
DA:130,1
DA:132,1
DA:134,1
DA:136,1
DA:138,1
DA:143,1
DA:145,1
DA:147,1
DA:149,0
DA:151,0
DA:153,0
DA:155,0
DA:160,1
DA:163,1
DA:164,3
DA:165,3
DA:166,3
DA:168,1
DA:169,5
DA:171,1
DA:173,5
LF:66
LH:62
end_of_record
SF:lib/features/pet_registor/presentation/constants/pet_registration_texts.dart
DA:55,0
LF:1
LH:0
end_of_record
SF:lib/features/pet_registor/domain/entities/pet_registration_data_entity.dart
DA:20,8
DA:38,1
DA:55,1
DA:56,1
DA:57,1
DA:58,1
DA:59,1
DA:60,1
DA:61,1
DA:62,1
DA:63,1
DA:64,1
DA:65,1
DA:66,1
DA:67,1
DA:68,1
DA:69,1
DA:70,1
DA:75,2
DA:76,4
DA:77,7
DA:78,4
DA:79,4
DA:84,1
DA:87,1
DA:88,3
DA:89,3
DA:90,3
DA:91,3
DA:93,1
DA:94,8
DA:96,1
DA:98,4
LF:33
LH:33
end_of_record
SF:lib/features/pet_registor/domain/utils/pet_registration_converter.dart
DA:9,1
DA:10,2
DA:11,1
DA:14,3
DA:16,1
DA:17,2
DA:18,1
DA:19,1
DA:20,1
DA:22,1
DA:24,1
DA:25,1
DA:26,1
DA:31,1
DA:32,3
DA:33,1
DA:36,3
DA:37,2
DA:40,3
DA:41,2
DA:48,1
DA:63,1
DA:67,1
DA:77,1
DA:81,1
DA:82,3
DA:84,1
DA:88,1
DA:89,2
DA:90,1
DA:91,1
DA:93,1
DA:95,1
DA:97,1
DA:99,1
DA:101,1
DA:103,1
DA:105,1
DA:110,1
DA:118,1
DA:119,3
DA:120,3
DA:124,1
DA:125,3
DA:126,3
DA:127,1
DA:131,1
DA:132,1
DA:134,1
DA:135,3
DA:138,1
DA:139,2
DA:142,1
DA:143,2
DA:146,1
DA:147,2
DA:150,1
DA:151,2
DA:154,1
DA:155,2
LF:60
LH:60
end_of_record
SF:lib/features/pet_registor/domain/usecases/get_all_pets_usecase.dart
DA:7,1
DA:9,1
DA:10,2
LF:3
LH:3
end_of_record
SF:lib/features/pet_registor/domain/usecases/get_pet_by_id_usecase.dart
DA:7,1
DA:9,1
DA:10,2
LF:3
LH:3
end_of_record
SF:lib/features/pet_registor/domain/usecases/create_pet_usecase.dart
DA:7,1
DA:9,1
DA:10,2
LF:3
LH:3
end_of_record
SF:lib/features/pet_registor/domain/services/pet_registration_navigation_service.dart
DA:10,1
DA:11,1
DA:13,1
DA:18,1
DA:19,1
DA:21,1
DA:26,1
DA:28,1
DA:33,1
DA:34,2
DA:40,1
DA:41,3
DA:42,1
DA:47,2
DA:52,1
DA:61,1
DA:63,1
DA:68,2
DA:73,4
DA:75,2
DA:80,1
DA:90,1
DA:91,1
DA:95,1
DA:96,1
DA:98,1
DA:103,1
DA:105,1
DA:107,1
DA:109,1
DA:111,1
DA:113,1
DA:115,1
DA:117,1
DA:119,1
LF:35
LH:35
end_of_record
SF:lib/features/pet_registor/domain/services/pet_validation_utils.dart
DA:7,3
DA:10,1
DA:13,2
DA:16,1
DA:17,2
DA:20,1
DA:23,2
DA:26,1
DA:27,2
DA:30,3
DA:33,3
DA:36,1
DA:37,2
DA:42,1
DA:45,1
DA:46,1
DA:47,1
DA:48,2
DA:49,1
DA:50,2
DA:51,0
DA:52,0
DA:53,0
DA:54,0
DA:55,0
DA:58,1
DA:59,3
DA:60,1
DA:61,2
DA:62,1
DA:63,1
DA:69,1
DA:71,1
DA:72,1
DA:73,2
DA:74,1
DA:75,1
DA:76,1
DA:77,1
DA:80,1
DA:83,1
DA:84,1
DA:85,0
DA:86,0
DA:87,1
DA:88,0
DA:89,0
DA:90,0
DA:91,1
DA:92,1
DA:93,1
DA:94,1
DA:95,1
DA:102,1
DA:104,2
DA:105,2
DA:106,1
DA:107,1
DA:108,2
DA:109,2
DA:110,0
DA:111,1
DA:116,1
DA:118,2
DA:119,1
DA:120,3
DA:124,1
DA:127,2
DA:130,1
DA:132,1
DA:133,4
LF:71
LH:60
end_of_record
