SF:lib/features/settings/data/repositories/settings_repository_impl.dart
DA:36,1
DA:39,1
DA:40,0
DA:43,0
DA:44,0
DA:45,0
DA:46,0
DA:47,0
DA:48,0
DA:49,0
DA:50,0
DA:51,0
DA:56,0
DA:58,1
DA:62,1
DA:65,1
DA:66,0
DA:67,0
DA:68,0
DA:69,0
DA:70,0
DA:71,0
DA:72,0
DA:75,0
DA:82,1
DA:86,1
DA:87,1
DA:91,1
DA:92,0
DA:100,1
DA:103,1
DA:106,0
DA:107,0
DA:108,0
DA:109,0
DA:110,0
DA:118,1
DA:121,1
DA:122,0
DA:125,0
DA:126,0
DA:127,0
DA:128,0
DA:129,0
DA:130,0
DA:132,0
DA:133,0
DA:134,0
DA:135,0
DA:136,0
DA:137,0
DA:142,0
DA:144,1
DA:148,1
DA:151,1
DA:152,0
DA:153,0
DA:154,0
DA:155,0
DA:156,0
DA:157,0
DA:158,0
DA:161,0
DA:168,1
DA:171,1
DA:174,0
DA:175,0
DA:176,0
DA:177,0
DA:181,0
DA:183,0
DA:186,0
DA:189,1
DA:191,1
DA:192,1
DA:197,1
DA:200,1
DA:201,0
DA:205,0
DA:208,0
DA:209,0
DA:211,0
DA:212,0
DA:224,1
DA:227,1
DA:230,0
DA:231,0
DA:239,1
DA:242,1
DA:243,0
DA:251,0
DA:255,2
LF:92
LH:28
end_of_record
SF:lib/features/settings/domain/entities/user_profile_entity.dart
DA:9,3
DA:18,0
DA:26,0
DA:27,0
DA:28,0
DA:29,0
DA:30,0
DA:31,0
DA:32,0
DA:45,9
DA:54,0
DA:62,0
DA:63,0
DA:64,0
DA:65,0
DA:66,0
DA:67,0
DA:68,0
DA:82,1
DA:88,1
DA:89,6
DA:99,1
LF:22
LH:6
end_of_record
SF:lib/features/settings/domain/usecases/update_user_profile_usecase.dart
DA:7,1
DA:10,1
DA:11,2
LF:3
LH:3
end_of_record
SF:lib/features/settings/domain/usecases/get_user_profile_usecase.dart
DA:7,1
DA:10,1
DA:11,2
LF:3
LH:3
end_of_record
SF:lib/features/walk/data/services/walk_route_service_impl.dart
DA:11,1
DA:16,0
DA:18,0
DA:21,0
DA:22,0
DA:27,0
DA:29,0
DA:31,0
DA:32,0
DA:33,0
DA:36,0
DA:38,0
DA:39,0
DA:41,0
DA:42,0
DA:45,1
DA:47,1
DA:50,1
DA:54,2
DA:56,3
DA:57,3
DA:60,1
DA:61,1
DA:64,1
DA:65,1
DA:71,1
DA:75,1
DA:77,1
DA:78,1
DA:79,1
DA:83,1
DA:84,4
DA:85,1
DA:87,2
DA:90,1
DA:92,2
DA:95,1
DA:99,1
DA:101,2
DA:103,1
DA:104,1
DA:105,2
DA:108,1
DA:109,1
DA:110,2
DA:113,1
DA:114,1
DA:116,1
DA:117,1
DA:120,3
DA:129,1
DA:135,3
DA:136,3
DA:137,1
DA:138,1
DA:141,5
DA:142,1
DA:145,1
DA:147,2
DA:149,2
DA:151,4
DA:152,2
DA:153,1
DA:154,2
DA:157,2
DA:160,0
DA:161,0
DA:162,0
DA:164,0
DA:166,0
DA:170,2
DA:174,1
DA:176,2
DA:178,2
DA:180,4
DA:181,2
DA:182,1
DA:183,2
DA:186,6
DA:188,6
DA:190,1
DA:191,1
DA:194,1
DA:195,1
DA:196,1
DA:197,1
DA:198,1
DA:199,1
DA:204,2
DA:209,0
DA:210,0
DA:211,0
DA:212,0
DA:214,0
DA:216,0
DA:217,0
DA:219,0
DA:220,0
LF:98
LH:70
end_of_record
SF:lib/features/walk/domain/entities/walk_location_entity.dart
DA:14,1
DA:26,0
DA:27,0
DA:31,0
DA:32,0
DA:33,0
DA:34,0
DA:35,0
DA:36,0
DA:37,0
DA:38,0
DA:43,1
DA:46,3
DA:47,3
DA:48,5
DA:49,5
DA:52,6
DA:53,2
DA:54,2
DA:55,3
DA:56,2
DA:57,6
DA:59,1
DA:63,0
DA:73,0
DA:74,0
DA:75,0
DA:76,0
DA:77,0
DA:78,0
DA:79,0
DA:80,0
DA:81,0
DA:85,0
DA:87,0
DA:90,0
DA:93,0
DA:94,0
DA:95,0
DA:96,0
DA:99,0
DA:101,0
LF:42
LH:13
end_of_record
SF:lib/features/walk/domain/entities/walk_record_entity.dart
DA:20,1
DA:40,0
DA:59,0
DA:60,0
DA:61,0
DA:62,0
DA:63,0
DA:64,0
DA:65,0
DA:66,0
DA:67,0
DA:68,0
DA:69,0
DA:70,0
DA:71,0
DA:72,0
DA:73,0
DA:74,0
DA:75,0
DA:76,0
DA:81,0
DA:82,0
DA:83,0
DA:84,0
DA:88,0
DA:89,0
DA:90,0
DA:91,0
DA:92,0
DA:96,0
DA:97,0
DA:101,0
DA:102,0
DA:103,0
DA:104,0
DA:105,0
DA:106,0
DA:108,0
DA:113,0
DA:114,0
DA:115,0
DA:133,0
DA:141,0
DA:148,0
DA:149,0
DA:150,0
DA:151,0
DA:152,0
DA:153,0
LF:49
LH:1
end_of_record
SF:lib/features/walk/domain/repositories/walk_share_repository.dart
DA:10,1
DA:17,1
DA:21,1
DA:28,1
DA:29,1
LF:5
LH:5
end_of_record
SF:lib/features/walk/domain/usecases/walk_share_usecases.dart
DA:8,1
DA:10,1
DA:11,2
DA:19,1
DA:21,1
DA:22,2
DA:30,1
DA:32,1
DA:33,2
DA:41,1
DA:43,1
DA:44,2
LF:12
LH:12
end_of_record
SF:lib/features/pet_registor/domain/entities/pet_profile_entity.dart
DA:15,4
DA:29,3
DA:42,3
DA:43,3
DA:44,3
DA:45,3
DA:46,3
DA:47,3
DA:48,3
DA:49,3
DA:50,3
DA:51,1
DA:52,3
DA:53,3
DA:58,2
DA:59,2
DA:60,8
DA:61,8
DA:62,12
DA:63,0
DA:70,2
DA:71,4
DA:72,2
DA:74,2
DA:76,1
DA:78,1
DA:80,1
DA:82,1
DA:90,2
DA:91,4
DA:92,2
DA:94,0
DA:96,0
DA:98,0
DA:100,0
DA:102,0
DA:109,2
DA:112,1
DA:113,3
DA:114,3
DA:116,1
DA:117,2
DA:119,1
DA:121,5
LF:44
LH:38
end_of_record
SF:lib/features/pet_registor/presentation/constants/pet_registration_texts.dart
DA:55,0
LF:1
LH:0
end_of_record
SF:lib/features/pet_registor/domain/entities/temporary_pet_data_entity.dart
DA:17,4
DA:33,1
DA:48,1
DA:49,1
DA:50,1
DA:51,1
DA:52,1
DA:53,1
DA:54,1
DA:55,1
DA:56,1
DA:57,1
DA:58,1
DA:59,1
DA:60,1
DA:61,1
DA:66,1
DA:67,2
DA:68,1
DA:72,1
DA:73,2
DA:74,1
DA:78,3
DA:81,3
DA:84,1
DA:86,2
DA:87,3
DA:91,1
DA:92,1
DA:93,1
DA:95,1
DA:97,1
DA:99,1
DA:101,1
DA:103,1
DA:109,1
DA:110,1
DA:111,1
DA:113,1
DA:115,1
DA:117,1
DA:119,1
DA:121,1
DA:126,1
DA:128,1
DA:130,1
DA:132,1
DA:134,1
DA:136,1
DA:138,1
DA:143,1
DA:145,1
DA:147,1
DA:149,0
DA:151,0
DA:153,0
DA:155,0
DA:160,1
DA:163,1
DA:164,3
DA:165,3
DA:166,3
DA:168,1
DA:169,5
DA:171,1
DA:173,5
LF:66
LH:62
end_of_record
SF:lib/features/notification/domain/usecases/mark_notification_as_read_usecase.dart
DA:6,1
DA:9,1
DA:10,2
LF:3
LH:3
end_of_record
SF:lib/features/notification/domain/entities/notification_model.dart
DA:49,4
DA:51,4
DA:53,2
DA:55,1
DA:57,1
DA:59,0
DA:61,0
DA:63,0
DA:65,0
DA:67,0
DA:69,0
DA:71,0
DA:73,0
DA:75,0
DA:149,2
DA:166,1
DA:167,1
DA:168,1
DA:169,1
DA:170,1
DA:171,1
DA:172,4
DA:173,0
DA:175,1
DA:176,4
DA:177,0
DA:179,1
DA:180,4
DA:181,0
DA:183,2
DA:184,1
DA:185,0
DA:187,1
DA:188,0
DA:190,1
DA:191,1
DA:192,1
DA:193,3
DA:194,1
DA:196,1
DA:197,1
DA:202,1
DA:203,1
DA:204,1
DA:205,1
DA:206,1
DA:207,2
DA:208,2
DA:209,2
DA:210,2
DA:211,1
DA:212,1
DA:213,1
DA:214,5
DA:215,1
DA:216,1
DA:221,1
DA:222,1
DA:223,1
DA:224,1
DA:225,1
DA:226,1
DA:227,1
DA:229,1
DA:230,1
DA:231,1
DA:232,1
DA:233,1
DA:234,1
DA:235,1
DA:240,1
DA:241,1
DA:242,1
DA:243,1
DA:244,1
DA:245,1
DA:246,1
DA:248,1
DA:249,1
DA:250,1
DA:251,1
DA:252,1
DA:253,1
DA:254,1
DA:259,1
DA:260,1
DA:261,3
DA:265,3
DA:268,3
DA:271,0
DA:274,0
DA:277,0
DA:278,0
DA:280,0
DA:282,0
DA:285,0
DA:288,0
DA:291,0
DA:292,0
DA:309,13
DA:317,1
DA:318,1
DA:319,1
DA:320,1
DA:321,1
DA:322,1
DA:327,1
DA:328,5
DA:331,0
DA:333,0
DA:357,18
DA:375,1
DA:376,1
DA:378,1
DA:380,2
DA:381,1
DA:382,4
DA:383,0
DA:385,2
DA:388,1
DA:389,1
DA:391,1
DA:392,1
DA:393,1
DA:394,1
DA:395,0
DA:401,1
DA:402,1
DA:403,3
DA:404,4
DA:407,1
DA:408,1
DA:410,1
DA:411,1
DA:412,1
DA:413,1
DA:418,1
DA:419,4
DA:423,0
DA:424,0
DA:425,0
DA:429,1
DA:437,1
DA:438,0
DA:439,1
DA:440,0
DA:441,1
DA:442,1
DA:443,1
DA:447,0
DA:449,0
DA:467,3
DA:475,1
DA:476,1
DA:477,1
DA:478,1
DA:479,1
DA:480,1
DA:481,2
DA:482,1
DA:487,1
DA:488,1
DA:489,1
DA:490,1
DA:491,1
DA:492,1
DA:497,1
DA:498,1
DA:500,1
DA:501,2
DA:503,7
DA:506,2
DA:509,4
DA:511,0
DA:512,0
DA:515,3
DA:516,3
DA:520,0
DA:522,0
LF:179
LH:140
end_of_record
SF:lib/features/notification/domain/entities/notification_schedule.dart
DA:17,2
DA:20,1
DA:21,1
DA:22,3
DA:26,1
DA:27,7
DA:31,1
DA:32,1
DA:33,6
DA:37,1
DA:38,1
DA:39,6
DA:41,1
DA:44,1
DA:49,1
DA:50,3
DA:54,1
DA:55,1
DA:56,1
DA:57,1
DA:61,0
DA:63,0
DA:66,1
DA:69,0
DA:70,0
DA:71,0
DA:74,0
DA:75,0
DA:94,1
DA:111,1
DA:112,1
DA:113,1
DA:114,1
DA:115,1
DA:116,1
DA:117,2
DA:118,2
DA:121,1
DA:122,1
DA:123,0
DA:125,0
DA:127,1
DA:128,1
DA:131,1
DA:134,1
DA:135,3
DA:136,0
DA:140,1
DA:144,3
DA:145,1
DA:146,2
DA:153,0
DA:155,3
DA:156,2
DA:158,1
DA:159,1
DA:160,0
DA:166,1
DA:167,1
DA:168,1
DA:169,1
DA:170,2
DA:171,2
DA:175,0
DA:176,0
DA:177,0
DA:179,0
DA:180,0
DA:184,1
DA:189,1
DA:190,1
DA:191,2
DA:192,1
DA:193,2
DA:194,2
DA:197,0
DA:201,0
DA:203,0
DA:206,0
DA:212,1
DA:213,2
DA:214,1
DA:220,0
DA:235,0
DA:236,0
DA:237,0
DA:238,0
DA:239,0
DA:240,0
DA:241,0
DA:242,0
DA:243,0
DA:244,0
DA:245,0
DA:246,0
DA:247,0
DA:248,0
DA:253,1
DA:254,1
DA:255,1
DA:256,1
DA:257,1
DA:258,2
DA:259,2
DA:260,2
DA:261,1
DA:262,1
DA:263,1
DA:264,2
DA:265,2
DA:266,2
DA:267,1
DA:272,1
DA:273,1
DA:274,1
DA:275,1
DA:276,1
DA:277,5
DA:278,1
DA:279,4
DA:281,2
DA:282,1
DA:283,2
DA:285,1
DA:286,1
DA:287,1
DA:288,2
DA:290,1
DA:291,2
DA:293,2
DA:294,1
DA:295,2
DA:300,0
DA:302,0
DA:305,0
DA:308,0
DA:311,0
DA:312,0
LF:138
LH:96
end_of_record
SF:lib/features/notification/domain/entities/notification_stats.dart
DA:29,1
DA:47,4
DA:50,0
DA:53,1
DA:54,2
DA:55,5
DA:59,1
DA:60,2
DA:61,3
DA:65,0
DA:81,0
DA:82,0
DA:83,0
DA:84,0
DA:85,0
DA:86,0
DA:87,0
DA:88,0
DA:89,0
DA:90,0
DA:91,0
DA:92,0
DA:93,0
DA:94,0
DA:95,0
DA:100,1
DA:101,1
DA:102,1
DA:103,1
DA:104,2
DA:105,2
DA:106,1
DA:107,1
DA:108,1
DA:109,1
DA:110,1
DA:111,1
DA:112,1
DA:113,1
DA:114,1
DA:115,1
DA:120,1
DA:121,1
DA:122,1
DA:123,1
DA:124,5
DA:125,2
DA:126,1
DA:127,1
DA:128,1
DA:129,1
DA:130,1
DA:131,2
DA:132,2
DA:133,2
DA:134,2
DA:135,1
DA:136,2
DA:141,0
DA:143,0
DA:146,0
DA:149,0
DA:152,0
DA:153,0
DA:165,1
DA:175,6
DA:178,6
DA:181,6
DA:184,1
DA:185,2
DA:186,5
DA:187,3
DA:191,1
DA:192,2
DA:193,5
DA:194,3
DA:198,1
DA:199,2
DA:200,5
DA:201,3
DA:205,1
DA:206,2
DA:211,3
DA:212,1
DA:213,1
DA:216,5
DA:217,1
DA:218,1
DA:220,1
DA:228,1
DA:229,1
DA:230,1
DA:231,2
DA:232,2
DA:233,5
DA:234,2
DA:235,1
DA:236,6
DA:238,1
DA:243,1
DA:244,1
DA:245,3
DA:246,1
DA:248,1
DA:249,1
DA:251,2
DA:252,1
DA:253,4
DA:255,1
DA:256,3
DA:257,1
DA:258,1
DA:261,1
DA:262,1
DA:263,2
DA:264,2
DA:267,2
DA:284,1
DA:297,1
DA:298,2
DA:299,3
DA:303,1
DA:304,2
DA:305,3
DA:309,1
DA:310,2
DA:311,3
DA:315,1
DA:316,2
DA:321,3
DA:322,2
DA:323,1
DA:324,1
DA:332,1
DA:333,1
DA:334,1
DA:335,2
DA:336,1
DA:337,1
DA:338,1
DA:339,1
DA:340,2
DA:341,3
DA:343,1
DA:344,1
DA:349,1
DA:350,1
DA:352,1
DA:354,2
DA:355,1
DA:356,4
DA:358,2
DA:361,1
DA:362,1
DA:363,2
DA:364,1
DA:365,1
DA:366,1
DA:367,1
DA:369,2
DA:370,2
DA:380,0
DA:381,0
DA:383,0
DA:384,0
DA:385,0
DA:386,0
DA:388,0
DA:389,0
DA:390,0
DA:391,0
DA:392,0
DA:393,0
DA:394,0
DA:395,0
DA:396,0
DA:397,0
LF:177
LH:138
end_of_record
SF:lib/features/notification/domain/entities/notification_template.dart
DA:28,1
DA:44,1
DA:49,2
DA:50,2
DA:52,2
DA:53,2
DA:55,1
DA:56,3
DA:59,1
DA:61,1
DA:67,1
DA:70,2
DA:71,4
DA:75,2
DA:76,1
DA:77,2
DA:85,1
DA:87,2
DA:88,2
DA:96,1
DA:97,3
DA:101,1
DA:115,1
DA:116,1
DA:117,0
DA:118,1
DA:119,1
DA:120,1
DA:121,1
DA:122,1
DA:123,1
DA:124,1
DA:125,0
DA:126,1
DA:127,1
DA:132,1
DA:133,1
DA:134,1
DA:135,1
DA:136,1
DA:137,2
DA:138,2
DA:139,1
DA:140,1
DA:141,1
DA:142,1
DA:143,1
DA:144,2
DA:145,2
DA:150,1
DA:151,1
DA:152,1
DA:153,1
DA:154,1
DA:155,5
DA:156,1
DA:157,4
DA:159,1
DA:160,1
DA:161,2
DA:162,2
DA:163,1
DA:164,2
DA:165,1
DA:166,2
DA:171,0
DA:173,0
DA:176,0
DA:179,0
DA:182,0
DA:183,0
DA:189,1
DA:190,1
DA:192,1
DA:200,1
DA:201,1
DA:202,1
DA:206,1
DA:214,1
DA:215,1
DA:216,1
DA:220,1
DA:228,1
DA:229,1
DA:230,1
DA:234,1
DA:242,1
DA:243,1
DA:248,1
DA:252,1
DA:261,1
DA:262,1
DA:268,1
DA:272,1
DA:280,1
DA:281,1
DA:282,1
DA:288,1
DA:292,5
DA:296,1
DA:301,4
DA:302,1
DA:306,1
DA:309,4
LF:104
LH:96
end_of_record
SF:lib/features/pet_registor/data/providers/pet_providers.g.dart
DA:9,1
DA:15,3
DA:28,1
DA:32,0
DA:34,1
DA:36,2
DA:38,4
DA:39,2
DA:42,1
DA:44,4
DA:46,2
DA:47,4
DA:64,8
DA:69,1
DA:70,1
DA:73,0
DA:75,0
DA:80,0
DA:85,0
DA:89,0
DA:100,1
DA:101,1
DA:102,2
DA:113,1
DA:121,1
DA:125,0
DA:129,0
DA:131,0
DA:132,0
DA:133,0
DA:138,0
DA:143,1
DA:145,1
DA:148,1
DA:150,4
DA:153,1
DA:155,3
DA:156,3
DA:158,1
DA:172,1
DA:174,0
DA:175,0
DA:178,1
DA:184,2
DA:185,1
DA:199,1
DA:206,2
DA:207,1
LF:48
LH:34
end_of_record
SF:lib/features/pet_registor/data/providers/pet_providers.dart
DA:11,1
DA:13,1
DA:19,1
DA:21,3
DA:22,1
DA:26,1
DA:27,1
DA:28,3
DA:29,3
DA:30,1
DA:35,0
DA:36,0
DA:37,0
DA:38,0
DA:43,0
DA:44,0
DA:45,0
DA:46,0
DA:50,0
DA:51,0
DA:52,0
DA:53,0
DA:58,1
DA:60,2
DA:61,1
DA:67,1
DA:73,1
DA:74,1
DA:78,1
DA:79,1
LF:30
LH:18
end_of_record
SF:lib/features/pet_registor/data/repositories/pet_repository_impl.dart
DA:9,3
DA:12,3
DA:14,3
DA:17,3
DA:19,3
DA:21,12
DA:27,2
DA:30,2
DA:32,2
DA:33,2
DA:34,2
DA:38,2
DA:41,2
DA:44,2
DA:46,4
DA:49,2
DA:51,0
DA:57,2
DA:60,2
DA:63,0
DA:65,0
DA:69,2
DA:72,2
DA:76,2
DA:79,2
DA:84,2
DA:87,2
LF:27
LH:24
end_of_record
SF:lib/shared/mock_data/features/pet/pet_mock_data.dart
DA:13,9
DA:14,3
DA:19,3
DA:20,3
DA:22,6
DA:23,3
DA:25,3
DA:30,3
DA:31,3
DA:32,3
DA:35,3
DA:38,3
DA:43,3
DA:44,3
DA:46,6
DA:47,3
DA:49,3
DA:54,3
DA:55,3
DA:56,3
DA:59,3
DA:65,3
DA:66,6
DA:70,2
DA:71,4
DA:76,2
DA:77,12
DA:78,4
DA:79,4
DA:86,0
DA:87,0
DA:88,0
DA:89,0
DA:96,0
DA:98,0
DA:105,0
DA:106,0
DA:107,0
DA:112,0
DA:117,0
DA:122,0
DA:127,0
DA:132,0
DA:137,0
DA:142,0
DA:147,0
DA:152,0
DA:161,0
DA:162,0
DA:163,0
DA:168,0
DA:173,0
DA:178,0
DA:183,0
DA:188,0
DA:197,0
DA:198,0
DA:199,0
DA:207,0
DA:215,0
DA:223,0
DA:235,0
DA:236,0
DA:246,0
DA:257,0
DA:259,0
DA:261,0
DA:269,0
DA:270,0
DA:271,0
DA:275,0
DA:277,0
DA:281,0
DA:283,0
DA:287,0
DA:293,0
DA:294,0
DA:295,0
DA:300,0
DA:305,0
LF:80
LH:29
end_of_record
SF:lib/shared/services/user_experience_service.dart
DA:7,2
DA:8,1
DA:9,2
DA:10,1
DA:16,0
DA:22,0
DA:41,1
DA:43,1
DA:48,1
DA:51,1
DA:52,1
DA:56,1
DA:60,0
DA:66,1
DA:72,1
DA:75,1
DA:80,0
DA:81,0
DA:85,0
DA:86,0
DA:90,0
DA:91,0
DA:95,0
DA:96,0
DA:102,0
DA:103,0
DA:107,0
DA:108,0
DA:112,0
DA:113,0
DA:117,0
DA:118,0
DA:122,1
DA:123,5
DA:126,4
DA:131,1
DA:132,2
DA:133,3
DA:136,3
DA:141,1
DA:142,1
DA:144,2
DA:148,3
DA:151,3
DA:152,0
DA:156,2
DA:161,1
DA:162,2
DA:165,3
DA:166,0
DA:170,3
DA:175,1
DA:176,2
DA:179,3
DA:180,0
DA:184,3
DA:189,1
DA:190,1
DA:191,2
DA:192,2
DA:193,3
DA:195,2
DA:196,2
DA:197,2
DA:198,1
DA:199,1
DA:204,1
DA:205,1
DA:206,3
DA:210,1
DA:211,2
DA:216,3
DA:217,2
DA:218,1
DA:219,1
DA:227,1
DA:228,2
DA:233,3
DA:234,2
DA:235,1
DA:236,1
DA:244,1
DA:245,1
DA:246,1
DA:247,1
DA:248,1
DA:249,1
DA:254,1
DA:255,3
DA:256,5
DA:258,5
DA:262,1
DA:263,1
DA:264,2
DA:265,2
DA:267,6
DA:272,1
DA:273,1
DA:275,2
DA:276,1
DA:278,0
DA:281,2
DA:282,1
DA:284,0
DA:291,1
DA:292,2
DA:294,5
DA:295,2
DA:296,2
DA:299,2
DA:303,1
DA:304,1
DA:305,1
DA:308,1
DA:309,1
DA:312,1
DA:313,1
DA:314,0
DA:318,1
DA:319,1
DA:320,1
DA:327,1
DA:328,1
DA:331,2
DA:336,1
DA:337,1
DA:340,2
DA:345,1
DA:346,2
DA:347,2
DA:348,2
DA:349,2
DA:350,2
DA:353,1
DA:358,1
DA:359,2
DA:360,2
DA:361,2
DA:362,2
DA:363,2
DA:364,2
DA:365,2
DA:368,1
LF:143
LH:118
end_of_record
SF:lib/shared/services/performance_optimizer_service.dart
DA:8,2
DA:9,1
DA:10,2
DA:11,1
DA:26,1
DA:28,1
DA:33,1
DA:36,1
DA:39,1
DA:42,1
DA:46,0
DA:52,1
DA:53,1
DA:54,2
DA:55,0
DA:60,0
DA:63,0
DA:64,0
DA:67,0
DA:68,0
DA:72,0
DA:74,0
DA:78,0
DA:82,0
DA:88,0
DA:91,0
DA:95,1
DA:97,1
DA:102,1
DA:105,1
DA:108,1
DA:111,1
DA:115,0
DA:121,1
DA:124,3
DA:125,3
DA:128,1
DA:132,0
DA:138,1
DA:140,3
DA:141,3
DA:144,1
DA:148,0
DA:154,1
DA:155,1
DA:160,1
DA:163,1
DA:167,0
DA:173,1
DA:178,1
DA:182,0
DA:188,1
DA:193,1
DA:197,0
DA:203,1
DA:204,1
DA:205,2
DA:206,0
DA:208,2
DA:209,3
DA:211,3
DA:212,1
DA:217,1
DA:218,2
DA:222,1
DA:223,2
DA:225,0
DA:226,0
DA:230,1
DA:231,3
DA:233,0
DA:234,0
DA:236,0
DA:238,0
DA:239,0
DA:241,0
DA:242,0
DA:247,1
DA:249,1
DA:253,1
DA:256,1
DA:259,0
DA:263,0
DA:269,1
DA:272,2
DA:273,1
DA:274,1
DA:275,1
DA:279,0
DA:285,1
DA:287,1
DA:291,1
DA:293,1
DA:297,1
DA:299,1
DA:303,1
DA:304,2
DA:305,2
DA:308,1
LF:99
LH:67
end_of_record
SF:lib/features/notification/data/services/notification_service.dart
DA:17,3
DA:18,2
DA:19,1
DA:29,0
DA:30,0
DA:33,1
DA:34,2
DA:55,2
DA:57,1
DA:61,0
DA:66,0
DA:79,0
DA:80,0
DA:82,0
DA:88,0
DA:90,0
DA:95,0
DA:96,0
DA:101,0
DA:102,0
DA:110,0
DA:113,0
DA:116,0
DA:119,0
DA:124,0
DA:151,0
DA:152,0
DA:153,0
DA:154,0
DA:156,0
DA:160,0
DA:161,0
DA:162,0
DA:163,0
DA:165,0
DA:171,0
DA:172,0
DA:174,0
DA:175,0
DA:178,0
DA:181,0
DA:182,0
DA:186,0
DA:193,0
DA:197,0
DA:198,0
DA:199,0
DA:204,0
DA:208,0
DA:209,0
DA:210,0
DA:212,0
DA:213,0
DA:215,0
DA:216,0
DA:218,0
DA:219,0
DA:221,0
DA:222,0
DA:224,0
DA:225,0
DA:228,0
DA:234,0
DA:238,0
DA:239,0
DA:242,0
DA:245,0
DA:247,0
DA:254,0
DA:255,0
DA:259,0
DA:261,0
DA:264,0
DA:265,0
DA:266,0
DA:268,0
DA:269,0
DA:271,0
DA:272,0
DA:274,0
DA:275,0
DA:283,0
DA:285,0
DA:289,0
DA:290,0
DA:292,0
DA:297,0
DA:299,0
DA:300,0
DA:301,0
DA:303,0
DA:304,0
DA:306,0
DA:307,0
DA:309,0
DA:310,0
DA:312,0
DA:313,0
DA:316,0
DA:322,0
DA:324,0
DA:325,0
DA:329,0
DA:330,0
DA:332,0
DA:337,0
DA:338,0
DA:340,0
DA:345,0
DA:346,0
DA:348,0
DA:353,0
DA:354,0
DA:356,0
DA:361,0
DA:362,0
DA:364,0
DA:369,0
DA:370,0
DA:372,0
DA:377,0
DA:385,0
DA:388,0
DA:389,0
DA:390,0
DA:391,0
DA:393,0
DA:396,0
DA:398,0
DA:401,0
DA:403,0
DA:408,0
DA:410,0
DA:411,0
DA:414,0
DA:416,0
DA:417,0
DA:419,0
DA:426,0
DA:429,0
DA:430,0
DA:433,0
DA:436,0
DA:442,0
DA:444,0
DA:445,0
DA:447,0
DA:449,0
DA:450,0
DA:451,0
DA:457,0
DA:459,0
DA:462,0
DA:468,0
DA:470,0
DA:471,0
DA:473,0
DA:475,0
DA:476,0
DA:477,0
DA:483,0
DA:485,0
DA:489,0
DA:490,0
DA:494,0
DA:499,0
DA:505,1
DA:507,1
DA:508,1
DA:509,2
DA:512,2
DA:518,0
DA:519,0
DA:523,0
DA:525,0
DA:528,0
DA:531,0
DA:538,0
DA:541,0
DA:544,0
DA:551,0
DA:553,0
DA:554,0
DA:560,0
DA:568,0
DA:569,0
LF:186
LH:12
end_of_record
SF:lib/shared/services/performance_monitor_service.dart
DA:9,2
DA:10,1
DA:11,2
DA:12,1
DA:20,3
DA:23,1
DA:24,1
DA:25,2
DA:28,3
DA:29,1
DA:33,3
DA:38,1
DA:39,2
DA:40,1
DA:43,1
DA:48,1
DA:49,2
DA:52,1
DA:54,1
DA:56,0
DA:57,0
DA:58,0
DA:59,0
DA:60,0
DA:61,0
DA:64,0
DA:67,0
DA:70,0
DA:75,0
DA:83,0
DA:87,0
DA:88,0
DA:91,0
DA:98,0
DA:105,0
DA:109,0
DA:110,0
DA:113,0
DA:120,0
DA:127,0
DA:128,0
DA:131,0
DA:133,0
DA:134,0
DA:137,0
DA:144,0
DA:146,0
DA:147,0
DA:150,0
DA:157,0
DA:158,0
DA:163,0
DA:165,0
DA:170,0
DA:173,0
DA:182,3
DA:185,1
DA:186,3
DA:187,2
DA:189,0
DA:193,1
DA:194,2
DA:198,1
DA:199,2
DA:200,1
DA:201,1
DA:202,1
DA:210,0
DA:211,0
DA:214,0
DA:215,0
DA:217,0
DA:218,0
DA:219,0
DA:222,0
DA:223,0
DA:224,0
DA:229,1
DA:230,1
DA:231,2
DA:232,2
DA:244,1
DA:252,1
DA:254,1
DA:255,1
DA:256,2
DA:257,2
DA:258,2
DA:259,1
DA:281,1
DA:288,1
DA:290,1
DA:291,1
DA:292,1
DA:293,1
DA:305,1
DA:313,1
DA:315,1
DA:316,1
DA:317,2
DA:318,2
DA:319,1
LF:102
LH:55
end_of_record
SF:lib/app/controllers/base_controller.dart
DA:23,0
DA:24,0
DA:32,0
DA:33,0
DA:43,0
DA:48,0
DA:57,0
DA:58,0
DA:62,0
DA:67,0
DA:68,0
DA:69,0
DA:76,0
DA:77,0
DA:78,0
DA:84,0
DA:85,0
DA:86,0
DA:92,0
DA:93,0
DA:94,0
DA:102,0
DA:103,0
DA:104,0
DA:105,0
DA:114,0
DA:115,0
DA:116,0
DA:117,0
DA:124,0
DA:125,0
DA:128,0
DA:129,0
DA:131,0
DA:134,0
DA:135,0
DA:137,0
DA:140,0
DA:141,0
DA:143,0
DA:145,0
DA:150,0
DA:155,0
DA:159,0
DA:160,0
DA:166,0
DA:172,0
DA:175,0
DA:178,0
DA:182,0
DA:184,0
DA:190,0
DA:197,0
DA:199,0
DA:201,0
DA:202,0
DA:205,0
DA:206,0
DA:209,0
LF:59
LH:0
end_of_record
SF:lib/shared/services/error_service.dart
DA:5,0
DA:6,0
DA:7,0
DA:10,0
DA:13,0
DA:15,0
DA:20,0
DA:24,0
DA:25,0
DA:27,0
DA:28,0
DA:29,0
DA:31,0
DA:33,0
DA:35,0
DA:37,0
DA:45,0
DA:51,0
DA:52,0
DA:54,0
DA:55,0
DA:57,0
DA:58,0
DA:60,0
DA:61,0
DA:66,0
DA:68,0
DA:72,0
DA:74,0
DA:77,0
DA:80,0
DA:82,0
DA:84,0
DA:88,0
DA:91,0
DA:93,0
DA:95,0
DA:99,0
DA:103,0
DA:109,0
DA:110,0
DA:112,0
DA:114,0
DA:115,0
DA:116,0
DA:124,0
DA:126,0
DA:127,0
DA:128,0
DA:129,0
DA:149,0
DA:151,0
DA:152,0
DA:158,0
DA:160,0
DA:161,0
DA:167,0
DA:169,0
DA:170,0
DA:176,0
DA:178,0
DA:179,0
DA:185,0
DA:187,0
DA:188,0
DA:194,0
DA:196,0
DA:197,0
DA:204,0
DA:206,0
DA:208,0
LF:71
LH:0
end_of_record
SF:lib/app/router/app_router.dart
DA:77,0
DA:78,0
DA:81,0
DA:83,0
DA:86,0
DA:89,0
DA:92,0
DA:95,0
LF:8
LH:0
end_of_record
SF:lib/app/router/routes/auth_routes.dart
DA:11,0
DA:12,0
DA:15,0
DA:17,0
DA:20,0
DA:22,0
DA:25,0
LF:7
LH:0
end_of_record
SF:lib/app/router/routes/pet_routes.dart
DA:14,0
DA:16,0
DA:19,0
DA:21,0
DA:24,0
DA:26,0
DA:29,0
DA:31,0
DA:34,0
DA:36,0
DA:39,0
DA:41,0
DA:44,0
DA:46,0
DA:49,0
DA:51,0
DA:54,0
DA:58,0
DA:61,0
DA:62,0
DA:63,0
DA:68,0
DA:71,0
DA:73,0
DA:74,0
DA:77,0
DA:80,0
DA:81,0
DA:82,0
DA:85,0
DA:88,0
DA:92,0
DA:95,0
LF:33
LH:0
end_of_record
SF:lib/features/pet_activities/presentation/screens/learn_trick_screen.dart
DA:8,5
DA:10,0
DA:11,0
DA:15,0
DA:17,0
DA:20,0
DA:22,0
DA:24,0
DA:26,0
DA:30,0
DA:37,0
DA:38,0
DA:40,0
DA:41,0
DA:43,0
DA:50,0
DA:52,0
DA:54,0
DA:55,0
DA:61,0
DA:67,0
DA:73,0
DA:86,0
DA:87,0
DA:89,0
DA:90,0
DA:92,0
DA:99,0
DA:106,0
DA:113,0
DA:120,0
DA:130,0
DA:136,0
DA:139,0
DA:140,0
DA:141,0
DA:142,0
DA:144,0
DA:146,0
DA:147,0
DA:150,0
DA:151,0
DA:152,0
DA:161,0
DA:163,0
DA:169,0
DA:171,0
DA:176,0
DA:177,0
DA:179,0
DA:182,0
DA:184,0
DA:196,0
DA:202,0
DA:203,0
DA:204,0
DA:205,0
DA:207,0
DA:208,0
DA:209,0
DA:212,0
DA:213,0
DA:214,0
DA:216,0
DA:219,0
DA:220,0
DA:222,0
DA:223,0
DA:225,0
DA:231,0
DA:233,0
DA:252,0
DA:254,0
DA:255,0
DA:256,0
DA:262,0
DA:264,0
DA:265,0
DA:266,0
LF:79
LH:1
end_of_record
SF:lib/features/pet_profile/presentation/screens/vaccine_screen.dart
DA:9,0
DA:11,0
DA:12,0
DA:18,0
DA:19,0
DA:21,0
DA:23,0
DA:24,0
DA:27,0
DA:29,0
DA:31,0
DA:33,0
DA:35,0
DA:37,0
DA:44,0
DA:46,0
DA:59,0
DA:60,0
DA:62,0
DA:64,0
DA:65,0
DA:67,0
DA:68,0
DA:69,0
DA:71,0
DA:72,0
DA:73,0
DA:74,0
DA:80,0
DA:81,0
DA:82,0
DA:84,0
DA:85,0
DA:103,0
DA:106,0
DA:108,0
DA:121,0
DA:122,0
DA:124,0
DA:125,0
DA:126,0
DA:127,0
DA:129,0
DA:131,0
DA:133,0
DA:137,0
DA:139,0
DA:147,0
DA:149,0
DA:157,0
DA:158,0
DA:167,0
DA:168,0
DA:170,0
DA:172,0
DA:173,0
DA:174,0
DA:175,0
DA:181,0
DA:182,0
DA:183,0
DA:185,0
DA:186,0
DA:187,0
DA:192,0
DA:193,0
DA:196,0
DA:197,0
DA:198,0
DA:201,0
DA:202,0
DA:203,0
DA:216,0
DA:217,0
DA:218,0
DA:221,0
DA:222,0
DA:227,0
DA:228,0
DA:230,0
DA:234,0
DA:235,0
DA:236,0
DA:240,0
DA:241,0
DA:243,0
DA:245,0
DA:247,0
DA:248,0
DA:249,0
DA:258,0
DA:259,0
DA:260,0
DA:266,0
DA:267,0
DA:269,0
DA:271,0
DA:277,0
DA:279,0
DA:285,0
DA:290,0
DA:292,0
DA:298,0
DA:299,0
DA:300,0
DA:301,0
DA:310,0
DA:312,0
DA:314,0
DA:315,0
DA:316,0
DA:322,0
DA:323,0
DA:326,0
DA:328,0
DA:342,0
DA:343,0
DA:345,0
DA:346,0
DA:348,0
DA:354,0
DA:359,0
DA:360,0
DA:362,0
DA:364,0
DA:365,0
DA:367,0
DA:368,0
DA:371,0
DA:373,0
DA:383,0
DA:384,0
DA:386,0
DA:387,0
DA:388,0
DA:390,0
DA:391,0
DA:398,0
DA:399,0
DA:401,0
DA:402,0
DA:404,0
DA:409,0
DA:411,0
DA:412,0
LF:145
LH:0
end_of_record
SF:lib/app/router/routes/shell_routes.dart
DA:29,0
DA:30,0
DA:31,0
DA:33,0
DA:35,0
DA:38,0
DA:39,0
DA:41,0
DA:44,0
DA:47,0
DA:58,0
DA:61,0
DA:63,0
DA:64,0
DA:67,0
DA:70,0
DA:72,0
DA:75,0
DA:77,0
DA:80,0
DA:83,0
DA:86,0
DA:92,0
DA:95,0
DA:96,0
DA:97,0
DA:100,0
DA:101,0
DA:102,0
DA:104,0
DA:105,0
DA:108,0
DA:110,0
DA:112,0
DA:113,0
DA:115,0
DA:117,0
DA:118,0
DA:120,0
DA:121,0
DA:131,0
DA:134,0
DA:136,0
DA:139,0
DA:140,0
DA:141,0
DA:144,0
DA:147,0
DA:149,0
DA:152,0
DA:154,0
DA:157,0
DA:159,0
DA:162,0
DA:168,0
DA:171,0
DA:172,0
DA:174,0
DA:177,0
DA:180,0
DA:183,0
DA:189,0
DA:192,0
DA:194,0
DA:196,0
DA:199,0
DA:200,0
DA:206,0
DA:213,0
DA:216,0
DA:220,0
DA:223,0
DA:224,0
DA:225,0
DA:228,0
DA:230,0
DA:233,0
DA:235,0
DA:238,0
DA:239,0
DA:240,0
DA:243,0
DA:246,0
DA:247,0
DA:248,0
DA:255,0
DA:258,0
DA:259,0
DA:260,0
DA:263,0
DA:265,0
DA:268,0
DA:270,0
DA:273,0
DA:275,0
DA:278,0
DA:288,0
DA:291,0
LF:98
LH:0
end_of_record
SF:lib/app/router/routes/splash_shell_routes.dart
DA:21,0
DA:22,0
DA:26,0
DA:28,0
DA:31,0
DA:35,0
DA:38,0
LF:7
LH:0
end_of_record
SF:lib/app/router/routes/standalone_routes.dart
DA:19,0
DA:21,0
DA:24,0
DA:27,0
DA:30,0
DA:32,0
DA:35,0
DA:36,0
DA:37,0
DA:38,0
DA:39,0
DA:43,0
DA:46,0
DA:47,0
DA:48,0
DA:49,0
DA:50,0
DA:54,0
DA:57,0
DA:59,0
DA:62,0
DA:63,0
DA:64,0
DA:67,0
DA:70,0
DA:73,0
DA:76,0
DA:78,0
DA:81,0
DA:82,0
DA:83,0
LF:31
LH:0
end_of_record
SF:lib/features/ai/presentation/screens/ai_chat_history_list_screen.dart
DA:8,5
DA:10,0
DA:12,0
DA:25,0
DA:27,0
DA:28,0
DA:29,0
DA:30,0
DA:31,0
DA:32,0
DA:33,0
DA:34,0
DA:35,0
DA:38,0
DA:40,0
DA:41,0
DA:42,0
DA:43,0
DA:46,0
DA:47,0
DA:48,0
DA:49,0
DA:50,0
DA:51,0
DA:53,0
DA:54,0
DA:55,0
DA:57,0
DA:58,0
DA:59,0
DA:64,0
DA:65,0
DA:66,0
DA:67,0
DA:68,0
DA:70,0
DA:71,0
DA:72,0
DA:73,0
DA:76,0
DA:78,0
DA:80,0
DA:82,0
DA:83,0
DA:88,0
DA:89,0
DA:90,0
DA:92,0
DA:94,0
DA:95,0
DA:98,0
DA:99,0
DA:100,0
DA:104,0
DA:107,0
DA:122,0
DA:124,0
DA:125,0
DA:126,0
DA:132,0
DA:133,0
DA:134,0
DA:135,0
DA:138,0
DA:139,0
DA:149,0
DA:150,0
DA:151,0
DA:152,0
DA:153,0
DA:154,0
DA:164,0
DA:165,0
DA:166,0
DA:168,0
DA:169,0
DA:174,0
DA:175,0
DA:182,0
DA:183,0
DA:184,0
DA:193,0
DA:194,0
DA:195,0
DA:196,0
DA:197,0
DA:198,0
DA:202,0
DA:203,0
DA:204,0
DA:205,0
DA:213,0
DA:214,0
DA:215,0
DA:217,0
DA:218,0
DA:219,0
DA:221,0
DA:224,0
DA:225,0
DA:226,0
DA:229,0
DA:230,0
DA:234,0
DA:244,0
DA:245,0
DA:249,0
DA:250,0
DA:252,0
DA:253,0
DA:254,0
DA:255,0
DA:257,0
DA:259,0
DA:261,0
DA:262,0
DA:263,0
DA:264,0
DA:265,0
DA:268,0
DA:269,0
DA:271,0
DA:272,0
DA:273,0
DA:274,0
DA:280,0
DA:281,0
DA:288,0
DA:289,0
DA:290,0
DA:295,0
DA:300,0
DA:301,0
DA:302,0
DA:303,0
DA:307,0
DA:308,0
DA:309,0
DA:310,0
DA:320,0
DA:321,0
DA:328,0
DA:329,0
DA:330,0
DA:339,0
DA:340,0
DA:341,0
DA:344,0
DA:347,0
DA:348,0
DA:349,0
DA:354,0
DA:357,0
DA:360,0
DA:361,0
DA:362,0
DA:375,0
DA:376,0
DA:378,0
DA:379,0
DA:380,0
DA:382,0
DA:386,0
DA:387,0
DA:388,0
DA:390,0
DA:392,0
DA:393,0
DA:394,0
DA:395,0
DA:396,0
DA:398,0
DA:399,0
DA:401,0
DA:405,0
DA:406,0
DA:407,0
DA:408,0
DA:411,0
DA:412,0
DA:414,0
DA:415,0
DA:418,0
DA:421,0
DA:422,0
DA:423,0
DA:424,0
DA:428,0
DA:429,0
DA:432,0
DA:433,0
DA:434,0
DA:435,0
DA:436,0
DA:442,0
DA:445,0
DA:448,0
DA:449,0
DA:450,0
DA:452,0
DA:453,0
DA:456,0
DA:459,0
DA:461,0
DA:464,0
DA:465,0
DA:467,0
DA:473,0
DA:474,0
DA:475,0
DA:477,0
DA:479,0
DA:490,0
DA:491,0
DA:492,0
DA:493,0
DA:494,0
LF:217
LH:1
end_of_record
SF:lib/features/ai/presentation/screens/ai_chat_screen.dart
DA:11,5
DA:13,0
DA:14,0
DA:22,0
DA:24,0
DA:25,0
DA:28,0
DA:29,0
DA:33,0
DA:35,0
DA:36,0
DA:37,0
DA:38,0
DA:41,0
DA:43,0
DA:45,0
DA:46,0
DA:50,0
DA:51,0
DA:52,0
DA:54,0
DA:55,0
DA:56,0
DA:59,0
DA:64,0
DA:65,0
DA:67,0
DA:70,0
DA:73,0
DA:76,0
DA:79,0
DA:80,0
DA:81,0
DA:82,0
DA:83,0
DA:91,0
DA:92,0
DA:95,0
DA:96,0
DA:97,0
DA:98,0
DA:99,0
DA:100,0
DA:101,0
DA:107,0
DA:108,0
DA:109,0
DA:110,0
DA:111,0
DA:112,0
DA:113,0
DA:116,0
DA:117,0
DA:118,0
DA:119,0
DA:124,0
DA:125,0
DA:128,0
DA:129,0
DA:132,0
DA:133,0
DA:134,0
DA:135,0
DA:136,0
DA:139,0
DA:141,0
DA:144,0
DA:147,0
DA:149,0
DA:150,0
DA:152,0
DA:157,0
DA:158,0
DA:159,0
DA:161,0
DA:163,0
DA:175,0
DA:179,0
DA:180,0
DA:184,0
DA:187,0
DA:188,0
DA:189,0
DA:190,0
DA:194,0
DA:195,0
DA:197,0
DA:198,0
DA:202,0
DA:203,0
DA:207,0
DA:208,0
DA:214,0
DA:223,0
DA:224,0
DA:225,0
DA:226,0
DA:227,0
DA:228,0
DA:232,0
DA:236,0
DA:237,0
DA:238,0
DA:239,0
DA:243,0
DA:246,0
DA:247,0
DA:248,0
DA:249,0
DA:250,0
DA:252,0
DA:253,0
DA:254,0
DA:255,0
DA:257,0
DA:260,0
DA:261,0
DA:262,0
DA:263,0
DA:265,0
DA:266,0
DA:267,0
DA:273,0
DA:276,0
DA:277,0
DA:278,0
DA:279,0
DA:280,0
DA:281,0
DA:282,0
DA:283,0
DA:287,0
DA:291,0
DA:292,0
DA:294,0
DA:295,0
DA:296,0
DA:297,0
DA:298,0
DA:299,0
DA:302,0
DA:306,0
DA:307,0
DA:308,0
DA:309,0
DA:310,0
DA:311,0
DA:314,0
DA:318,0
DA:325,0
DA:328,0
DA:331,0
DA:332,0
DA:333,0
DA:334,0
DA:335,0
DA:336,0
DA:338,0
DA:340,0
DA:342,0
DA:343,0
DA:347,0
DA:348,0
DA:349,0
DA:353,0
DA:354,0
DA:358,0
DA:359,0
DA:365,0
DA:366,0
DA:367,0
DA:369,0
DA:370,0
DA:371,0
DA:373,0
DA:374,0
DA:375,0
DA:381,0
DA:382,0
DA:383,0
DA:384,0
DA:385,0
DA:394,0
DA:395,0
DA:398,0
DA:399,0
DA:407,0
DA:409,0
DA:414,0
DA:419,0
DA:424,0
DA:425,0
DA:430,0
LF:193
LH:1
end_of_record
SF:lib/features/ai/presentation/screens/ai_favorite_messages_screen.dart
DA:12,5
DA:14,0
DA:16,0
DA:19,0
DA:22,0
DA:24,0
DA:26,0
DA:28,0
DA:29,0
DA:30,0
DA:31,0
DA:37,0
DA:38,0
DA:39,0
DA:40,0
DA:46,0
DA:49,0
DA:51,0
DA:52,0
DA:53,0
DA:54,0
DA:56,0
DA:60,0
DA:61,0
DA:67,0
DA:68,0
DA:69,0
DA:71,0
DA:72,0
DA:74,0
DA:75,0
DA:78,0
DA:81,0
DA:85,0
DA:87,0
DA:93,0
DA:95,0
DA:103,0
DA:107,0
DA:109,0
DA:111,0
DA:112,0
DA:113,0
DA:114,0
DA:115,0
DA:117,0
DA:122,0
DA:127,0
DA:130,0
DA:131,0
DA:133,0
DA:134,0
DA:135,0
DA:136,0
DA:139,0
DA:141,0
DA:142,0
DA:143,0
DA:145,0
DA:146,0
DA:147,0
DA:149,0
DA:150,0
DA:153,0
DA:154,0
DA:160,0
DA:161,0
DA:163,0
DA:164,0
DA:165,0
DA:166,0
DA:167,0
DA:175,0
DA:176,0
DA:177,0
DA:178,0
DA:183,0
DA:184,0
DA:185,0
DA:187,0
DA:189,0
DA:196,0
DA:197,0
DA:198,0
DA:207,0
DA:209,0
DA:213,0
DA:215,0
DA:217,0
DA:222,0
DA:223,0
DA:224,0
DA:225,0
DA:239,0
DA:241,0
DA:242,0
DA:255,0
DA:256,0
DA:260,0
DA:261,0
DA:262,0
DA:263,0
DA:264,0
DA:269,0
DA:271,0
DA:275,0
DA:284,0
DA:289,0
DA:290,0
DA:291,0
DA:293,0
DA:295,0
DA:296,0
DA:297,0
DA:300,0
DA:301,0
DA:302,0
DA:308,0
DA:309,0
DA:310,0
DA:316,0
DA:318,0
DA:320,0
DA:321,0
DA:322,0
DA:324,0
DA:325,0
DA:326,0
DA:335,0
DA:337,0
DA:344,0
DA:345,0
DA:346,0
DA:348,0
DA:349,0
DA:350,0
DA:363,0
DA:366,0
DA:367,0
DA:368,0
DA:369,0
DA:370,0
DA:374,0
DA:375,0
DA:376,0
DA:385,0
DA:386,0
DA:393,0
DA:394,0
DA:395,0
DA:399,0
DA:401,0
DA:402,0
DA:407,0
DA:408,0
DA:409,0
DA:413,0
DA:414,0
DA:415,0
DA:425,0
DA:427,0
DA:429,0
DA:430,0
DA:432,0
DA:450,0
DA:451,0
DA:458,0
DA:460,0
DA:461,0
DA:463,0
DA:465,0
DA:467,0
DA:468,0
DA:469,0
DA:471,0
DA:472,0
DA:473,0
DA:475,0
DA:483,0
DA:485,0
DA:494,0
DA:497,0
DA:499,0
DA:500,0
DA:501,0
DA:505,0
DA:506,0
DA:507,0
DA:515,0
DA:518,0
DA:519,0
DA:520,0
DA:521,0
DA:525,0
DA:527,0
DA:528,0
DA:536,0
DA:537,0
DA:538,0
DA:542,0
DA:564,0
DA:565,0
DA:566,0
DA:567,0
DA:568,0
DA:569,0
DA:572,0
DA:574,0
DA:578,0
DA:580,0
DA:582,0
DA:583,0
DA:584,0
DA:585,0
DA:587,0
DA:590,0
DA:591,0
DA:592,0
DA:593,0
DA:595,0
DA:599,0
DA:601,0
DA:609,0
DA:610,0
DA:612,0
DA:613,0
DA:614,0
DA:617,0
DA:619,0
DA:623,0
DA:625,0
DA:627,0
DA:628,0
DA:629,0
DA:630,0
DA:632,0
DA:635,0
DA:636,0
DA:637,0
DA:638,0
DA:640,0
DA:644,0
DA:646,0
DA:654,0
DA:655,0
DA:656,0
DA:659,0
DA:660,0
DA:661,0
DA:664,0
DA:665,0
DA:670,0
DA:671,0
DA:672,0
DA:673,0
DA:678,0
DA:680,0
DA:682,0
DA:684,0
DA:687,0
DA:688,0
DA:689,0
DA:691,0
DA:693,0
DA:694,0
DA:695,0
DA:696,0
DA:697,0
DA:698,0
DA:700,0
DA:704,0
DA:705,0
DA:708,0
DA:709,0
DA:710,0
DA:713,0
LF:276
LH:1
end_of_record
SF:lib/features/scheduling/presentation/screens/today_appointments_screen.dart
DA:12,5
DA:14,0
DA:17,0
DA:18,0
DA:19,0
DA:22,0
DA:25,0
DA:27,0
DA:29,0
DA:31,0
DA:34,0
DA:36,0
DA:37,0
DA:38,0
DA:39,0
DA:45,0
DA:46,0
DA:47,0
DA:48,0
DA:49,0
DA:51,0
DA:52,0
DA:53,0
DA:62,0
DA:63,0
DA:65,0
DA:66,0
DA:68,0
DA:74,0
DA:75,0
DA:76,0
DA:83,0
DA:88,0
DA:89,0
DA:90,0
DA:92,0
DA:93,0
DA:94,0
DA:109,0
DA:110,0
DA:112,0
DA:113,0
DA:114,0
DA:115,0
DA:116,0
DA:117,0
DA:130,0
DA:131,0
DA:132,0
DA:133,0
DA:135,0
DA:136,0
DA:139,0
DA:140,0
DA:141,0
DA:150,0
DA:152,0
DA:158,0
DA:160,0
DA:168,0
DA:172,0
DA:173,0
DA:183,0
DA:193,0
DA:195,0
DA:197,0
DA:198,0
DA:199,0
DA:200,0
DA:206,0
DA:208,0
DA:210,0
DA:212,0
DA:213,0
DA:214,0
DA:216,0
DA:217,0
DA:218,0
DA:219,0
DA:220,0
DA:222,0
DA:223,0
DA:224,0
DA:229,0
DA:230,0
DA:232,0
DA:233,0
DA:234,0
DA:235,0
DA:240,0
DA:241,0
DA:242,0
DA:249,0
DA:254,0
DA:255,0
DA:256,0
DA:258,0
DA:260,0
DA:261,0
DA:263,0
DA:265,0
DA:279,0
DA:280,0
DA:281,0
DA:287,0
DA:288,0
DA:291,0
DA:292,0
DA:293,0
DA:305,0
DA:307,0
DA:308,0
DA:310,0
DA:312,0
DA:319,0
DA:321,0
DA:322,0
DA:324,0
DA:326,0
LF:119
LH:1
end_of_record
SF:lib/shared/mock_data/features/scheduling/scheduling_mock_service.dart
DA:9,0
DA:10,0
DA:11,0
DA:12,0
DA:20,0
DA:21,0
DA:23,0
DA:24,0
DA:32,0
DA:33,0
DA:35,0
DA:36,0
DA:44,0
DA:45,0
DA:51,0
DA:52,0
DA:53,0
DA:57,0
DA:58,0
DA:60,0
DA:61,0
DA:62,0
DA:66,0
DA:67,0
DA:72,0
DA:73,0
DA:77,0
DA:88,0
DA:89,0
DA:92,0
DA:93,0
DA:94,0
DA:95,0
DA:99,0
DA:100,0
DA:106,0
DA:115,0
DA:116,0
DA:120,0
DA:121,0
DA:122,0
DA:124,0
DA:125,0
DA:126,0
DA:128,0
DA:129,0
DA:130,0
DA:140,0
DA:141,0
DA:146,0
DA:149,0
DA:150,0
DA:151,0
DA:153,0
DA:156,0
DA:157,0
DA:159,0
DA:163,0
DA:172,0
DA:173,0
DA:177,0
DA:178,0
DA:179,0
DA:181,0
DA:182,0
DA:183,0
DA:184,0
DA:186,0
DA:187,0
DA:188,0
DA:189,0
DA:190,0
DA:204,0
DA:205,0
DA:209,0
DA:210,0
DA:214,0
DA:217,0
DA:218,0
DA:219,0
DA:224,0
DA:225,0
DA:231,0
DA:236,0
DA:237,0
DA:241,0
DA:242,0
DA:244,0
DA:245,0
DA:246,0
DA:248,0
DA:249,0
DA:250,0
DA:251,0
DA:261,0
DA:262,0
DA:272,0
DA:273,0
DA:285,0
DA:289,0
DA:291,0
DA:292,0
DA:293,0
DA:295,0
DA:296,0
DA:297,0
DA:298,0
DA:299,0
DA:309,0
DA:310,0
DA:311,0
DA:317,0
DA:323,0
DA:333,0
DA:334,0
DA:335,0
DA:341,0
DA:342,0
DA:351,0
DA:353,0
DA:357,0
DA:359,0
DA:363,0
DA:364,0
DA:365,0
DA:366,0
DA:367,0
DA:368,0
DA:373,0
DA:374,0
DA:375,0
DA:376,0
DA:379,0
DA:386,0
DA:387,0
DA:390,0
DA:397,0
DA:398,0
DA:401,0
DA:412,0
DA:413,0
DA:414,0
DA:415,0
DA:423,0
DA:425,0
DA:426,0
DA:434,0
DA:440,0
DA:441,0
DA:442,0
DA:448,0
DA:449,0
DA:450,0
DA:451,0
DA:452,0
DA:454,0
DA:459,0
DA:469,0
DA:470,0
DA:471,0
DA:477,0
DA:483,0
DA:488,0
DA:489,0
LF:164
LH:0
end_of_record
SF:lib/shared/widgets/navigation/main_navigation_screen.dart
DA:10,0
DA:12,0
DA:14,0
DA:18,0
DA:19,0
DA:22,0
DA:23,0
DA:26,0
DA:28,0
DA:30,0
DA:32,0
DA:34,0
DA:41,0
DA:43,0
DA:44,0
DA:46,0
DA:47,0
DA:49,0
DA:50,0
DA:52,0
DA:53,0
DA:55,0
DA:56,0
DA:61,0
DA:63,0
DA:64,0
DA:65,0
DA:66,0
DA:67,0
LF:29
LH:0
end_of_record
SF:lib/features/notification/presentation/screens/notification_detail_screen.dart
DA:17,0
DA:19,0
DA:21,0
DA:30,0
DA:32,0
DA:33,0
DA:34,0
DA:36,0
DA:37,0
DA:38,0
DA:40,0
DA:43,0
DA:45,0
DA:46,0
DA:49,0
DA:50,0
DA:53,0
DA:54,0
DA:57,0
DA:59,0
DA:60,0
DA:61,0
DA:66,0
DA:67,0
DA:70,0
DA:71,0
DA:73,0
DA:74,0
DA:75,0
DA:76,0
DA:84,0
DA:85,0
DA:88,0
DA:89,0
DA:93,0
DA:94,0
DA:96,0
DA:100,0
DA:101,0
DA:103,0
DA:107,0
DA:109,0
DA:117,0
DA:126,0
DA:129,0
DA:130,0
DA:132,0
DA:134,0
DA:136,0
DA:140,0
DA:142,0
DA:148,0
DA:150,0
DA:151,0
LF:54
LH:0
end_of_record
SF:lib/features/notification/presentation/screens/notification_list_screen.dart
DA:12,5
DA:14,0
DA:16,0
DA:25,0
DA:27,0
DA:28,0
DA:29,0
DA:32,0
DA:34,0
DA:36,0
DA:39,0
DA:41,0
DA:42,0
DA:46,0
DA:47,0
DA:48,0
DA:49,0
DA:50,0
DA:55,0
DA:56,0
DA:57,0
DA:61,0
DA:63,0
DA:66,0
DA:67,0
DA:69,0
DA:72,0
DA:75,0
DA:87,0
DA:90,0
DA:91,0
DA:92,0
DA:95,0
DA:98,0
DA:99,0
DA:102,0
LF:36
LH:1
end_of_record
SF:lib/features/pet_activities/presentation/screens/all_tricks_screen.dart
DA:14,5
DA:16,0
DA:17,0
DA:25,0
DA:27,0
DA:28,0
DA:31,0
DA:35,0
DA:37,0
DA:38,0
DA:42,0
DA:44,0
DA:45,0
DA:46,0
DA:47,0
DA:48,0
DA:52,0
DA:58,0
DA:61,0
DA:63,0
DA:64,0
DA:65,0
DA:66,0
DA:68,0
DA:74,0
DA:76,0
DA:78,0
DA:83,0
DA:84,0
DA:85,0
DA:90,0
DA:91,0
DA:93,0
DA:96,0
DA:97,0
DA:98,0
DA:102,0
DA:103,0
DA:113,0
DA:114,0
DA:115,0
DA:117,0
DA:118,0
DA:120,0
DA:123,0
DA:128,0
DA:129,0
DA:131,0
DA:132,0
DA:134,0
DA:135,0
DA:136,0
DA:139,0
DA:140,0
DA:142,0
DA:143,0
DA:144,0
DA:145,0
DA:152,0
DA:153,0
DA:161,0
DA:162,0
DA:163,0
DA:171,0
DA:177,0
DA:185,0
DA:187,0
DA:188,0
DA:189,0
DA:190,0
DA:192,0
DA:193,0
DA:194,0
DA:195,0
DA:204,0
DA:205,0
DA:206,0
DA:209,0
DA:210,0
DA:211,0
DA:214,0
DA:219,0
DA:224,0
DA:225,0
DA:226,0
DA:227,0
DA:229,0
DA:230,0
DA:233,0
DA:236,0
DA:238,0
DA:239,0
DA:243,0
DA:245,0
DA:246,0
DA:254,0
DA:256,0
DA:257,0
DA:258,0
DA:259,0
DA:261,0
DA:266,0
DA:267,0
DA:269,0
DA:271,0
DA:273,0
DA:280,0
DA:282,0
DA:284,0
DA:285,0
DA:287,0
DA:288,0
DA:289,0
DA:292,0
DA:294,0
DA:298,0
DA:299,0
DA:300,0
DA:306,0
DA:307,0
DA:308,0
DA:309,0
DA:318,0
DA:319,0
DA:321,0
DA:323,0
DA:324,0
DA:329,0
DA:330,0
DA:335,0
DA:336,0
DA:337,0
DA:338,0
DA:342,0
DA:344,0
DA:345,0
DA:346,0
DA:353,0
DA:361,0
DA:363,0
DA:365,0
DA:366,0
DA:367,0
DA:369,0
DA:371,0
DA:372,0
DA:373,0
DA:375,0
DA:378,0
DA:380,0
DA:382,0
DA:383,0
DA:384,0
DA:385,0
DA:386,0
DA:392,0
DA:393,0
DA:402,0
DA:405,0
DA:406,0
DA:407,0
DA:408,0
DA:410,0
DA:418,0
DA:423,0
DA:424,0
DA:425,0
DA:426,0
DA:427,0
DA:429,0
DA:430,0
DA:431,0
DA:432,0
DA:441,0
DA:442,0
DA:444,0
DA:450,0
DA:451,0
DA:452,0
DA:453,0
DA:461,0
DA:462,0
DA:463,0
DA:464,0
DA:465,0
DA:466,0
DA:471,0
DA:472,0
DA:475,0
DA:477,0
DA:485,0
DA:486,0
DA:487,0
DA:488,0
DA:489,0
DA:491,0
DA:497,0
DA:498,0
DA:501,0
DA:503,0
DA:517,0
DA:518,0
DA:519,0
DA:521,0
DA:523,0
LF:205
LH:1
end_of_record
SF:lib/features/pet_activities/presentation/screens/youtube_training_videos_screen.dart
DA:17,0
DA:19,0
DA:21,0
DA:30,0
DA:32,0
DA:33,0
DA:34,0
DA:37,0
DA:38,0
DA:41,0
DA:42,0
DA:43,0
DA:44,0
DA:48,0
DA:49,0
DA:50,0
DA:51,0
DA:52,0
DA:53,0
DA:55,0
DA:59,0
DA:61,0
DA:62,0
DA:64,0
DA:65,0
DA:66,0
DA:68,0
DA:69,0
DA:70,0
DA:71,0
DA:76,0
DA:77,0
DA:78,0
DA:81,0
DA:82,0
DA:83,0
DA:84,0
DA:85,0
DA:86,0
DA:92,0
DA:94,0
DA:96,0
DA:99,0
DA:100,0
DA:102,0
DA:105,0
DA:108,0
DA:111,0
DA:112,0
DA:113,0
DA:114,0
DA:115,0
DA:116,0
DA:118,0
DA:125,0
DA:127,0
DA:132,0
DA:133,0
DA:146,0
DA:147,0
DA:149,0
DA:151,0
DA:152,0
DA:153,0
DA:154,0
DA:160,0
DA:170,0
DA:171,0
DA:172,0
DA:179,0
DA:181,0
DA:184,0
DA:185,0
DA:186,0
DA:190,0
DA:192,0
DA:195,0
DA:197,0
DA:198,0
DA:199,0
DA:200,0
DA:202,0
DA:204,0
DA:205,0
DA:207,0
DA:208,0
DA:210,0
DA:212,0
DA:216,0
DA:225,0
DA:230,0
DA:231,0
DA:232,0
DA:233,0
DA:234,0
DA:235,0
DA:236,0
DA:240,0
DA:241,0
DA:242,0
DA:243,0
DA:246,0
DA:247,0
DA:248,0
DA:250,0
DA:257,0
DA:258,0
DA:261,0
DA:262,0
DA:266,0
DA:267,0
DA:276,0
DA:278,0
DA:279,0
DA:280,0
DA:281,0
DA:283,0
DA:285,0
DA:286,0
DA:287,0
DA:294,0
DA:295,0
DA:296,0
DA:297,0
DA:299,0
DA:300,0
DA:301,0
DA:302,0
DA:305,0
DA:306,0
DA:307,0
DA:314,0
DA:315,0
DA:316,0
DA:320,0
DA:321,0
DA:324,0
DA:325,0
DA:328,0
DA:332,0
DA:333,0
LF:141
LH:0
end_of_record
SF:lib/features/pet_health/presentation/screens/weight_tracking_screen.dart
DA:12,5
DA:14,0
DA:16,0
DA:20,0
DA:22,0
DA:44,0
DA:45,0
DA:47,0
DA:63,0
DA:64,0
DA:66,0
DA:72,0
DA:73,0
DA:74,0
DA:77,0
DA:78,0
LF:16
LH:1
end_of_record
SF:lib/features/ai/data/providers/ai_providers.g.dart
DA:9,0
DA:17,0
LF:2
LH:0
end_of_record
SF:lib/features/ai/data/providers/ai_providers.dart
DA:14,0
DA:16,0
DA:17,0
DA:18,0
LF:4
LH:0
end_of_record
SF:lib/features/ai/data/repositories/ai_repository_impl.dart
DA:17,0
DA:23,0
DA:28,0
DA:29,0
DA:32,0
DA:36,0
DA:39,0
DA:42,0
DA:44,0
DA:45,0
DA:48,0
DA:52,0
DA:55,0
DA:59,0
DA:66,0
DA:67,0
DA:70,0
DA:76,0
DA:78,0
DA:79,0
DA:82,0
DA:86,0
DA:89,0
DA:93,0
DA:98,0
DA:102,0
DA:108,0
DA:109,0
DA:112,0
DA:124,0
DA:125,0
DA:130,0
DA:131,0
DA:132,0
DA:133,0
DA:134,0
DA:135,0
DA:136,0
DA:137,0
DA:141,0
DA:146,0
DA:150,0
DA:153,0
DA:154,0
DA:158,0
DA:163,0
DA:165,0
DA:167,0
DA:168,0
DA:172,0
DA:181,0
DA:183,0
DA:184,0
DA:189,0
DA:190,0
DA:195,0
DA:198,0
DA:202,0
DA:208,0
DA:210,0
DA:213,0
DA:218,0
DA:221,0
DA:229,0
DA:232,0
DA:233,0
DA:234,0
DA:236,0
DA:237,0
DA:238,0
DA:244,0
DA:245,0
DA:246,0
DA:251,0
DA:257,0
DA:259,0
DA:262,0
DA:265,0
DA:269,0
DA:272,0
DA:274,0
DA:277,0
DA:284,0
DA:287,0
DA:288,0
DA:289,0
DA:290,0
DA:292,0
DA:293,0
DA:294,0
DA:298,0
DA:304,0
DA:307,0
DA:310,0
DA:313,0
DA:318,0
DA:319,0
DA:320,0
DA:321,0
DA:323,0
DA:328,0
DA:329,0
DA:330,0
DA:331,0
LF:104
LH:0
end_of_record
SF:lib/features/ai/data/services/openai_service.dart
DA:17,0
DA:18,0
DA:19,0
DA:20,0
DA:21,0
DA:22,0
DA:25,0
DA:26,0
DA:27,0
DA:29,0
DA:30,0
DA:31,0
DA:32,0
DA:35,0
DA:37,0
DA:41,0
DA:42,0
DA:44,0
DA:46,0
DA:48,0
DA:55,0
DA:59,0
DA:61,0
DA:62,0
DA:67,0
DA:68,0
DA:71,0
DA:81,0
DA:85,0
DA:86,0
DA:88,0
DA:89,0
DA:91,0
DA:92,0
DA:93,0
DA:100,0
DA:101,0
DA:102,0
DA:104,0
DA:110,0
DA:114,0
DA:116,0
DA:117,0
DA:118,0
DA:121,0
DA:122,0
DA:123,0
DA:128,0
DA:129,0
DA:130,0
DA:131,0
DA:132,0
DA:135,0
DA:136,0
DA:143,0
DA:144,0
DA:145,0
DA:146,0
DA:149,0
DA:150,0
DA:161,0
DA:162,0
DA:163,0
DA:164,0
DA:165,0
DA:166,0
DA:167,0
DA:168,0
DA:169,0
DA:170,0
DA:171,0
DA:172,0
DA:173,0
DA:174,0
DA:175,0
DA:176,0
DA:177,0
DA:178,0
DA:180,0
DA:182,0
DA:187,0
DA:189,0
DA:191,0
DA:193,0
DA:195,0
DA:197,0
DA:199,0
DA:207,0
DA:217,0
DA:218,0
DA:219,0
DA:220,0
DA:221,0
DA:222,0
DA:223,0
DA:224,0
DA:225,0
DA:226,0
DA:230,0
DA:231,0
DA:233,0
DA:234,0
DA:238,0
DA:242,0
DA:243,0
DA:247,0
DA:249,0
DA:254,0
DA:256,0
LF:109
LH:0
end_of_record
SF:lib/features/ai/data/services/ai_mock_data_service_impl.dart
DA:12,0
DA:14,0
DA:17,0
DA:19,0
DA:22,0
DA:25,0
DA:27,0
DA:28,0
DA:29,0
DA:30,0
DA:31,0
DA:32,0
DA:33,0
DA:36,0
DA:39,0
DA:42,0
DA:46,0
DA:49,0
DA:52,0
DA:55,0
DA:58,0
DA:64,0
DA:68,0
DA:70,0
DA:72,0
DA:74,0
DA:76,0
DA:78,0
LF:28
LH:0
end_of_record
SF:lib/features/ai/data/services/ai_category_service.dart
DA:9,0
DA:10,0
DA:14,0
DA:15,0
DA:19,0
DA:20,0
LF:6
LH:0
end_of_record
SF:lib/shared/mock_data/features/ai/ai_categories_mock_data.dart
DA:10,0
DA:11,0
DA:72,0
DA:74,0
DA:75,0
DA:83,0
DA:85,0
DA:86,0
DA:94,0
DA:95,0
DA:96,0
DA:97,0
DA:101,0
DA:102,0
DA:106,0
DA:107,0
LF:16
LH:0
end_of_record
SF:lib/features/ai/domain/entities/ai_category_entity.dart
DA:11,10
DA:22,0
DA:24,0
LF:3
LH:1
end_of_record
SF:lib/features/ai/data/services/ai_keyword_service.dart
DA:8,0
DA:9,0
DA:13,0
DA:14,0
DA:18,0
DA:19,0
LF:6
LH:0
end_of_record
SF:lib/shared/mock_data/features/ai/ai_keywords_mock_data.dart
DA:6,0
DA:7,0
DA:52,0
DA:53,0
DA:96,0
DA:97,0
DA:98,0
DA:101,0
DA:106,0
DA:110,0
DA:111,0
DA:113,0
DA:114,0
DA:115,0
DA:116,0
DA:117,0
DA:118,0
DA:119,0
DA:120,0
DA:121,0
DA:122,0
DA:123,0
DA:130,0
DA:131,0
DA:133,0
DA:134,0
DA:135,0
DA:136,0
DA:137,0
DA:138,0
DA:139,0
DA:140,0
DA:141,0
DA:142,0
DA:143,0
DA:144,0
DA:145,0
DA:146,0
LF:38
LH:0
end_of_record
SF:lib/shared/mock_data/features/ai/ai_chat_messages_mock_data.dart
DA:8,0
DA:9,0
DA:10,0
DA:12,0
DA:16,0
DA:18,0
DA:22,0
DA:26,0
DA:30,0
DA:32,0
DA:36,0
DA:40,0
DA:44,0
DA:47,0
DA:51,0
DA:53,0
DA:70,0
DA:72,0
DA:76,0
DA:78,0
DA:94,0
DA:96,0
DA:100,0
DA:104,0
DA:108,0
DA:110,0
DA:130,0
DA:134,0
DA:138,0
DA:140,0
DA:167,0
LF:31
LH:0
end_of_record
SF:lib/shared/mock_data/features/ai/ai_mock_data.dart
DA:107,0
DA:108,0
DA:109,0
DA:110,0
DA:111,0
DA:115,0
DA:119,0
DA:120,0
DA:124,0
DA:125,0
DA:126,0
DA:127,0
DA:129,0
DA:134,0
DA:135,0
DA:136,0
DA:138,0
DA:139,0
DA:140,0
DA:147,0
DA:148,0
DA:152,0
DA:153,0
DA:154,0
DA:157,0
DA:158,0
DA:159,0
DA:166,0
DA:167,0
DA:168,0
DA:173,0
DA:178,0
DA:185,0
DA:188,0
DA:192,0
DA:193,0
LF:36
LH:0
end_of_record
SF:lib/app/config/app_config.dart
DA:76,0
DA:79,0
DA:80,0
DA:84,0
DA:87,0
DA:88,0
DA:89,0
DA:90,0
DA:91,0
DA:95,0
DA:96,0
DA:97,0
DA:98,0
DA:99,0
DA:100,0
DA:101,0
DA:104,0
DA:105,0
DA:106,0
DA:110,0
DA:115,0
DA:116,0
DA:117,0
DA:121,0
DA:122,0
DA:130,0
DA:131,0
DA:134,0
DA:135,0
DA:140,0
DA:150,0
DA:153,0
DA:156,0
DA:159,0
DA:162,0
DA:165,0
DA:168,0
DA:171,0
DA:174,0
DA:177,0
DA:180,0
DA:183,0
DA:186,0
DA:189,0
DA:192,0
DA:195,0
DA:198,0
DA:199,0
DA:201,0
DA:202,0
DA:204,0
DA:207,0
DA:208,0
DA:210,0
DA:211,0
DA:219,0
DA:222,0
DA:225,0
DA:228,0
DA:231,0
DA:234,0
DA:237,0
DA:240,0
DA:243,0
DA:246,0
DA:249,0
DA:252,0
DA:255,0
DA:258,0
DA:261,0
DA:264,0
DA:267,0
DA:268,0
DA:270,0
DA:271,0
DA:273,0
DA:276,0
DA:277,0
DA:279,0
DA:280,0
DA:288,0
DA:291,0
DA:294,0
DA:297,0
DA:300,0
DA:303,0
DA:306,0
DA:309,0
DA:312,0
DA:315,0
DA:318,0
DA:321,0
DA:324,0
DA:327,0
DA:330,0
DA:333,0
DA:336,0
DA:337,0
DA:339,0
DA:340,0
DA:342,0
DA:345,0
DA:346,0
DA:348,0
DA:349,0
DA:357,0
DA:360,0
DA:363,0
DA:366,0
DA:369,0
DA:372,0
DA:375,0
DA:378,0
DA:381,0
DA:384,0
DA:387,0
DA:390,0
DA:393,0
DA:396,0
DA:399,0
DA:402,0
DA:405,0
DA:408,0
DA:411,0
DA:414,0
DA:417,0
LF:126
LH:0
end_of_record
SF:lib/features/ai/data/services/pet_content_filter_service.dart
DA:11,0
DA:14,0
DA:16,0
DA:17,0
DA:18,0
DA:19,0
DA:21,0
DA:22,0
DA:26,0
DA:28,0
DA:36,0
DA:38,0
DA:43,0
DA:45,0
DA:56,0
DA:57,0
DA:60,0
DA:61,0
DA:73,0
DA:74,0
DA:75,0
DA:78,0
DA:80,0
DA:81,0
DA:84,0
DA:100,0
DA:101,0
DA:103,0
DA:104,0
DA:106,0
DA:107,0
DA:108,0
DA:109,0
DA:110,0
DA:121,0
DA:127,0
DA:129,0
DA:130,0
DA:131,0
DA:132,0
DA:135,0
DA:141,0
DA:157,0
DA:158,0
DA:159,0
DA:169,5
DA:175,0
DA:177,0
LF:48
LH:1
end_of_record
SF:lib/features/ai/domain/entities/ai_chat_history_entity.dart
DA:17,0
DA:29,0
DA:40,0
DA:41,0
DA:42,0
DA:43,0
DA:44,0
DA:45,0
DA:46,0
DA:47,0
DA:48,0
DA:49,0
DA:53,0
DA:56,0
DA:57,0
DA:58,0
DA:60,0
DA:61,0
LF:18
LH:0
end_of_record
SF:lib/features/ai/domain/entities/ai_message_entity.dart
DA:21,0
DA:32,0
DA:42,0
DA:43,0
DA:44,0
DA:45,0
DA:46,0
DA:47,0
DA:48,0
DA:49,0
DA:50,0
DA:55,0
DA:58,0
DA:61,0
DA:74,0
DA:84,0
DA:93,0
DA:94,0
DA:95,0
DA:96,0
DA:97,0
DA:98,0
DA:99,0
DA:100,0
DA:105,0
DA:106,0
DA:107,0
DA:111,0
DA:112,0
DA:116,0
DA:127,5
DA:151,0
LF:32
LH:1
end_of_record
SF:lib/features/ai/domain/entities/ai_chat_summary.dart
DA:6,0
DA:11,0
DA:15,0
DA:16,0
DA:17,0
DA:21,0
DA:24,0
DA:25,0
DA:26,0
DA:27,0
DA:29,0
DA:30,0
LF:12
LH:0
end_of_record
SF:lib/features/ai/domain/entities/ai_chat_summary_entity.dart
DA:17,0
DA:31,0
DA:44,0
DA:45,0
DA:46,0
DA:47,0
DA:48,0
DA:49,0
DA:50,0
DA:51,0
DA:52,0
DA:53,0
DA:54,0
DA:55,0
DA:59,0
DA:62,0
DA:63,0
DA:64,0
DA:66,0
DA:67,0
LF:20
LH:0
end_of_record
SF:lib/features/ai/domain/entities/ai_favorite_entity.dart
DA:14,0
DA:25,0
DA:35,0
DA:36,0
DA:37,0
DA:38,0
DA:39,0
DA:40,0
DA:41,0
DA:42,0
DA:43,0
DA:47,0
DA:50,0
DA:51,0
DA:52,0
DA:54,0
DA:55,0
LF:17
LH:0
end_of_record
SF:lib/features/ai/domain/entities/ai_favorite_qa_entity.dart
DA:14,0
DA:26,0
DA:27,0
DA:28,0
DA:29,0
DA:30,0
DA:31,0
DA:32,0
DA:33,0
DA:34,0
DA:35,0
DA:36,0
DA:41,0
DA:44,0
DA:49,0
DA:50,0
DA:51,0
DA:52,0
DA:54,0
DA:55,0
DA:56,0
DA:57,0
DA:62,0
DA:63,0
DA:64,0
DA:70,0
DA:71,0
DA:72,0
DA:78,0
DA:88,0
DA:89,0
DA:90,0
DA:91,0
DA:92,0
DA:93,0
DA:94,0
DA:95,0
DA:96,0
DA:100,0
DA:103,0
DA:106,0
DA:107,0
DA:109,0
DA:111,0
LF:44
LH:0
end_of_record
SF:lib/features/ai/presentation/controllers/ai_chat_controller.dart
DA:27,5
DA:40,0
DA:52,0
DA:53,0
DA:54,0
DA:55,0
DA:56,0
DA:57,0
DA:58,0
DA:59,0
DA:60,0
DA:61,0
DA:62,0
DA:70,0
DA:77,0
DA:78,0
DA:81,0
DA:84,0
DA:85,0
DA:87,0
DA:88,0
DA:97,0
DA:102,0
DA:105,0
DA:106,0
DA:107,0
DA:109,0
DA:113,0
DA:114,0
DA:116,0
DA:118,0
DA:121,0
DA:123,0
DA:129,0
DA:134,0
DA:136,0
DA:137,0
DA:138,0
DA:140,0
DA:144,0
DA:145,0
DA:146,0
DA:148,0
DA:150,0
DA:153,0
DA:155,0
DA:163,0
DA:165,0
DA:166,0
DA:167,0
DA:170,0
DA:173,0
DA:178,0
DA:179,0
DA:180,0
DA:182,0
DA:184,0
DA:185,0
DA:188,0
DA:192,0
DA:193,0
DA:194,0
DA:195,0
DA:196,0
DA:201,0
DA:202,0
DA:204,0
DA:205,0
DA:206,0
DA:207,0
DA:208,0
DA:209,0
DA:212,0
DA:215,0
DA:229,0
DA:230,0
DA:232,0
DA:235,0
DA:236,0
DA:237,0
DA:239,0
DA:242,0
DA:245,0
DA:249,0
DA:250,0
DA:251,0
DA:255,0
DA:257,0
DA:263,0
DA:268,0
DA:269,0
DA:270,0
DA:271,0
DA:272,0
DA:274,0
DA:281,0
DA:282,0
DA:283,0
DA:284,0
DA:289,0
DA:291,0
DA:293,0
DA:297,0
DA:300,0
DA:301,0
DA:302,0
DA:303,0
DA:304,0
DA:305,0
DA:306,0
DA:307,0
DA:309,0
DA:313,0
DA:315,0
DA:320,0
DA:321,0
DA:324,0
DA:325,0
DA:326,0
DA:327,0
DA:329,0
DA:330,0
DA:331,0
DA:332,0
DA:337,0
DA:339,0
DA:340,0
DA:344,0
DA:345,0
DA:346,0
DA:347,0
DA:349,0
DA:352,0
DA:358,0
DA:359,0
DA:363,0
DA:364,0
DA:367,0
DA:370,0
DA:373,0
DA:374,0
DA:376,0
DA:385,0
DA:388,0
DA:391,0
DA:392,0
DA:396,0
DA:397,0
DA:398,0
DA:399,0
DA:404,0
DA:405,0
DA:406,0
DA:410,0
DA:411,0
DA:413,0
DA:414,0
DA:415,0
DA:420,0
DA:421,0
DA:422,0
DA:423,0
DA:428,0
DA:431,0
DA:432,0
DA:435,0
DA:438,0
DA:441,0
DA:444,0
DA:447,0
DA:450,0
DA:453,0
DA:456,0
DA:457,0
DA:460,0
DA:461,0
DA:462,0
DA:466,0
DA:467,0
DA:468,0
DA:472,0
DA:473,0
DA:474,0
DA:475,0
DA:480,0
DA:481,0
DA:482,0
DA:483,0
LF:188
LH:1
end_of_record
SF:lib/features/ai/presentation/controllers/ai_chat_controller.g.dart
DA:9,0
DA:15,0
DA:16,0
LF:3
LH:0
end_of_record
SF:lib/features/ai/presentation/widgets/ai_category_selection.dart
DA:11,0
DA:18,0
DA:20,0
DA:22,0
DA:24,0
DA:25,0
DA:27,0
DA:33,0
DA:35,0
DA:40,0
DA:46,0
DA:47,0
DA:56,0
DA:57,0
DA:58,0
DA:59,0
DA:61,0
DA:66,0
DA:67,0
DA:68,0
DA:69,0
DA:71,0
DA:73,0
DA:75,0
DA:77,0
DA:78,0
DA:81,0
DA:83,0
DA:84,0
DA:85,0
DA:90,0
DA:91,0
DA:92,0
DA:99,0
DA:100,0
DA:101,0
DA:103,0
DA:104,0
DA:105,0
DA:107,0
DA:108,0
DA:109,0
DA:114,0
DA:115,0
DA:118,0
DA:119,0
DA:120,0
DA:121,0
DA:123,0
DA:131,0
DA:132,0
DA:133,0
LF:52
LH:0
end_of_record
SF:lib/features/ai/presentation/widgets/ai_category_selection_bubble.dart
DA:12,0
DA:18,0
DA:20,0
DA:22,0
DA:25,0
DA:27,0
DA:33,0
DA:43,0
DA:44,0
DA:46,0
DA:48,0
DA:51,0
DA:52,0
DA:53,0
DA:59,0
DA:62,0
DA:64,0
DA:66,0
DA:74,0
DA:76,0
DA:84,0
DA:89,0
DA:91,0
DA:104,0
DA:105,0
DA:108,0
DA:109,0
DA:110,0
DA:114,0
DA:115,0
DA:117,0
DA:118,0
DA:119,0
DA:124,0
DA:126,0
DA:127,0
DA:130,0
DA:133,0
DA:134,0
DA:135,0
DA:141,0
DA:143,0
DA:144,0
DA:145,0
DA:150,0
DA:151,0
DA:152,0
LF:47
LH:0
end_of_record
SF:lib/features/ai/presentation/widgets/ai_follow_up_questions_bubble.dart
DA:13,0
DA:20,0
DA:22,0
DA:24,0
DA:27,0
DA:29,0
DA:35,0
DA:45,0
DA:46,0
DA:48,0
DA:50,0
DA:52,0
DA:53,0
DA:54,0
DA:55,0
DA:61,0
DA:64,0
DA:66,0
DA:68,0
DA:76,0
DA:77,0
DA:78,0
DA:86,0
DA:91,0
DA:93,0
DA:106,0
DA:107,0
DA:109,0
DA:111,0
DA:112,0
DA:114,0
DA:120,0
DA:125,0
DA:127,0
DA:128,0
DA:129,0
DA:130,0
DA:131,0
DA:132,0
DA:133,0
DA:134,0
DA:135,0
DA:137,0
DA:141,0
DA:142,0
DA:144,0
DA:146,0
DA:147,0
DA:148,0
DA:149,0
DA:150,0
DA:151,0
DA:154,0
DA:155,0
DA:161,0
DA:163,0
DA:164,0
DA:165,0
DA:168,0
DA:169,0
DA:170,0
DA:176,0
DA:177,0
DA:178,0
DA:179,0
DA:181,0
DA:187,0
DA:190,0
LF:68
LH:0
end_of_record
SF:lib/features/ai/presentation/widgets/ai_message_bubble.dart
DA:17,0
DA:24,0
DA:26,0
DA:27,0
DA:29,0
DA:31,0
DA:36,0
DA:37,0
DA:38,0
DA:44,0
DA:53,0
DA:54,0
DA:55,0
DA:56,0
DA:58,0
DA:63,0
DA:65,0
DA:73,0
DA:74,0
DA:76,0
DA:77,0
DA:78,0
DA:84,0
DA:86,0
DA:88,0
DA:89,0
DA:90,0
DA:98,0
DA:100,0
DA:101,0
DA:102,0
DA:103,0
DA:107,0
DA:108,0
DA:120,0
DA:122,0
DA:129,0
DA:130,0
DA:132,0
DA:133,0
DA:134,0
DA:137,0
DA:139,0
DA:145,0
DA:147,0
DA:151,0
DA:152,0
DA:153,0
DA:154,0
DA:156,0
DA:161,0
DA:162,0
DA:163,0
DA:164,0
DA:166,0
DA:170,0
DA:172,0
DA:182,0
DA:183,0
DA:185,0
DA:186,0
DA:189,0
DA:190,0
DA:193,0
DA:194,0
DA:195,0
DA:196,0
DA:197,0
DA:198,0
DA:201,0
DA:202,0
DA:207,0
DA:209,0
DA:210,0
DA:217,0
DA:218,0
DA:219,0
DA:228,0
DA:229,0
DA:230,0
DA:232,0
DA:234,0
DA:235,0
DA:236,0
DA:237,0
DA:239,0
LF:86
LH:0
end_of_record
SF:lib/features/settings/data/providers/settings_providers.dart
DA:14,0
DA:16,0
DA:20,0
DA:22,0
DA:23,0
DA:26,0
DA:28,0
DA:29,0
DA:32,0
DA:34,0
DA:35,0
DA:38,0
DA:40,0
DA:41,0
DA:47,0
DA:49,0
DA:50,0
DA:54,0
DA:55,0
DA:56,0
DA:57,0
DA:58,0
DA:63,0
DA:64,0
DA:65,0
DA:67,0
DA:76,0
DA:78,0
DA:79,0
DA:83,0
DA:84,0
DA:85,0
DA:86,0
DA:87,0
DA:92,0
DA:93,0
DA:94,0
DA:96,0
LF:38
LH:0
end_of_record
SF:lib/features/settings/data/providers/settings_providers.g.dart
DA:9,0
DA:14,0
DA:15,0
DA:28,0
DA:33,0
DA:34,0
DA:48,0
DA:53,0
DA:54,0
DA:68,0
DA:73,0
DA:74,0
DA:88,0
DA:93,0
DA:94,0
DA:108,0
DA:113,0
DA:114,0
DA:128,0
DA:133,0
DA:134,0
LF:21
LH:0
end_of_record
SF:lib/features/ai/presentation/widgets/ai_message_input.dart
DA:11,0
DA:18,0
DA:20,0
DA:21,0
DA:25,0
DA:27,0
DA:29,0
DA:30,0
DA:31,0
DA:37,0
DA:38,0
DA:39,0
DA:40,0
DA:41,0
DA:42,0
DA:43,0
DA:45,0
DA:48,0
DA:49,0
DA:50,0
DA:51,0
DA:54,0
DA:55,0
DA:65,0
DA:69,0
DA:70,0
DA:71,0
DA:74,0
DA:75,0
DA:77,0
DA:78,0
LF:31
LH:0
end_of_record
SF:lib/features/ai/presentation/widgets/ai_pet_selection.dart
DA:13,0
DA:21,0
DA:23,0
DA:25,0
DA:27,0
DA:28,0
DA:29,0
DA:30,0
DA:36,0
DA:39,0
DA:40,0
DA:42,0
DA:49,0
DA:51,0
DA:52,0
DA:58,0
DA:59,0
DA:62,0
DA:63,0
DA:64,0
DA:66,0
DA:67,0
DA:68,0
DA:71,0
DA:74,0
DA:76,0
DA:82,0
DA:84,0
DA:85,0
DA:90,0
DA:91,0
DA:92,0
DA:95,0
DA:109,0
DA:110,0
DA:113,0
DA:117,0
DA:118,0
DA:120,0
DA:121,0
DA:122,0
DA:127,0
DA:129,0
DA:130,0
DA:133,0
DA:137,0
DA:138,0
DA:139,0
DA:146,0
DA:148,0
DA:149,0
DA:150,0
DA:152,0
DA:155,0
DA:156,0
DA:160,0
DA:161,0
DA:164,0
DA:165,0
DA:166,0
DA:167,0
DA:174,0
DA:175,0
DA:176,0
DA:178,0
DA:179,0
DA:190,0
DA:191,0
DA:193,0
DA:194,0
DA:195,0
DA:201,0
DA:203,0
DA:205,0
DA:206,0
DA:209,0
DA:213,0
DA:214,0
DA:215,0
DA:220,0
DA:223,0
DA:225,0
DA:228,0
LF:83
LH:0
end_of_record
SF:lib/features/ai/presentation/widgets/ai_pet_selection_bubble.dart
DA:12,0
DA:18,0
DA:20,0
DA:22,0
DA:25,0
DA:27,0
DA:33,0
DA:43,0
DA:44,0
DA:46,0
DA:48,0
DA:50,0
DA:51,0
DA:52,0
DA:53,0
DA:59,0
DA:62,0
DA:64,0
DA:66,0
DA:73,0
DA:75,0
DA:82,0
DA:84,0
DA:92,0
DA:93,0
DA:94,0
DA:95,0
DA:96,0
DA:101,0
DA:103,0
DA:111,0
DA:112,0
DA:113,0
DA:114,0
DA:115,0
DA:116,0
DA:118,0
DA:126,0
DA:128,0
DA:141,0
DA:142,0
DA:144,0
DA:146,0
DA:154,0
DA:155,0
DA:157,0
DA:158,0
DA:159,0
DA:161,0
DA:163,0
DA:164,0
DA:169,0
DA:170,0
DA:173,0
DA:174,0
DA:175,0
DA:177,0
DA:178,0
DA:179,0
DA:182,0
DA:185,0
DA:187,0
DA:193,0
DA:195,0
DA:196,0
DA:205,0
DA:206,0
DA:209,0
DA:213,0
DA:214,0
DA:216,0
DA:217,0
DA:218,0
DA:223,0
DA:225,0
DA:226,0
DA:229,0
DA:233,0
DA:234,0
DA:235,0
DA:242,0
DA:244,0
DA:245,0
DA:246,0
DA:248,0
DA:251,0
DA:252,0
DA:256,0
DA:257,0
DA:260,0
DA:261,0
DA:262,0
DA:263,0
DA:268,0
DA:269,0
DA:270,0
DA:272,0
DA:273,0
DA:284,0
DA:285,0
DA:287,0
DA:288,0
DA:289,0
DA:295,0
DA:297,0
DA:299,0
DA:300,0
DA:303,0
DA:307,0
DA:308,0
DA:309,0
DA:314,0
DA:317,0
DA:319,0
DA:322,0
LF:115
LH:0
end_of_record
SF:lib/features/ai/presentation/widgets/ai_question_request_bubble.dart
DA:13,0
DA:20,0
DA:22,0
DA:24,0
DA:27,0
DA:29,0
DA:35,0
DA:45,0
DA:46,0
DA:48,0
DA:50,0
DA:52,0
DA:53,0
DA:54,0
DA:55,0
DA:61,0
DA:64,0
DA:66,0
DA:67,0
DA:68,0
DA:76,0
DA:77,0
DA:78,0
DA:86,0
DA:91,0
DA:93,0
DA:106,0
DA:107,0
DA:109,0
DA:110,0
DA:111,0
DA:112,0
DA:113,0
DA:114,0
DA:115,0
DA:116,0
DA:117,0
DA:118,0
DA:119,0
DA:120,0
DA:121,0
DA:122,0
DA:123,0
DA:124,0
DA:125,0
DA:127,0
DA:131,0
DA:132,0
DA:133,0
DA:134,0
DA:136,0
DA:137,0
DA:138,0
DA:139,0
DA:140,0
DA:141,0
DA:142,0
DA:143,0
DA:144,0
DA:145,0
DA:146,0
DA:147,0
DA:148,0
DA:150,0
DA:154,0
DA:155,0
DA:158,0
DA:159,0
DA:162,0
DA:163,0
DA:164,0
DA:173,0
DA:174,0
DA:183,0
DA:184,0
DA:193,0
DA:194,0
DA:203,0
DA:204,0
DA:213,0
DA:214,0
DA:223,0
DA:224,0
DA:233,0
DA:234,0
DA:244,0
DA:255,0
DA:256,0
DA:257,0
DA:260,0
DA:262,0
DA:263,0
DA:264,0
DA:266,0
DA:268,0
DA:275,0
DA:277,0
DA:281,0
DA:283,0
DA:286,0
DA:287,0
DA:291,0
DA:293,0
DA:295,0
DA:297,0
DA:298,0
DA:299,0
DA:301,0
DA:302,0
DA:303,0
DA:304,0
DA:307,0
DA:308,0
DA:314,0
DA:316,0
DA:317,0
DA:318,0
DA:321,0
DA:322,0
DA:323,0
DA:329,0
DA:330,0
DA:331,0
DA:332,0
DA:334,0
LF:125
LH:0
end_of_record
SF:lib/features/ai/presentation/widgets/ai_suggested_questions.dart
DA:11,0
DA:17,0
DA:20,0
DA:21,0
DA:22,0
DA:25,0
DA:27,0
DA:29,0
DA:30,0
DA:32,0
DA:38,0
DA:41,0
DA:42,0
DA:43,0
DA:44,0
DA:45,0
DA:47,0
DA:52,0
DA:54,0
DA:55,0
DA:56,0
DA:59,0
DA:60,0
DA:61,0
DA:67,0
DA:69,0
DA:70,0
DA:71,0
DA:76,0
DA:77,0
DA:78,0
DA:79,0
DA:91,0
LF:33
LH:0
end_of_record
SF:lib/features/ai/presentation/widgets/ai_typing_indicator.dart
DA:7,5
DA:9,0
DA:10,0
DA:18,0
DA:20,0
DA:21,0
DA:23,0
DA:24,0
DA:29,0
DA:30,0
DA:31,0
DA:33,0
DA:36,0
DA:37,0
DA:38,0
DA:39,0
DA:45,0
DA:47,0
DA:48,0
DA:50,0
DA:53,0
DA:55,0
DA:57,0
DA:58,0
DA:59,0
DA:65,0
DA:73,0
DA:78,0
DA:80,0
DA:82,0
DA:83,0
DA:84,0
DA:85,0
DA:91,0
DA:93,0
DA:94,0
DA:96,0
DA:98,0
DA:107,0
DA:108,0
DA:109,0
DA:110,0
DA:111,0
DA:114,0
DA:115,0
LF:45
LH:1
end_of_record
SF:lib/features/auth/data/auth_providers.dart
DA:15,0
DA:17,0
DA:18,0
DA:26,0
DA:29,0
DA:30,0
DA:35,0
DA:38,0
DA:40,0
DA:48,0
DA:51,0
DA:52,0
DA:55,0
DA:56,0
DA:59,0
DA:60,0
DA:63,0
DA:64,0
DA:67,0
DA:68,0
DA:69,0
DA:73,0
DA:74,0
DA:78,0
DA:79,0
DA:82,0
DA:83,0
DA:87,0
DA:88,0
DA:89,0
DA:90,0
DA:93,0
DA:95,0
DA:96,0
DA:100,0
DA:103,0
DA:105,0
DA:108,0
DA:111,0
DA:112,0
DA:117,0
DA:120,0
DA:122,0
DA:124,0
DA:129,0
DA:131,0
DA:133,0
DA:138,0
DA:140,0
DA:143,0
DA:147,0
DA:148,0
DA:153,0
DA:156,0
DA:158,0
DA:163,0
DA:166,0
DA:167,0
DA:168,0
DA:169,0
DA:171,0
DA:173,0
DA:181,0
DA:182,0
DA:187,0
DA:189,0
DA:194,0
DA:198,0
DA:201,0
DA:202,0
DA:205,0
DA:206,0
LF:72
LH:0
end_of_record
SF:lib/features/auth/data/auth_providers.g.dart
DA:9,0
DA:13,0
DA:26,0
DA:30,0
DA:31,0
DA:44,0
DA:49,0
DA:50,0
DA:64,0
DA:69,0
DA:70,0
LF:11
LH:0
end_of_record
SF:lib/features/auth/data/repositories/auth_repository_impl.dart
DA:16,0
DA:23,0
DA:25,0
DA:31,0
DA:37,0
DA:38,0
DA:43,0
DA:47,0
DA:53,0
DA:59,0
DA:60,0
DA:65,0
DA:69,0
DA:72,0
DA:75,0
DA:76,0
DA:81,0
DA:85,0
DA:88,0
DA:91,0
DA:92,0
DA:97,0
DA:101,0
DA:104,0
DA:107,0
DA:108,0
DA:113,0
DA:117,0
DA:121,0
DA:124,0
DA:127,0
DA:132,0
DA:136,0
DA:137,0
DA:139,0
DA:143,0
DA:147,0
DA:156,0
DA:158,0
DA:161,0
DA:163,0
DA:166,0
DA:171,0
DA:177,0
DA:180,0
DA:181,0
DA:184,0
DA:190,0
DA:192,0
DA:196,0
DA:197,0
DA:199,0
DA:204,0
DA:205,0
DA:207,0
DA:212,0
DA:213,0
DA:215,0
DA:220,0
DA:221,0
DA:223,0
DA:228,0
DA:229,0
DA:231,0
DA:237,0
DA:242,0
DA:244,0
DA:247,0
DA:250,0
DA:253,0
DA:259,0
DA:271,0
DA:273,0
DA:274,0
DA:276,0
DA:277,0
DA:280,0
DA:287,0
DA:298,0
DA:300,0
DA:301,0
DA:302,0
DA:303,0
DA:304,0
DA:305,0
DA:306,0
DA:312,0
LF:87
LH:0
end_of_record
SF:lib/features/auth/data/repositories/firebase_auth_repository.dart
DA:16,0
DA:23,0
DA:24,0
DA:28,0
DA:29,0
DA:31,0
DA:33,0
DA:34,0
DA:36,0
DA:38,0
DA:40,0
DA:41,0
DA:42,0
DA:43,0
DA:45,0
DA:50,0
DA:52,0
DA:56,0
DA:63,0
DA:64,0
DA:68,0
DA:69,0
DA:71,0
DA:73,0
DA:74,0
DA:76,0
DA:78,0
DA:80,0
DA:81,0
DA:82,0
DA:83,0
DA:85,0
DA:91,0
DA:93,0
DA:97,0
DA:104,0
DA:105,0
DA:106,0
DA:110,0
DA:111,0
DA:113,0
DA:115,0
DA:117,0
DA:118,0
DA:119,0
DA:120,0
DA:122,0
DA:128,0
DA:130,0
DA:134,0
DA:141,0
DA:142,0
DA:144,0
DA:148,0
DA:149,0
DA:151,0
DA:153,0
DA:155,0
DA:156,0
DA:157,0
DA:158,0
DA:160,0
DA:166,0
DA:168,0
DA:172,0
DA:179,0
DA:180,0
DA:181,0
DA:185,0
DA:186,0
DA:188,0
DA:190,0
DA:192,0
DA:193,0
DA:194,0
DA:195,0
DA:197,0
DA:203,0
DA:205,0
DA:209,0
DA:214,0
DA:223,0
DA:234,0
DA:239,0
DA:240,0
DA:242,0
DA:244,0
DA:248,0
DA:253,0
DA:259,0
DA:267,0
DA:273,0
DA:278,0
LF:93
LH:0
end_of_record
SF:lib/features/auth/data/services/auth_config_service.dart
DA:8,0
DA:11,0
DA:14,0
DA:17,0
DA:18,0
DA:21,0
DA:24,0
DA:27,0
DA:30,0
DA:33,0
DA:36,0
DA:39,0
DA:42,0
DA:88,0
LF:14
LH:0
end_of_record
SF:lib/features/auth/domain/auth_form_state.dart
DA:13,5
DA:24,0
DA:34,0
DA:35,0
DA:36,0
DA:37,0
DA:38,0
DA:40,0
DA:41,0
DA:42,0
DA:47,0
DA:50,0
DA:51,0
DA:52,0
DA:53,0
DA:54,0
DA:55,0
DA:56,0
DA:57,0
DA:58,0
DA:61,0
DA:63,0
DA:64,0
DA:65,0
DA:66,0
DA:67,0
DA:68,0
DA:69,0
DA:70,0
LF:29
LH:1
end_of_record
SF:lib/features/auth/domain/repositories/auth_repository.dart
DA:50,0
DA:57,0
DA:58,0
DA:61,0
DA:62,0
DA:81,0
DA:92,0
DA:102,0
DA:103,0
DA:104,0
DA:105,0
DA:106,0
DA:107,0
DA:108,0
DA:109,0
DA:110,0
LF:16
LH:0
end_of_record
SF:lib/features/auth/domain/auth_constants.dart
DA:55,0
LF:1
LH:0
end_of_record
SF:lib/features/auth/domain/auth_error.dart
DA:3,5
DA:14,5
DA:16,0
DA:19,0
DA:28,0
DA:33,0
DA:34,0
DA:36,0
DA:37,0
DA:44,0
DA:46,0
DA:47,0
DA:49,0
DA:57,5
DA:59,0
DA:62,0
DA:63,0
DA:71,0
DA:76,0
DA:77,0
DA:79,0
DA:80,0
DA:87,0
DA:89,0
DA:91,0
DA:92,0
DA:94,0
DA:96,0
DA:98,0
DA:103,0
DA:104,0
DA:118,0
DA:120,0
DA:123,0
DA:124,0
DA:131,0
DA:133,0
DA:136,0
DA:142,0
DA:143,0
DA:148,0
DA:149,0
DA:150,0
DA:151,0
DA:156,0
DA:161,0
LF:46
LH:3
end_of_record
SF:lib/features/auth/domain/auth_state.dart
DA:12,0
DA:24,0
DA:35,0
DA:36,0
DA:37,0
DA:38,0
DA:39,0
DA:40,0
DA:42,0
DA:43,0
DA:44,0
DA:45,0
DA:49,0
DA:52,0
DA:53,0
DA:54,0
DA:55,0
DA:56,0
DA:57,0
DA:58,0
DA:59,0
DA:60,0
DA:61,0
DA:64,0
DA:66,0
DA:67,0
DA:68,0
DA:69,0
DA:70,0
DA:71,0
DA:72,0
DA:73,0
DA:74,0
LF:33
LH:0
end_of_record
SF:lib/features/auth/domain/auth_token.dart
DA:9,0
DA:17,0
DA:20,0
DA:21,0
DA:22,0
DA:25,0
DA:31,0
DA:32,0
DA:33,0
DA:34,0
DA:35,0
DA:40,0
DA:41,0
DA:42,0
DA:43,0
DA:44,0
DA:45,0
DA:50,0
DA:51,0
DA:52,0
DA:53,0
DA:54,0
DA:55,0
DA:59,0
DA:62,0
DA:63,0
DA:64,0
DA:65,0
DA:66,0
DA:69,0
DA:71,0
DA:72,0
DA:73,0
DA:74,0
LF:34
LH:0
end_of_record
SF:lib/features/auth/domain/result.dart
DA:6,0
DA:15,0
DA:16,0
DA:20,0
DA:23,0
DA:26,0
DA:27,0
DA:28,0
DA:32,0
DA:33,0
DA:34,0
DA:38,0
DA:41,0
DA:43,0
DA:44,0
DA:49,0
DA:51,0
DA:52,0
DA:57,0
DA:59,0
DA:60,0
DA:65,0
DA:70,0
DA:71,0
DA:79,0
DA:81,0
DA:84,0
DA:86,0
DA:87,0
DA:89,0
DA:90,0
DA:96,0
DA:98,0
DA:101,0
DA:103,0
DA:104,0
DA:106,0
DA:107,0
DA:114,0
DA:117,0
DA:118,0
DA:123,0
DA:128,0
DA:129,0
DA:137,0
DA:142,0
DA:143,0
DA:144,0
DA:145,0
DA:150,0
DA:155,0
DA:156,0
LF:52
LH:0
end_of_record
SF:lib/features/auth/presentation/controllers/auth_controller.dart
DA:15,0
DA:17,0
DA:19,0
DA:20,0
DA:23,0
DA:24,0
DA:27,0
DA:28,0
DA:31,0
DA:32,0
DA:33,0
DA:34,0
DA:37,0
DA:38,0
DA:42,0
DA:45,0
DA:46,0
DA:47,0
DA:48,0
DA:49,0
DA:51,0
DA:58,0
DA:60,0
DA:61,0
DA:66,0
DA:69,0
DA:70,0
DA:71,0
DA:72,0
DA:73,0
DA:75,0
DA:82,0
DA:84,0
DA:85,0
DA:90,0
DA:94,0
DA:96,0
DA:97,0
DA:102,0
DA:104,0
DA:105,0
DA:106,0
DA:108,0
DA:113,0
DA:115,0
DA:116,0
DA:117,0
DA:120,0
DA:126,0
DA:129,0
DA:132,0
DA:137,0
DA:139,0
DA:140,0
DA:145,0
DA:146,0
DA:149,0
DA:151,0
DA:152,0
DA:159,0
DA:163,0
DA:164,0
DA:167,0
DA:169,0
DA:170,0
DA:175,0
DA:177,0
DA:178,0
DA:185,0
DA:189,0
DA:190,0
LF:71
LH:0
end_of_record
SF:lib/features/auth/utils/auth_validator.dart
DA:6,0
DA:7,0
DA:8,0
DA:12,0
DA:13,0
DA:14,0
DA:18,0
DA:19,0
DA:20,0
DA:24,0
DA:25,0
DA:29,0
DA:30,0
DA:34,0
DA:35,0
DA:36,0
DA:38,0
DA:39,0
DA:45,0
DA:46,0
DA:47,0
DA:49,0
DA:50,0
DA:56,0
DA:57,0
DA:58,0
DA:60,0
DA:61,0
DA:67,0
DA:71,0
DA:72,0
DA:74,0
DA:75,0
DA:81,0
LF:34
LH:0
end_of_record
SF:lib/features/auth/presentation/screens/login_screen.dart
DA:17,5
DA:19,0
DA:20,0
DA:29,0
DA:31,0
DA:32,0
DA:35,0
DA:36,0
DA:37,0
DA:38,0
DA:41,0
DA:45,0
DA:47,0
DA:50,0
DA:51,0
DA:52,0
DA:53,0
DA:58,0
DA:63,0
DA:65,0
DA:66,0
DA:67,0
DA:71,0
DA:72,0
DA:74,0
DA:75,0
DA:77,0
DA:86,0
DA:87,0
DA:88,0
DA:102,0
DA:104,0
DA:106,0
DA:108,0
DA:109,0
DA:114,0
DA:116,0
DA:129,0
DA:130,0
DA:131,0
DA:132,0
DA:134,0
DA:136,0
DA:139,0
DA:140,0
DA:142,0
DA:152,0
DA:154,0
DA:155,0
DA:157,0
DA:158,0
DA:162,0
DA:164,0
DA:174,0
DA:175,0
DA:176,0
DA:177,0
DA:178,0
DA:183,0
DA:185,0
DA:190,0
DA:191,0
DA:192,0
DA:194,0
DA:196,0
DA:209,0
DA:211,0
DA:212,0
DA:213,0
DA:215,0
DA:226,0
DA:227,0
DA:231,0
DA:233,0
DA:237,0
DA:239,0
DA:243,0
DA:245,0
DA:249,0
DA:251,0
LF:80
LH:1
end_of_record
SF:lib/features/auth/presentation/widgets/auth_button.dart
DA:6,0
DA:21,0
DA:23,0
DA:25,0
DA:26,0
DA:27,0
DA:28,0
DA:29,0
DA:31,0
DA:32,0
DA:35,0
DA:36,0
DA:38,0
DA:39,0
DA:42,0
DA:44,0
DA:47,0
DA:48,0
DA:49,0
DA:51,0
LF:20
LH:0
end_of_record
SF:lib/features/auth/presentation/widgets/auth_divider.dart
DA:6,10
DA:10,0
DA:12,0
DA:14,0
DA:15,0
DA:16,0
DA:17,0
DA:19,0
DA:22,0
DA:24,0
DA:25,0
DA:26,0
DA:29,0
DA:30,0
DA:32,0
DA:39,0
DA:42,0
LF:17
LH:1
end_of_record
SF:lib/features/auth/presentation/widgets/auth_input_field.dart
DA:6,0
DA:25,0
DA:27,0
DA:29,0
DA:30,0
DA:31,0
DA:32,0
DA:33,0
DA:37,0
DA:38,0
DA:39,0
DA:40,0
DA:41,0
DA:42,0
DA:43,0
DA:44,0
DA:45,0
DA:46,0
DA:49,0
DA:50,0
DA:51,0
DA:52,0
DA:55,0
DA:56,0
DA:69,0
DA:70,0
LF:26
LH:0
end_of_record
SF:lib/features/auth/presentation/widgets/auth_logo.dart
DA:4,10
DA:17,0
DA:19,0
DA:20,0
DA:21,0
DA:22,0
DA:23,0
DA:24,0
DA:25,0
DA:26,0
DA:27,0
DA:29,0
LF:12
LH:1
end_of_record
SF:lib/features/auth/presentation/widgets/auth_password_field.dart
DA:6,0
DA:25,0
DA:27,0
DA:29,0
DA:30,0
DA:31,0
DA:32,0
DA:33,0
DA:37,0
DA:38,0
DA:39,0
DA:40,0
DA:41,0
DA:47,0
DA:48,0
DA:49,0
DA:53,0
DA:55,0
DA:56,0
DA:57,0
DA:58,0
DA:61,0
DA:62,0
DA:63,0
DA:64,0
DA:67,0
DA:68,0
DA:81,0
DA:82,0
LF:29
LH:0
end_of_record
SF:lib/features/auth/presentation/widgets/social_login_button.dart
DA:12,0
DA:19,0
DA:21,0
DA:24,0
DA:25,0
DA:26,0
DA:29,0
DA:30,0
DA:33,0
DA:34,0
DA:38,0
DA:49,0
DA:51,0
DA:52,0
DA:54,0
DA:55,0
DA:56,0
DA:67,0
DA:68,0
DA:69,0
DA:75,0
DA:76,0
DA:88,0
DA:90,0
DA:91,0
DA:94,0
DA:96,0
DA:112,0
DA:113,0
DA:114,0
DA:116,0
DA:118,0
DA:120,0
LF:33
LH:0
end_of_record
SF:lib/features/auth/presentation/screens/signup_screen.dart
DA:17,5
DA:19,0
DA:20,0
DA:31,0
DA:33,0
DA:34,0
DA:37,0
DA:38,0
DA:39,0
DA:40,0
DA:44,0
DA:46,0
DA:47,0
DA:48,0
DA:49,0
DA:50,0
DA:53,0
DA:55,0
DA:57,0
DA:59,0
DA:61,0
DA:63,0
DA:64,0
DA:66,0
DA:67,0
DA:68,0
DA:70,0
DA:84,0
DA:86,0
DA:95,0
DA:97,0
DA:101,0
DA:102,0
DA:104,0
DA:114,0
DA:116,0
DA:117,0
DA:119,0
DA:120,0
DA:124,0
DA:125,0
DA:138,0
DA:140,0
DA:141,0
DA:144,0
DA:145,0
DA:149,0
DA:150,0
DA:153,0
DA:163,0
DA:165,0
DA:169,0
DA:170,0
DA:171,0
DA:184,0
DA:185,0
DA:187,0
DA:188,0
DA:191,0
DA:193,0
DA:195,0
DA:196,0
DA:198,0
DA:203,0
LF:64
LH:1
end_of_record
SF:lib/features/auth/presentation/screens/welcome_screen.dart
DA:8,5
DA:10,0
DA:12,0
DA:14,0
DA:15,0
DA:17,0
DA:18,0
DA:22,0
DA:25,0
DA:26,0
DA:28,0
DA:31,0
DA:34,0
DA:35,0
DA:36,0
DA:38,0
DA:41,0
DA:46,0
DA:49,0
DA:52,0
DA:53,0
DA:54,0
DA:56,0
DA:58,0
DA:60,0
DA:62,0
DA:63,0
DA:66,0
DA:67,0
DA:76,0
DA:79,0
DA:80,0
DA:92,0
DA:95,0
DA:110,0
DA:112,0
DA:122,0
DA:125,0
DA:131,0
DA:133,0
DA:143,0
DA:144,0
DA:146,0
DA:147,0
DA:149,0
DA:150,0
DA:152,0
DA:174,0
DA:176,0
DA:178,0
DA:191,0
DA:193,0
DA:194,0
DA:197,0
DA:203,0
DA:204,0
DA:207,0
DA:209,0
DA:220,0
DA:221,0
DA:222,0
DA:225,0
DA:227,0
DA:229,0
LF:64
LH:1
end_of_record
SF:lib/features/auth/presentation/widgets/error_message.dart
DA:6,0
DA:10,0
DA:12,0
DA:15,0
DA:16,0
DA:17,0
DA:18,0
DA:20,0
DA:21,0
DA:22,0
LF:10
LH:0
end_of_record
SF:lib/features/facility/data/facility_providers.dart
DA:12,0
DA:14,0
DA:15,0
DA:16,0
DA:17,0
DA:18,0
DA:19,0
DA:20,0
DA:21,0
DA:22,0
DA:23,0
DA:24,0
DA:25,0
DA:26,0
DA:27,0
DA:28,0
DA:29,0
DA:32,0
DA:33,0
DA:34,0
DA:35,0
DA:38,0
DA:41,0
DA:42,0
DA:45,0
DA:46,0
DA:49,0
DA:50,0
DA:53,0
DA:54,0
DA:55,0
DA:56,0
DA:57,0
DA:58,0
DA:59,0
DA:61,0
DA:67,0
DA:70,0
DA:71,0
DA:77,0
DA:80,0
DA:81,0
DA:87,0
DA:88,0
DA:90,0
DA:91,0
DA:94,0
DA:95,0
DA:98,0
DA:99,0
DA:100,0
DA:103,0
DA:104,0
DA:106,0
DA:108,0
DA:112,0
DA:115,0
DA:118,0
DA:119,0
DA:120,0
DA:122,0
DA:123,0
DA:126,0
DA:128,0
DA:131,0
DA:132,0
DA:133,0
DA:135,0
DA:137,0
DA:141,0
DA:143,0
DA:144,0
DA:148,0
DA:154,0
DA:157,0
DA:158,0
DA:164,0
DA:165,0
LF:78
LH:0
end_of_record
SF:lib/features/facility/data/facility_providers.g.dart
DA:9,0
DA:14,0
DA:15,0
DA:26,0
DA:31,0
DA:32,0
DA:43,0
DA:48,0
DA:49,0
DA:60,0
DA:65,0
DA:66,0
DA:77,0
DA:82,0
DA:83,0
DA:97,0
DA:102,0
DA:103,0
LF:18
LH:0
end_of_record
SF:lib/shared/mock_data/features/facility/facility_mock_service.dart
DA:9,0
DA:10,0
DA:11,0
DA:21,0
DA:23,0
DA:25,0
DA:35,0
DA:37,0
DA:39,0
DA:49,0
DA:51,0
DA:53,0
DA:63,0
DA:65,0
DA:71,0
DA:72,0
DA:73,0
DA:74,0
DA:78,0
DA:79,0
DA:80,0
DA:81,0
DA:85,0
DA:86,0
DA:88,0
DA:95,0
DA:96,0
DA:100,0
DA:102,0
DA:103,0
DA:104,0
DA:105,0
DA:106,0
DA:107,0
DA:113,0
DA:115,0
DA:116,0
DA:117,0
DA:118,0
DA:120,0
DA:124,0
DA:126,0
DA:127,0
DA:128,0
DA:129,0
DA:131,0
DA:132,0
DA:133,0
DA:134,0
DA:137,0
DA:141,0
DA:142,0
DA:145,0
DA:152,0
DA:153,0
DA:157,0
DA:159,0
DA:163,0
DA:169,0
DA:171,0
DA:172,0
DA:178,0
DA:179,0
DA:186,0
DA:190,0
DA:191,0
LF:66
LH:0
end_of_record
SF:lib/features/facility/domain/facility.dart
DA:18,0
DA:34,0
DA:49,0
DA:50,0
DA:51,0
DA:52,0
DA:53,0
DA:54,0
DA:55,0
DA:56,0
DA:57,0
DA:58,0
DA:59,0
DA:60,0
DA:61,0
DA:62,0
LF:16
LH:0
end_of_record
SF:lib/features/facility/data/facility_repository_impl.dart
DA:6,0
DA:8,0
DA:9,0
DA:10,0
DA:13,0
DA:15,0
DA:16,0
DA:17,0
DA:19,0
DA:21,0
DA:22,0
DA:23,0
DA:24,0
DA:25,0
DA:26,0
DA:29,0
DA:31,0
DA:32,0
DA:33,0
DA:34,0
DA:37,0
DA:39,0
DA:40,0
DA:41,0
DA:42,0
DA:45,0
DA:51,0
DA:53,0
DA:54,0
DA:57,0
DA:63,0
DA:68,0
DA:69,0
DA:70,0
DA:71,0
DA:72,0
DA:73,0
DA:74,0
DA:75,0
DA:76,0
DA:77,0
DA:78,0
DA:79,0
DA:80,0
DA:81,0
DA:82,0
DA:83,0
LF:47
LH:0
end_of_record
SF:lib/features/facility/presentation/controllers/booking_controller.dart
DA:8,0
DA:9,0
DA:10,0
DA:14,0
DA:15,0
DA:17,0
DA:18,0
DA:19,0
DA:20,0
DA:21,0
DA:22,0
DA:23,0
DA:24,0
DA:25,0
DA:26,0
DA:27,0
DA:28,0
DA:29,0
DA:30,0
DA:32,0
DA:37,0
DA:39,0
DA:40,0
DA:41,0
DA:42,0
DA:43,0
DA:44,0
DA:45,0
DA:46,0
DA:47,0
DA:51,0
DA:52,0
DA:56,0
DA:57,0
DA:58,0
DA:60,0
DA:61,0
DA:62,0
DA:63,0
DA:67,0
DA:74,0
DA:75,0
DA:76,0
DA:81,0
DA:85,0
DA:86,0
DA:101,0
DA:113,0
DA:115,0
DA:124,0
DA:125,0
DA:126,0
DA:127,0
DA:128,0
DA:129,0
DA:130,0
DA:131,0
DA:137,0
DA:138,0
DA:142,0
LF:60
LH:0
end_of_record
SF:lib/features/facility/presentation/screens/booking_screen.dart
DA:11,0
DA:13,0
DA:14,0
DA:21,0
DA:23,0
DA:25,0
DA:27,0
DA:28,0
DA:32,0
DA:34,0
DA:35,0
DA:38,0
DA:39,0
DA:40,0
DA:41,0
DA:44,0
DA:45,0
DA:46,0
DA:47,0
DA:50,0
DA:51,0
DA:52,0
DA:53,0
DA:56,0
DA:57,0
DA:58,0
DA:59,0
DA:62,0
DA:64,0
DA:65,0
DA:70,0
DA:71,0
DA:72,0
DA:73,0
DA:74,0
DA:76,0
DA:81,0
DA:84,0
DA:85,0
DA:86,0
DA:87,0
DA:88,0
DA:90,0
DA:92,0
DA:93,0
DA:95,0
DA:96,0
DA:99,0
DA:101,0
DA:102,0
DA:104,0
DA:112,0
DA:113,0
DA:114,0
DA:117,0
DA:118,0
DA:119,0
DA:120,0
DA:126,0
DA:136,0
DA:138,0
DA:139,0
DA:141,0
DA:143,0
DA:146,0
DA:148,0
DA:150,0
DA:152,0
DA:156,0
DA:160,0
DA:164,0
DA:168,0
DA:172,0
DA:182,0
DA:183,0
DA:184,0
DA:185,0
DA:187,0
DA:191,0
DA:194,0
DA:196,0
DA:197,0
DA:198,0
DA:199,0
DA:205,0
DA:207,0
DA:208,0
DA:209,0
DA:210,0
DA:211,0
DA:213,0
DA:214,0
DA:215,0
DA:216,0
DA:223,0
DA:224,0
DA:231,0
DA:232,0
DA:233,0
DA:240,0
DA:241,0
DA:242,0
DA:243,0
DA:244,0
DA:250,0
DA:251,0
DA:252,0
DA:268,0
DA:269,0
DA:270,0
DA:280,0
DA:283,0
DA:284,0
DA:302,0
DA:303,0
DA:304,0
DA:305,0
DA:306,0
DA:307,0
DA:309,0
DA:312,0
DA:314,0
DA:315,0
DA:316,0
DA:317,0
DA:323,0
DA:325,0
DA:326,0
DA:327,0
DA:328,0
DA:329,0
DA:330,0
DA:344,0
DA:346,0
DA:347,0
DA:348,0
DA:349,0
DA:350,0
DA:352,0
DA:353,0
DA:354,0
DA:360,0
DA:362,0
DA:363,0
DA:364,0
DA:367,0
DA:368,0
DA:369,0
DA:370,0
DA:388,0
DA:389,0
DA:390,0
DA:391,0
DA:393,0
DA:396,0
DA:398,0
DA:399,0
DA:400,0
DA:401,0
DA:407,0
DA:409,0
DA:410,0
DA:412,0
DA:419,0
DA:422,0
DA:423,0
DA:424,0
DA:425,0
DA:426,0
DA:431,0
DA:433,0
DA:434,0
DA:435,0
DA:438,0
DA:440,0
DA:441,0
DA:449,0
DA:458,0
DA:459,0
DA:460,0
DA:461,0
DA:463,0
DA:466,0
DA:468,0
DA:469,0
DA:470,0
DA:471,0
DA:477,0
DA:479,0
DA:480,0
DA:482,0
DA:489,0
DA:490,0
DA:491,0
DA:492,0
DA:493,0
DA:495,0
DA:498,0
DA:500,0
DA:501,0
DA:503,0
DA:504,0
DA:505,0
DA:506,0
DA:507,0
DA:510,0
DA:512,0
DA:513,0
DA:516,0
DA:529,0
DA:530,0
DA:531,0
DA:532,0
DA:538,0
DA:539,0
DA:540,0
DA:548,0
DA:551,0
DA:553,0
DA:562,0
DA:563,0
DA:566,0
DA:568,0
DA:569,0
DA:570,0
DA:571,0
DA:577,0
DA:579,0
DA:580,0
DA:582,0
DA:589,0
DA:590,0
DA:593,0
DA:595,0
DA:596,0
DA:597,0
DA:598,0
DA:600,0
DA:601,0
DA:602,0
DA:604,0
DA:605,0
DA:608,0
DA:609,0
DA:610,0
DA:619,0
DA:620,0
DA:623,0
DA:625,0
DA:626,0
DA:627,0
DA:628,0
DA:634,0
DA:636,0
DA:637,0
DA:638,0
DA:642,0
DA:643,0
DA:646,0
DA:648,0
DA:659,0
DA:674,0
LF:262
LH:0
end_of_record
SF:lib/features/facility/presentation/screens/facility_detail_screen.dart
DA:17,0
DA:19,0
DA:21,0
DA:28,0
DA:30,0
DA:32,0
DA:34,0
DA:35,0
DA:36,0
DA:37,0
DA:38,0
DA:39,0
DA:40,0
DA:41,0
DA:42,0
DA:43,0
DA:44,0
DA:45,0
DA:46,0
DA:47,0
DA:51,0
DA:52,0
DA:53,0
DA:54,0
DA:55,0
DA:56,0
DA:57,0
DA:58,0
DA:59,0
DA:60,0
DA:61,0
DA:62,0
DA:63,0
DA:64,0
DA:65,0
DA:70,0
DA:71,0
DA:72,0
DA:73,0
DA:74,0
DA:75,0
DA:77,0
DA:82,0
DA:85,0
DA:88,0
DA:90,0
DA:91,0
DA:92,0
DA:94,0
DA:96,0
DA:97,0
DA:98,0
DA:99,0
DA:104,0
DA:105,0
DA:106,0
DA:112,0
DA:113,0
DA:114,0
DA:117,0
DA:118,0
DA:119,0
DA:120,0
DA:121,0
DA:122,0
DA:135,0
DA:137,0
DA:139,0
DA:140,0
DA:142,0
DA:146,0
DA:152,0
DA:154,0
DA:156,0
DA:163,0
DA:164,0
DA:169,0
DA:170,0
DA:172,0
DA:174,0
DA:176,0
DA:180,0
DA:184,0
DA:188,0
DA:192,0
DA:194,0
DA:195,0
DA:196,0
DA:197,0
DA:200,0
DA:206,0
DA:207,0
DA:210,0
DA:212,0
DA:224,0
DA:225,0
DA:226,0
DA:228,0
DA:230,0
DA:231,0
LF:100
LH:0
end_of_record
SF:lib/features/facility/presentation/widgets/facility_availability_section.dart
DA:9,0
DA:11,0
DA:13,0
DA:15,0
DA:16,0
DA:18,0
DA:27,0
DA:28,0
DA:29,0
DA:31,0
DA:33,0
DA:35,0
DA:37,0
DA:39,0
DA:41,0
DA:48,0
DA:50,0
DA:56,0
DA:57,0
DA:60,0
DA:61,0
DA:62,0
DA:63,0
DA:65,0
DA:66,0
DA:68,0
LF:26
LH:0
end_of_record
SF:lib/features/facility/presentation/widgets/facility_contact_section.dart
DA:10,0
DA:12,0
DA:13,0
DA:16,0
DA:17,0
DA:19,0
DA:20,0
DA:29,0
DA:30,0
DA:31,0
DA:32,0
DA:40,0
DA:41,0
DA:42,0
DA:46,0
DA:47,0
DA:49,0
DA:50,0
DA:59,0
DA:60,0
DA:61,0
DA:62,0
DA:70,0
DA:72,0
DA:74,0
DA:75,0
DA:77,0
DA:86,0
DA:87,0
DA:88,0
DA:89,0
DA:90,0
DA:91,0
DA:94,0
DA:95,0
DA:104,0
DA:105,0
DA:106,0
DA:107,0
DA:108,0
DA:109,0
DA:112,0
DA:113,0
LF:43
LH:0
end_of_record
SF:lib/features/facility/presentation/widgets/facility_detail_header.dart
DA:9,0
DA:11,0
DA:13,0
DA:14,0
DA:16,0
DA:19,0
DA:20,0
DA:21,0
DA:23,0
DA:24,0
DA:32,0
DA:35,0
DA:36,0
DA:39,0
DA:45,0
DA:49,0
DA:52,0
DA:54,0
DA:55,0
DA:56,0
DA:57,0
DA:63,0
DA:64,0
DA:66,0
DA:67,0
DA:69,0
DA:70,0
DA:71,0
DA:72,0
DA:79,0
DA:80,0
DA:83,0
DA:88,0
DA:89,0
DA:90,0
DA:91,0
DA:92,0
DA:99,0
DA:100,0
DA:101,0
DA:107,0
DA:108,0
DA:124,0
DA:125,0
DA:126,0
DA:137,0
DA:140,0
DA:141,0
DA:144,0
DA:145,0
LF:50
LH:0
end_of_record
SF:lib/features/facility/presentation/widgets/facility_location_section.dart
DA:9,0
DA:11,0
DA:13,0
DA:15,0
DA:16,0
DA:18,0
DA:27,0
DA:29,0
DA:30,0
DA:31,0
DA:32,0
DA:35,0
DA:36,0
DA:37,0
DA:40,0
DA:41,0
DA:42,0
DA:50,0
DA:53,0
DA:54,0
DA:55,0
DA:57,0
DA:58,0
DA:60,0
DA:63,0
DA:64,0
DA:65,0
DA:67,0
DA:68,0
DA:73,0
DA:76,0
DA:79,0
DA:82,0
DA:83,0
DA:84,0
DA:90,0
DA:91,0
DA:101,0
DA:104,0
DA:107,0
DA:110,0
DA:111,0
DA:112,0
DA:118,0
DA:120,0
LF:45
LH:0
end_of_record
SF:lib/features/facility/presentation/widgets/facility_services_section.dart
DA:9,0
DA:11,0
DA:14,0
DA:15,0
DA:16,0
DA:17,0
DA:20,0
DA:22,0
DA:23,0
DA:25,0
DA:34,0
DA:35,0
DA:36,0
DA:39,0
DA:41,0
DA:42,0
DA:43,0
DA:44,0
DA:50,0
DA:51,0
DA:52,0
DA:53,0
DA:54,0
DA:55,0
DA:61,0
DA:62,0
DA:63,0
DA:71,0
LF:28
LH:0
end_of_record
SF:lib/features/facility/presentation/screens/facility_list_screen.dart
DA:14,5
DA:16,0
DA:17,0
DA:23,0
DA:25,0
DA:26,0
DA:27,0
DA:31,0
DA:33,0
DA:34,0
DA:37,0
DA:38,0
DA:39,0
DA:41,0
DA:44,0
DA:45,0
DA:47,0
DA:48,0
DA:50,0
DA:51,0
DA:54,0
DA:55,0
DA:57,0
DA:58,0
DA:59,0
DA:63,0
DA:64,0
DA:66,0
DA:67,0
DA:68,0
DA:69,0
DA:70,0
DA:73,0
DA:76,0
DA:79,0
DA:82,0
DA:83,0
DA:86,0
DA:87,0
DA:89,0
DA:90,0
DA:92,0
DA:93,0
DA:98,0
DA:99,0
DA:100,0
DA:102,0
DA:105,0
DA:106,0
DA:107,0
DA:109,0
DA:110,0
DA:114,0
DA:115,0
DA:117,0
DA:118,0
DA:119,0
DA:120,0
DA:121,0
DA:124,0
DA:127,0
DA:130,0
DA:133,0
DA:135,0
DA:136,0
DA:137,0
DA:139,0
DA:141,0
DA:143,0
DA:146,0
DA:147,0
DA:148,0
DA:150,0
DA:154,0
DA:155,0
DA:156,0
DA:157,0
DA:166,0
DA:167,0
DA:169,0
DA:171,0
DA:172,0
DA:173,0
DA:174,0
DA:175,0
DA:181,0
DA:184,0
DA:186,0
DA:187,0
DA:190,0
DA:193,0
DA:194,0
DA:196,0
DA:197,0
DA:198,0
DA:199,0
DA:209,0
DA:211,0
DA:212,0
DA:213,0
DA:214,0
DA:218,0
DA:219,0
DA:220,0
DA:221,0
DA:222,0
DA:223,0
DA:232,0
DA:233,0
DA:234,0
DA:235,0
DA:237,0
DA:238,0
DA:239,0
DA:240,0
DA:242,0
DA:244,0
DA:245,0
DA:256,0
DA:257,0
DA:258,0
DA:260,0
DA:261,0
DA:263,0
DA:264,0
DA:266,0
DA:267,0
DA:270,0
DA:273,0
DA:275,0
DA:282,0
DA:284,0
DA:286,0
DA:291,0
DA:292,0
LF:135
LH:1
end_of_record
SF:lib/features/facility/presentation/widgets/facility_card.dart
DA:10,0
DA:17,0
DA:19,0
DA:20,0
DA:21,0
DA:22,0
DA:24,0
DA:25,0
DA:26,0
DA:27,0
DA:33,0
DA:35,0
DA:37,0
DA:38,0
DA:39,0
DA:40,0
DA:42,0
DA:43,0
DA:44,0
DA:45,0
DA:46,0
DA:48,0
DA:49,0
DA:50,0
DA:55,0
DA:56,0
DA:58,0
DA:59,0
DA:60,0
DA:69,0
DA:70,0
DA:71,0
DA:73,0
DA:79,0
DA:80,0
DA:81,0
DA:83,0
DA:85,0
DA:93,0
DA:94,0
DA:95,0
DA:102,0
DA:103,0
DA:106,0
DA:107,0
DA:108,0
DA:119,0
DA:120,0
DA:123,0
DA:124,0
DA:131,0
DA:132,0
DA:136,0
DA:137,0
DA:156,0
DA:158,0
DA:160,0
DA:165,0
DA:167,0
DA:169,0
DA:174,0
DA:176,0
DA:178,0
LF:63
LH:0
end_of_record
SF:lib/features/facility/presentation/widgets/facility_filter_chip.dart
DA:8,0
DA:15,0
DA:17,0
DA:18,0
DA:19,0
DA:21,0
DA:22,0
DA:23,0
DA:24,0
DA:25,0
DA:28,0
DA:29,0
DA:30,0
DA:31,0
DA:33,0
LF:15
LH:0
end_of_record
SF:lib/features/facility/presentation/widgets/facility_search_bar.dart
DA:10,0
DA:19,0
DA:21,0
DA:22,0
DA:24,0
DA:25,0
DA:26,0
DA:27,0
DA:33,0
DA:34,0
DA:35,0
DA:36,0
DA:37,0
DA:40,0
DA:41,0
DA:43,0
DA:44,0
DA:45,0
LF:18
LH:0
end_of_record
SF:lib/features/facility/presentation/screens/grooming_reservation_screen.dart
DA:12,5
DA:14,0
DA:16,0
DA:28,0
DA:30,0
DA:31,0
DA:32,0
DA:33,0
DA:34,0
DA:35,0
DA:36,0
DA:37,0
DA:38,0
DA:39,0
DA:40,0
DA:41,0
DA:42,0
DA:43,0
DA:44,0
DA:45,0
DA:46,0
DA:49,0
DA:51,0
DA:52,0
DA:55,0
DA:56,0
DA:59,0
DA:61,0
DA:62,0
DA:63,0
DA:64,0
DA:66,0
DA:67,0
DA:70,0
DA:74,0
DA:75,0
DA:76,0
DA:78,0
DA:79,0
DA:89,0
DA:90,0
DA:91,0
DA:92,0
DA:93,0
DA:94,0
DA:100,0
DA:102,0
DA:107,0
DA:108,0
DA:110,0
DA:112,0
DA:113,0
DA:114,0
DA:115,0
DA:116,0
DA:124,0
DA:126,0
DA:127,0
DA:128,0
DA:129,0
DA:130,0
DA:139,0
DA:140,0
DA:141,0
DA:142,0
DA:144,0
DA:145,0
DA:148,0
DA:151,0
DA:153,0
DA:154,0
DA:160,0
DA:164,0
DA:165,0
DA:166,0
DA:167,0
DA:169,0
DA:171,0
DA:172,0
DA:173,0
DA:182,0
DA:184,0
DA:186,0
DA:187,0
DA:188,0
DA:190,0
DA:195,0
DA:196,0
DA:201,0
DA:203,0
LF:90
LH:1
end_of_record
SF:lib/features/facility/presentation/widgets/filter_chips.dart
DA:9,0
DA:15,0
DA:17,0
DA:19,0
DA:20,0
DA:21,0
DA:23,0
DA:25,0
DA:31,0
DA:32,0
DA:34,0
DA:35,0
DA:37,0
DA:38,0
DA:41,0
DA:44,0
DA:46,0
DA:47,0
DA:54,0
DA:56,0
DA:59,0
DA:63,0
DA:64,0
LF:23
LH:0
end_of_record
SF:lib/features/facility/presentation/widgets/search_bar_widget.dart
DA:10,0
DA:17,0
DA:19,0
DA:20,0
DA:22,0
DA:23,0
DA:24,0
DA:25,0
DA:31,0
DA:32,0
DA:33,0
DA:34,0
DA:35,0
DA:36,0
DA:37,0
DA:38,0
DA:39,0
LF:17
LH:0
end_of_record
SF:lib/features/facility/presentation/screens/hospital_reservation_screen.dart
DA:12,5
DA:14,0
DA:16,0
DA:28,0
DA:30,0
DA:31,0
DA:32,0
DA:33,0
DA:34,0
DA:35,0
DA:36,0
DA:37,0
DA:38,0
DA:39,0
DA:40,0
DA:41,0
DA:42,0
DA:43,0
DA:44,0
DA:45,0
DA:46,0
DA:49,0
DA:51,0
DA:52,0
DA:55,0
DA:56,0
DA:59,0
DA:61,0
DA:62,0
DA:63,0
DA:64,0
DA:66,0
DA:67,0
DA:70,0
DA:74,0
DA:75,0
DA:76,0
DA:78,0
DA:79,0
DA:89,0
DA:90,0
DA:91,0
DA:92,0
DA:93,0
DA:94,0
DA:100,0
DA:102,0
DA:107,0
DA:108,0
DA:110,0
DA:112,0
DA:113,0
DA:114,0
DA:115,0
DA:116,0
DA:124,0
DA:126,0
DA:127,0
DA:128,0
DA:129,0
DA:130,0
DA:139,0
DA:140,0
DA:141,0
DA:142,0
DA:144,0
DA:145,0
DA:148,0
DA:151,0
DA:153,0
DA:154,0
DA:160,0
DA:164,0
DA:165,0
DA:166,0
DA:167,0
DA:169,0
DA:171,0
DA:172,0
DA:173,0
DA:182,0
DA:184,0
DA:186,0
DA:187,0
DA:188,0
DA:190,0
DA:195,0
DA:196,0
DA:201,0
DA:203,0
LF:90
LH:1
end_of_record
SF:lib/features/home/data/mappers/pet_mapper.dart
DA:11,0
DA:12,0
DA:13,0
DA:14,0
DA:15,0
DA:16,0
DA:17,0
DA:18,0
DA:19,0
DA:21,0
DA:26,0
DA:27,0
LF:12
LH:0
end_of_record
SF:lib/features/home/data/mappers/weather_mapper.dart
DA:7,0
DA:8,0
DA:9,0
DA:10,0
DA:11,0
DA:12,0
DA:13,0
DA:14,0
DA:15,0
DA:16,0
DA:17,0
DA:18,0
DA:19,0
DA:24,0
DA:25,0
DA:26,0
DA:27,0
DA:28,0
DA:33,0
DA:34,0
DA:35,0
DA:36,0
DA:37,0
LF:23
LH:0
end_of_record
SF:lib/features/home/data/models/weather_model.dart
DA:16,0
DA:30,0
DA:34,0
DA:35,0
DA:36,0
DA:37,0
DA:38,0
DA:41,0
DA:44,0
DA:45,0
DA:48,0
DA:49,0
DA:50,0
DA:51,0
DA:52,0
DA:53,0
DA:55,0
DA:59,0
DA:62,0
DA:64,0
DA:65,0
DA:67,0
DA:68,0
DA:69,0
DA:70,0
DA:71,0
DA:72,0
DA:74,0
DA:75,0
DA:80,0
DA:81,0
DA:82,0
DA:83,0
DA:84,0
DA:85,0
DA:86,0
DA:87,0
DA:89,0
DA:90,0
DA:93,0
DA:94,0
DA:95,0
DA:96,0
DA:97,0
DA:98,0
DA:99,0
DA:100,0
DA:105,0
DA:106,0
DA:107,0
DA:110,0
DA:116,0
DA:118,0
DA:120,0
DA:127,0
DA:128,0
DA:129,0
DA:130,0
DA:131,0
DA:132,0
DA:133,0
DA:134,0
DA:135,0
DA:137,0
DA:138,0
DA:139,0
DA:140,0
DA:143,0
DA:146,0
DA:147,0
DA:148,0
DA:149,0
DA:150,0
DA:151,0
DA:152,0
DA:153,0
DA:154,0
DA:155,0
DA:156,0
DA:157,0
DA:166,5
LF:81
LH:1
end_of_record
SF:lib/features/home/data/providers/home_providers.dart
DA:14,0
DA:19,0
DA:20,0
DA:23,0
DA:24,0
DA:33,5
DA:35,0
DA:36,0
DA:37,0
DA:38,0
DA:46,0
DA:49,0
DA:50,0
DA:51,0
DA:52,0
DA:53,0
DA:58,0
DA:59,0
DA:63,0
DA:64,0
DA:65,0
DA:66,0
DA:67,0
DA:68,0
DA:69,0
DA:70,0
DA:71,0
DA:75,0
DA:76,0
DA:81,0
DA:82,0
DA:83,0
DA:84,0
DA:85,0
DA:86,0
DA:87,0
DA:89,0
DA:90,0
DA:94,0
DA:95,0
DA:101,0
DA:106,0
DA:107,0
DA:109,0
DA:111,0
DA:112,0
DA:115,0
DA:116,0
DA:118,0
DA:119,0
DA:120,0
DA:124,0
DA:125,0
DA:131,0
DA:132,0
DA:133,0
DA:136,0
LF:57
LH:1
end_of_record
SF:lib/features/home/data/providers/home_providers.g.dart
DA:9,0
DA:14,0
DA:15,0
DA:28,0
DA:32,0
DA:33,0
DA:44,0
DA:49,0
DA:50,0
LF:9
LH:0
end_of_record
SF:lib/features/home/data/repositories/home_repository_impl.dart
DA:15,0
DA:18,0
DA:19,0
DA:21,0
DA:23,0
DA:25,0
DA:27,0
DA:29,0
DA:30,0
DA:31,0
DA:35,0
DA:44,0
DA:47,0
DA:53,0
DA:64,0
DA:65,0
DA:66,0
DA:67,0
DA:68,0
DA:70,0
DA:71,0
DA:74,0
DA:81,0
DA:84,0
DA:86,0
DA:87,0
DA:88,0
DA:92,0
DA:94,0
DA:95,0
DA:97,0
DA:98,0
DA:101,0
DA:104,0
DA:105,0
DA:106,0
DA:107,0
DA:108,0
DA:109,0
DA:110,0
DA:111,0
DA:115,0
DA:118,0
DA:119,0
DA:121,0
DA:123,0
DA:124,0
DA:125,0
DA:126,0
DA:129,0
DA:131,0
DA:132,0
DA:133,0
DA:134,0
DA:139,0
DA:142,0
DA:143,0
DA:145,0
DA:146,0
DA:147,0
DA:148,0
DA:149,0
DA:150,0
DA:151,0
DA:154,0
DA:161,0
DA:164,0
DA:165,0
DA:166,0
DA:167,0
DA:168,0
DA:169,0
DA:172,0
DA:173,0
DA:175,0
LF:75
LH:0
end_of_record
SF:lib/features/home/data/services/weather_cache_service.dart
DA:21,0
DA:22,0
DA:23,0
DA:34,0
DA:38,0
DA:41,0
DA:42,0
DA:43,0
DA:48,0
DA:51,0
DA:52,0
DA:53,0
DA:55,0
DA:60,0
DA:68,0
DA:72,0
DA:73,0
DA:76,0
DA:77,0
DA:78,0
DA:81,0
DA:82,0
DA:85,0
DA:89,0
DA:90,0
DA:93,0
DA:94,0
DA:95,0
DA:99,0
DA:100,0
DA:101,0
DA:102,0
DA:104,0
DA:107,0
DA:111,0
DA:113,0
DA:114,0
DA:115,0
DA:119,0
DA:120,0
DA:121,0
DA:122,0
DA:123,0
DA:124,0
DA:127,0
DA:128,0
DA:131,0
DA:134,0
DA:138,0
DA:139,0
DA:143,0
DA:144,0
DA:145,0
DA:153,0
DA:157,0
DA:158,0
DA:159,0
DA:166,0
DA:168,0
DA:170,0
DA:171,0
DA:175,0
DA:176,0
DA:180,0
DA:181,0
DA:182,0
DA:186,0
DA:187,0
DA:188,0
DA:189,0
DA:190,0
DA:191,0
DA:192,0
DA:193,0
DA:194,0
DA:195,0
DA:196,0
DA:197,0
DA:198,0
DA:201,0
DA:207,0
DA:213,0
DA:215,0
DA:217,0
DA:218,0
DA:220,0
LF:86
LH:0
end_of_record
SF:lib/features/home/data/services/weather_service.dart
DA:21,0
DA:26,0
DA:32,0
DA:33,0
DA:34,0
DA:42,0
DA:48,0
DA:52,0
DA:53,0
DA:54,0
DA:57,0
DA:58,0
DA:59,0
DA:60,0
DA:64,0
DA:65,0
[...]
DA:132,0
DA:133,0
DA:134,0
DA:144,0
DA:145,0
DA:147,0
DA:150,0
DA:151,0
DA:152,0
DA:153,0
DA:156,0
DA:165,0
DA:166,0
DA:167,0
LF:60
LH:0
end_of_record
SF:lib/shared/utils/ai_logger.dart
DA:8,0
DA:9,0
DA:10,0
DA:14,0
DA:16,0
DA:17,0
DA:18,0
DA:19,0
DA:23,0
DA:24,0
DA:28,0
DA:30,0
LF:12
LH:0
end_of_record
SF:lib/shared/utils/loading_state.dart
DA:8,5
DA:16,0
DA:21,0
DA:22,0
DA:25,0
DA:30,0
DA:31,0
DA:35,0
DA:36,0
DA:39,0
DA:44,0
DA:50,0
DA:51,0
DA:52,0
DA:53,0
DA:54,0
DA:59,0
DA:62,0
DA:65,0
DA:68,0
DA:69,0
DA:70,0
DA:73,0
DA:76,0
DA:77,0
DA:78,0
DA:79,0
DA:80,0
DA:81,0
DA:83,0
DA:85,0
DA:86,0
DA:87,0
DA:88,0
DA:90,0
DA:92,0
DA:101,0
DA:104,0
DA:107,0
DA:110,0
DA:113,0
DA:116,0
DA:119,0
DA:120,0
DA:124,0
DA:125,0
DA:129,0
DA:130,0
DA:134,0
DA:135,0
DA:139,0
DA:140,0
DA:144,0
DA:149,0
DA:150,0
DA:151,0
DA:154,0
DA:174,0
DA:177,0
DA:178,0
DA:182,0
DA:183,0
DA:187,0
DA:188,0
DA:189,0
DA:193,0
DA:194,0
DA:195,0
DA:199,0
DA:200,0
DA:201,0
DA:205,0
DA:206,0
DA:207,0
DA:211,0
DA:212,0
DA:213,0
DA:215,0
DA:216,0
DA:217,0
DA:218,0
DA:220,0
LF:82
LH:1
end_of_record
SF:lib/shared/utils/mock_helper.dart
DA:6,0
DA:7,0
DA:11,0
LF:3
LH:0
end_of_record
SF:lib/shared/utils/validation_utils.dart
DA:3,0
DA:6,0
DA:7,0
DA:10,0
DA:12,0
DA:13,0
DA:17,0
DA:18,0
DA:21,0
DA:24,0
DA:27,0
DA:31,0
DA:32,0
DA:35,0
DA:38,0
DA:39,0
DA:43,0
DA:44,0
DA:47,0
DA:50,0
DA:51,0
DA:55,0
DA:56,0
DA:60,0
DA:61,0
DA:65,0
DA:66,0
DA:70,0
DA:71,0
DA:72,0
DA:76,0
DA:77,0
DA:78,0
DA:82,0
DA:83,0
DA:86,0
DA:88,0
DA:89,0
DA:92,0
DA:100,0
DA:101,0
DA:104,0
DA:107,0
DA:115,0
DA:121,0
DA:123,0
DA:125,0
DA:127,0
DA:129,0
DA:131,0
DA:133,0
DA:135,0
DA:137,0
DA:139,0
DA:141,0
DA:143,0
DA:169,5
DA:172,0
DA:177,0
DA:178,0
DA:182,0
DA:183,0
DA:184,0
DA:185,0
DA:189,0
DA:190,0
DA:191,0
LF:67
LH:1
end_of_record
SF:lib/shared/widgets/common_app_bar.dart
DA:16,0
DA:27,0
DA:29,0
DA:30,0
DA:31,0
DA:32,0
DA:33,0
DA:34,0
DA:35,0
DA:36,0
DA:38,0
DA:42,0
DA:43,0
DA:47,0
DA:58,5
DA:66,0
DA:68,0
DA:69,0
DA:70,0
DA:71,0
DA:72,0
DA:75,0
DA:76,0
DA:78,0
DA:79,0
DA:82,0
DA:89,0
DA:100,0
DA:108,0
DA:110,0
DA:111,0
DA:112,0
DA:113,0
DA:114,0
DA:118,0
LF:35
LH:1
end_of_record
SF:lib/shared/widgets/pet_status_selection_dialog.dart
DA:17,0
DA:25,0
DA:27,0
DA:34,0
DA:36,0
DA:37,0
DA:38,0
DA:41,0
DA:43,0
DA:45,0
DA:46,0
DA:47,0
DA:49,0
DA:52,0
DA:54,0
DA:55,0
DA:56,0
DA:58,0
DA:61,0
DA:62,0
DA:64,0
DA:65,0
DA:66,0
DA:67,0
DA:80,0
DA:81,0
DA:82,0
DA:83,0
DA:84,0
DA:85,0
DA:88,0
DA:90,0
DA:91,0
DA:92,0
DA:97,0
DA:98,0
DA:99,0
DA:108,0
DA:109,0
DA:110,0
DA:114,0
DA:116,0
DA:118,0
DA:123,0
DA:124,0
DA:127,0
DA:131,0
DA:133,0
DA:140,0
DA:141,0
DA:142,0
DA:144,0
DA:145,0
DA:154,0
DA:156,0
DA:157,0
DA:159,0
DA:161,0
DA:165,0
DA:168,0
DA:173,0
DA:191,0
DA:193,0
DA:195,0
DA:196,0
DA:197,0
DA:198,0
DA:199,0
DA:201,0
DA:202,0
DA:208,0
DA:210,0
DA:211,0
DA:213,0
DA:216,0
DA:217,0
DA:219,0
DA:220,0
DA:232,0
DA:240,0
DA:241,0
DA:242,0
DA:243,0
DA:244,0
DA:245,0
DA:247,0
DA:253,0
DA:254,0
DA:255,0
DA:256,0
DA:257,0
DA:259,0
DA:263,0
DA:265,0
LF:94
LH:0
end_of_record
SF:lib/shared/widgets/accessibility/accessible_button.dart
DA:19,0
DA:36,0
DA:38,0
DA:39,0
DA:41,0
DA:42,0
DA:46,0
DA:48,0
DA:49,0
DA:50,0
DA:51,0
DA:52,0
DA:53,0
DA:54,0
DA:55,0
DA:56,0
DA:58,0
DA:59,0
DA:60,0
DA:62,0
DA:64,0
DA:65,0
DA:66,0
DA:67,0
DA:69,0
DA:74,0
DA:75,0
DA:76,0
DA:79,0
DA:81,0
DA:86,0
DA:87,0
DA:92,0
DA:103,0
DA:104,0
DA:105,0
DA:123,0
DA:136,0
DA:138,0
DA:139,0
DA:140,0
DA:141,0
DA:143,0
DA:145,0
DA:146,0
DA:147,0
DA:148,0
DA:149,0
DA:152,0
DA:153,0
DA:155,0
DA:156,0
DA:158,0
DA:160,0
DA:161,0
DA:162,0
DA:163,0
DA:164,0
DA:165,0
DA:166,0
DA:167,0
DA:169,0
DA:170,0
DA:194,0
DA:208,0
DA:209,0
DA:213,0
DA:215,0
DA:216,0
DA:217,0
DA:219,0
DA:221,0
DA:222,0
DA:223,0
DA:224,0
DA:225,0
DA:226,0
DA:227,0
DA:228,0
DA:229,0
DA:230,0
DA:232,0
DA:234,0
DA:235,0
DA:236,0
DA:238,0
DA:239,0
DA:244,0
DA:245,0
DA:246,0
DA:251,0
LF:91
LH:0
end_of_record
SF:lib/shared/widgets/animation/animated_fade_widget.dart
DA:12,2
DA:22,1
DA:23,1
DA:31,1
DA:33,1
DA:34,4
DA:36,2
DA:39,5
DA:41,3
DA:42,1
DA:43,3
DA:47,2
DA:48,1
DA:52,0
DA:54,0
DA:56,0
DA:57,0
DA:58,0
DA:60,0
DA:65,1
DA:66,4
DA:67,1
DA:68,2
DA:73,1
DA:75,2
DA:76,1
DA:79,1
DA:81,4
DA:93,1
DA:102,1
DA:103,1
DA:111,1
DA:113,1
DA:114,1
DA:116,2
DA:117,1
DA:121,1
DA:122,2
DA:123,3
DA:124,4
DA:127,4
DA:128,1
DA:131,4
DA:132,1
DA:135,0
DA:137,0
DA:139,0
DA:140,0
DA:141,0
DA:144,0
DA:145,0
DA:146,0
DA:148,0
DA:153,1
DA:154,4
DA:155,5
DA:156,4
DA:157,3
DA:163,0
DA:164,0
DA:165,0
DA:169,1
DA:170,2
DA:171,1
DA:175,1
DA:177,1
DA:178,1
DA:181,1
DA:183,1
DA:184,1
DA:185,3
DA:186,2
DA:187,2
DA:188,3
LF:74
LH:56
end_of_record
SF:lib/shared/widgets/animation/animated_scale_widget.dart
DA:15,2
DA:28,1
DA:29,1
DA:38,1
DA:40,1
DA:41,4
DA:43,1
DA:45,3
DA:46,1
DA:47,3
DA:51,2
DA:52,1
DA:56,1
DA:57,2
DA:58,2
DA:59,2
DA:60,5
DA:62,2
DA:65,5
DA:68,0
DA:70,0
DA:72,0
DA:73,0
DA:74,0
DA:77,0
DA:78,0
DA:79,0
DA:81,0
DA:86,1
DA:87,4
DA:88,1
DA:89,2
DA:94,1
DA:96,2
DA:97,1
DA:100,1
DA:102,1
DA:103,1
DA:104,1
DA:105,1
DA:106,2
DA:107,2
DA:108,1
DA:109,3
DA:110,2
DA:129,1
DA:141,1
DA:142,1
DA:151,1
DA:153,1
DA:154,1
DA:156,2
DA:157,1
DA:161,1
DA:162,2
DA:163,3
DA:164,4
DA:167,4
DA:168,1
DA:169,2
DA:170,2
DA:171,4
DA:172,1
DA:174,4
DA:175,1
DA:178,4
DA:179,1
DA:182,0
DA:184,0
DA:186,0
DA:187,0
DA:188,0
DA:189,0
DA:190,0
DA:193,0
DA:194,0
DA:195,0
DA:197,0
DA:202,1
DA:203,4
DA:204,5
DA:205,4
DA:206,3
DA:212,0
DA:213,0
DA:214,0
DA:218,1
DA:219,2
DA:220,1
DA:224,1
DA:226,1
DA:227,1
DA:230,1
DA:232,1
DA:233,1
DA:234,3
DA:235,2
DA:236,2
DA:237,1
DA:238,1
DA:239,3
DA:240,2
DA:241,1
DA:242,4
DA:243,3
DA:262,1
DA:272,1
DA:273,1
DA:281,1
DA:283,1
DA:284,4
DA:286,2
DA:288,2
DA:289,5
DA:292,1
DA:294,2
DA:295,1
DA:298,1
DA:299,2
DA:300,2
DA:304,1
DA:305,2
DA:306,2
DA:310,0
DA:311,0
DA:312,0
DA:316,1
DA:318,1
DA:319,1
DA:320,1
DA:321,1
DA:322,4
DA:323,1
DA:324,1
DA:325,1
DA:326,1
DA:327,2
DA:328,1
DA:329,2
DA:330,2
LF:140
LH:114
end_of_record
SF:lib/shared/widgets/animation/animated_slide_widget.dart
DA:17,2
DA:29,1
DA:30,1
DA:39,1
DA:41,1
DA:42,4
DA:44,1
DA:46,3
DA:47,1
DA:48,3
DA:52,2
DA:53,1
DA:57,1
DA:58,1
DA:60,2
DA:63,5
DA:65,2
DA:68,5
DA:71,1
DA:72,2
DA:73,2
DA:74,1
DA:75,2
DA:76,1
DA:77,0
DA:78,1
DA:79,0
DA:80,1
DA:81,1
DA:85,0
DA:87,0
DA:89,0
DA:90,0
DA:91,0
DA:94,0
DA:95,0
DA:96,0
DA:98,0
DA:103,1
DA:104,4
DA:105,1
DA:106,2
DA:111,1
DA:113,2
DA:114,1
DA:117,1
DA:119,1
DA:120,1
DA:121,1
DA:122,1
DA:123,5
DA:124,5
DA:141,1
DA:152,1
DA:153,1
DA:162,1
DA:164,1
DA:165,1
DA:167,2
DA:168,1
DA:172,1
DA:173,2
DA:174,3
DA:175,4
DA:178,1
DA:180,4
DA:181,1
DA:184,4
DA:185,1
DA:187,4
DA:188,1
DA:191,4
DA:192,1
DA:195,1
DA:196,2
DA:197,2
DA:198,1
DA:199,0
DA:200,1
DA:201,0
DA:202,1
DA:203,0
DA:204,1
DA:205,1
DA:209,0
DA:211,0
DA:213,0
DA:214,0
DA:215,0
DA:216,0
DA:217,0
DA:220,0
DA:221,0
DA:222,0
DA:224,0
DA:229,1
DA:230,4
DA:231,5
DA:232,4
DA:233,3
DA:239,0
DA:240,0
DA:241,0
DA:245,1
DA:246,2
DA:247,1
DA:251,1
DA:253,1
DA:254,1
DA:257,1
DA:259,1
DA:260,1
DA:261,3
DA:262,2
DA:263,2
DA:264,1
DA:265,1
DA:266,6
DA:267,1
DA:268,3
DA:269,3
LF:121
LH:93
end_of_record
SF:lib/shared/widgets/banners/microchip_registration_banner.dart
DA:12,0
DA:21,0
DA:28,0
DA:29,0
DA:32,0
DA:35,0
DA:36,0
DA:46,0
DA:49,0
DA:53,0
DA:54,0
DA:56,0
DA:61,0
DA:62,0
DA:65,0
DA:69,0
DA:70,0
DA:71,0
DA:73,0
DA:75,0
DA:78,0
DA:79,0
DA:81,0
DA:82,0
DA:96,0
DA:98,0
DA:100,0
DA:102,0
DA:104,0
DA:106,0
DA:107,0
DA:108,0
DA:114,0
DA:115,0
DA:120,0
DA:122,0
DA:131,0
DA:133,0
DA:134,0
DA:135,0
DA:136,0
DA:137,0
DA:139,0
DA:141,0
DA:160,0
DA:161,0
DA:166,0
DA:168,0
DA:169,0
DA:170,0
DA:171,0
DA:177,0
DA:178,0
DA:180,0
DA:189,0
DA:194,0
DA:195,0
DA:197,0
DA:198,0
DA:212,0
DA:214,0
DA:215,0
DA:217,0
DA:219,0
DA:220,0
DA:221,0
DA:227,0
DA:228,0
DA:231,0
DA:233,0
DA:242,0
DA:244,0
DA:245,0
DA:246,0
DA:247,0
DA:249,0
DA:265,0
DA:267,0
DA:271,0
DA:272,0
DA:273,0
DA:275,0
LF:82
LH:0
end_of_record
SF:lib/shared/widgets/buttons/action_buttons_component.dart
DA:13,0
DA:23,0
DA:25,0
DA:27,0
DA:30,0
DA:32,0
DA:34,0
DA:35,0
DA:37,0
DA:43,0
DA:45,0
DA:46,0
DA:47,0
DA:48,0
DA:49,0
DA:59,0
DA:61,0
DA:62,0
DA:63,0
DA:64,0
DA:65,0
LF:21
LH:0
end_of_record
SF:lib/shared/widgets/buttons/save_button_component.dart
DA:8,0
DA:14,0
DA:16,0
DA:17,0
DA:18,0
DA:21,0
LF:6
LH:0
end_of_record
SF:lib/shared/widgets/cards/info_card_component.dart
DA:14,5
DA:22,0
DA:24,0
DA:27,0
DA:29,0
DA:31,0
DA:32,0
DA:33,0
DA:34,0
DA:36,0
DA:37,0
DA:39,0
DA:40,0
DA:41,0
DA:44,0
DA:45,0
DA:46,0
LF:17
LH:1
end_of_record
SF:lib/shared/widgets/drawer/app_drawer.dart
DA:8,35
DA:10,0
DA:12,0
DA:14,0
DA:15,0
DA:16,0
DA:39,0
DA:40,0
DA:41,0
DA:51,0
DA:54,0
DA:65,0
DA:66,0
DA:70,0
DA:75,0
DA:76,0
DA:80,0
DA:81,0
DA:85,0
DA:86,0
DA:88,0
DA:90,0
DA:91,0
DA:96,0
DA:97,0
DA:98,0
LF:26
LH:1
end_of_record
SF:lib/shared/widgets/drawer/drawer_header_widget.dart
DA:4,5
DA:6,0
DA:8,0
DA:10,0
DA:12,0
DA:13,0
DA:14,0
LF:7
LH:1
end_of_record
SF:lib/shared/widgets/drawer/drawer_menu_item.dart
DA:9,0
DA:17,0
DA:19,0
DA:20,0
DA:21,0
DA:22,0
DA:25,0
DA:26,0
DA:27,0
DA:28,0
DA:30,0
DA:33,0
DA:34,0
DA:35,0
LF:14
LH:0
end_of_record
SF:lib/shared/widgets/drawer/health_section_widget.dart
DA:7,5
DA:9,0
DA:11,0
DA:13,0
DA:33,0
DA:39,0
DA:40,0
DA:42,0
DA:45,0
DA:55,0
DA:56,0
DA:57,0
DA:60,0
DA:70,0
DA:71,0
DA:72,0
DA:75,0
DA:81,0
DA:82,0
DA:83,0
DA:88,0
DA:90,0
LF:22
LH:1
end_of_record
SF:lib/shared/widgets/drawer/logout_button_widget.dart
DA:6,0
DA:8,0
DA:10,0
DA:12,0
DA:13,0
DA:14,0
DA:15,0
DA:17,0
DA:18,0
DA:19,0
DA:20,0
DA:22,0
DA:23,0
DA:25,0
DA:28,0
DA:30,0
DA:32,0
DA:33,0
DA:34,0
DA:37,0
DA:38,0
DA:39,0
LF:22
LH:0
end_of_record
SF:lib/shared/widgets/drawer/logout_card.dart
DA:6,0
DA:8,0
DA:10,0
DA:12,0
DA:13,0
DA:14,0
DA:15,0
DA:17,0
DA:18,0
DA:22,0
LF:10
LH:0
end_of_record
SF:lib/shared/widgets/drawer/pet_section_widget.dart
DA:10,5
DA:12,0
DA:14,0
DA:16,0
DA:36,0
DA:37,0
DA:38,0
DA:40,0
DA:41,0
DA:42,0
DA:45,0
DA:47,0
DA:48,0
DA:49,0
DA:50,0
DA:52,0
DA:53,0
DA:58,0
DA:59,0
DA:60,0
DA:62,0
DA:65,0
DA:67,0
DA:70,0
DA:82,0
DA:84,0
DA:85,0
DA:86,0
DA:95,0
DA:97,0
DA:102,0
DA:108,0
DA:109,0
DA:110,0
DA:117,0
DA:118,0
DA:119,0
DA:120,0
DA:123,0
DA:125,0
DA:127,0
DA:128,0
DA:129,0
DA:132,0
DA:133,0
DA:134,0
DA:142,0
DA:147,0
DA:148,0
DA:149,0
DA:151,0
DA:153,0
DA:155,0
DA:156,0
DA:157,0
DA:160,0
DA:162,0
DA:163,0
LF:58
LH:1
end_of_record
SF:lib/shared/widgets/drawer/service_section_widget.dart
DA:7,5
DA:9,0
DA:11,0
DA:13,0
DA:33,0
DA:39,0
DA:40,0
DA:41,0
DA:44,0
DA:54,0
DA:55,0
DA:56,0
DA:59,0
DA:65,0
DA:66,0
DA:67,0
DA:70,0
DA:76,0
DA:77,0
DA:78,0
DA:83,0
DA:85,0
LF:22
LH:1
end_of_record
SF:lib/shared/widgets/feedback/loading_widget.dart
DA:15,0
DA:25,0
DA:28,0
DA:29,0
DA:33,0
DA:34,0
DA:35,0
DA:37,0
DA:41,0
DA:45,0
DA:46,0
DA:47,0
DA:49,0
DA:53,0
DA:55,0
DA:56,0
DA:57,0
DA:67,0
DA:68,0
DA:69,0
DA:70,0
DA:71,0
DA:73,0
DA:75,0
DA:76,0
DA:77,0
DA:78,0
DA:84,0
DA:86,0
DA:90,0
DA:92,0
DA:93,0
DA:94,0
DA:108,0
DA:109,0
DA:110,0
DA:112,0
DA:114,0
DA:121,0
DA:123,0
DA:127,0
DA:128,0
DA:129,0
DA:132,0
DA:134,0
DA:135,0
DA:136,0
DA:144,0
DA:146,0
DA:168,0
DA:177,0
DA:179,0
DA:180,0
DA:181,0
DA:182,0
DA:183,0
DA:184,0
DA:195,0
DA:202,0
DA:204,0
DA:205,0
DA:207,0
DA:208,0
DA:209,0
DA:210,0
DA:211,0
DA:212,0
DA:213,0
DA:217,0
DA:219,0
DA:220,0
DA:221,0
DA:237,0
DA:244,0
DA:246,0
DA:248,0
DA:249,0
DA:250,0
DA:251,0
DA:252,0
DA:254,0
DA:257,0
DA:259,0
DA:260,0
DA:261,0
LF:85
LH:0
end_of_record
SF:lib/shared/widgets/feedback/notification_banner.dart
DA:16,0
DA:26,0
DA:27,0
DA:28,0
DA:30,0
DA:32,0
DA:34,0
DA:39,0
DA:40,0
DA:41,0
DA:43,0
DA:45,0
DA:47,0
DA:52,0
DA:54,0
DA:56,0
DA:57,0
DA:58,0
DA:59,0
DA:60,0
DA:61,0
DA:62,0
DA:63,0
DA:64,0
DA:67,0
DA:69,0
DA:70,0
DA:73,0
DA:74,0
DA:75,0
DA:77,0
DA:78,0
DA:79,0
DA:87,0
DA:89,0
DA:90,0
DA:91,0
DA:94,0
LF:38
LH:0
end_of_record
SF:lib/shared/widgets/feedback/snackbar.dart
DA:19,0
DA:32,0
DA:33,0
DA:34,0
DA:36,0
DA:38,0
DA:40,0
DA:45,0
DA:46,0
DA:47,0
DA:49,0
DA:51,0
DA:53,0
DA:58,0
DA:60,0
DA:62,0
DA:64,0
DA:65,0
DA:66,0
DA:67,0
DA:68,0
DA:69,0
DA:70,0
DA:73,0
DA:75,0
DA:76,0
DA:79,0
DA:81,0
DA:82,0
DA:84,0
DA:85,0
DA:86,0
DA:94,0
DA:96,0
DA:97,0
DA:98,0
DA:99,0
DA:100,0
DA:101,0
DA:108,0
DA:110,0
DA:111,0
DA:112,0
DA:128,0
DA:134,0
DA:135,0
DA:142,0
DA:144,0
DA:146,0
DA:147,0
DA:148,0
DA:151,0
DA:152,0
DA:153,0
DA:158,0
DA:159,0
DA:160,0
DA:161,0
DA:163,0
DA:164,0
DA:165,0
DA:168,0
DA:170,0
DA:172,0
DA:174,0
DA:175,0
DA:176,0
DA:177,0
DA:178,0
DA:179,0
DA:180,0
DA:181,0
DA:182,0
DA:183,0
DA:184,0
DA:185,0
DA:187,0
DA:190,0
DA:194,0
DA:195,0
DA:196,0
DA:199,0
DA:200,0
DA:212,0
DA:214,0
DA:215,0
DA:216,0
DA:219,0
LF:88
LH:0
end_of_record
SF:lib/shared/widgets/forms/toggle_switch_component.dart
DA:12,0
DA:21,0
DA:23,0
DA:24,0
DA:25,0
DA:28,0
DA:29,0
DA:30,0
DA:35,0
DA:36,0
DA:37,0
DA:38,0
DA:41,0
DA:42,0
DA:43,0
LF:15
LH:0
end_of_record
SF:lib/shared/widgets/headers/section_header_component.dart
DA:8,10
DA:14,0
DA:16,0
DA:17,0
DA:18,0
LF:5
LH:1
end_of_record
SF:lib/shared/widgets/input/button.dart
DA:29,0
DA:50,0
DA:71,0
DA:92,0
DA:113,0
DA:135,0
DA:156,0
DA:158,0
DA:160,0
DA:163,0
DA:164,0
DA:165,0
DA:166,0
DA:168,0
DA:169,0
DA:170,0
DA:175,0
DA:176,0
DA:179,0
DA:182,0
DA:183,0
DA:184,0
DA:191,0
DA:192,0
DA:193,0
DA:194,0
DA:197,0
DA:198,0
DA:201,0
DA:203,0
DA:204,0
DA:208,0
DA:214,0
DA:216,0
DA:217,0
DA:220,0
DA:221,0
DA:223,0
DA:225,0
DA:230,0
DA:231,0
DA:232,0
DA:233,0
DA:238,0
DA:240,0
DA:241,0
DA:242,0
DA:243,0
DA:244,0
DA:249,0
DA:274,0
DA:291,0
DA:308,0
DA:325,0
DA:342,0
DA:360,0
DA:377,0
DA:383,0
DA:384,0
DA:387,0
DA:390,0
DA:391,0
DA:392,0
DA:399,0
DA:400,0
DA:401,0
DA:402,0
DA:405,0
DA:406,0
DA:409,0
DA:411,0
DA:412,0
DA:416,0
DA:422,0
DA:423,0
DA:424,0
DA:425,0
DA:426,0
DA:427,0
DA:428,0
DA:429,0
DA:430,0
DA:431,0
DA:435,0
DA:436,0
DA:437,0
DA:438,0
DA:444,0
DA:457,0
DA:467,0
DA:472,0
DA:479,0
DA:488,0
DA:491,0
DA:492,0
DA:493,0
DA:494,0
DA:498,0
DA:499,0
DA:500,0
DA:520,0
DA:532,0
DA:537,0
DA:544,0
DA:553,0
DA:556,0
DA:557,0
DA:558,0
DA:559,0
DA:563,0
DA:564,0
DA:565,0
DA:568,0
DA:569,0
DA:571,0
LF:115
LH:0
end_of_record
SF:lib/shared/widgets/layout/arccodian.dart
DA:11,0
DA:31,0
DA:43,0
DA:49,0
DA:50,0
DA:51,0
DA:52,0
DA:55,0
DA:56,0
DA:59,0
DA:60,0
DA:66,0
DA:68,0
DA:69,0
DA:72,0
DA:73,0
DA:74,0
DA:75,0
DA:77,0
DA:78,0
DA:84,0
DA:86,0
DA:87,0
DA:88,0
DA:89,0
DA:90,0
DA:91,0
DA:92,0
DA:93,0
DA:94,0
DA:95,0
DA:97,0
DA:98,0
DA:99,0
DA:116,0
DA:125,0
DA:127,0
DA:131,0
DA:132,0
DA:136,0
DA:138,0
DA:140,0
DA:142,0
DA:144,0
DA:145,0
DA:147,0
DA:149,0
DA:150,0
DA:151,0
DA:152,0
DA:155,0
DA:156,0
DA:157,0
DA:158,0
DA:159,0
DA:168,0
DA:169,0
DA:170,0
DA:173,0
DA:175,0
DA:177,0
DA:181,0
LF:62
LH:0
end_of_record
SF:lib/shared/widgets/layout/card.dart
DA:23,0
DA:41,0
DA:58,0
DA:74,0
DA:76,0
DA:79,0
DA:80,0
DA:83,0
DA:84,0
DA:85,0
DA:89,0
DA:90,0
DA:91,0
DA:92,0
DA:93,0
DA:95,0
DA:97,0
DA:101,0
DA:104,0
DA:105,0
DA:106,0
DA:107,0
DA:108,0
DA:113,0
DA:115,0
DA:117,0
DA:118,0
DA:143,0
DA:159,0
DA:174,5
DA:189,0
DA:203,0
DA:205,0
DA:206,0
DA:208,0
DA:209,0
DA:210,0
DA:211,0
DA:213,0
DA:214,0
DA:215,0
DA:217,0
DA:218,0
DA:219,0
DA:220,0
DA:221,0
DA:225,0
DA:228,0
DA:229,0
DA:230,0
DA:234,0
DA:236,0
DA:238,0
DA:239,0
DA:240,0
LF:55
LH:1
end_of_record
SF:lib/shared/widgets/layout/divider.dart
DA:16,0
DA:27,0
DA:29,0
DA:30,0
DA:31,0
DA:34,0
DA:37,0
DA:38,0
DA:39,0
DA:40,0
DA:44,0
DA:45,0
DA:46,0
DA:47,0
DA:50,0
DA:51,0
DA:55,0
DA:56,0
DA:59,0
DA:60,0
DA:61,0
DA:65,0
DA:66,0
LF:23
LH:0
end_of_record
SF:lib/shared/widgets/layout/selection_card.dart
DA:12,0
DA:31,0
DA:41,0
DA:43,0
DA:45,0
DA:46,0
DA:47,0
DA:48,0
DA:49,0
DA:52,0
DA:57,0
DA:58,0
DA:60,0
DA:61,0
DA:62,0
DA:64,0
DA:65,0
DA:80,0
DA:88,0
DA:90,0
DA:92,0
DA:93,0
DA:94,0
DA:96,0
DA:97,0
DA:98,0
DA:99,0
DA:101,0
DA:102,0
DA:103,0
DA:105,0
DA:106,0
DA:107,0
DA:108,0
DA:111,0
DA:112,0
DA:114,0
DA:117,0
DA:119,0
DA:120,0
DA:121,0
DA:122,0
DA:125,0
DA:127,0
DA:135,0
DA:136,0
DA:141,0
DA:142,0
DA:144,0
DA:145,0
DA:146,0
DA:147,0
DA:148,0
DA:149,0
DA:150,0
DA:153,0
DA:155,0
DA:159,0
DA:160,0
DA:165,0
DA:166,0
DA:167,0
DA:169,0
DA:171,0
DA:174,0
DA:180,0
DA:182,0
DA:183,0
DA:184,0
DA:186,0
DA:187,0
DA:188,0
DA:197,0
DA:199,0
DA:217,0
DA:225,0
DA:227,0
DA:229,0
DA:230,0
DA:231,0
DA:232,0
DA:233,0
DA:236,0
DA:241,0
DA:242,0
DA:244,0
DA:245,0
DA:260,0
DA:274,0
DA:280,0
DA:282,0
DA:283,0
DA:284,0
DA:286,0
DA:287,0
DA:288,0
DA:289,0
DA:291,0
DA:293,0
DA:294,0
DA:296,0
DA:297,0
DA:299,0
DA:300,0
DA:305,0
DA:306,0
DA:308,0
DA:309,0
DA:310,0
DA:317,0
DA:319,0
DA:320,0
DA:321,0
DA:323,0
DA:332,0
DA:333,0
DA:334,0
DA:335,0
LF:118
LH:0
end_of_record
SF:lib/shared/widgets/navigation/custom_bottom_navigation.dart
DA:10,0
DA:16,0
DA:18,0
DA:19,0
DA:25,0
DA:26,0
DA:27,0
DA:28,0
DA:32,0
DA:34,0
DA:36,0
DA:37,0
DA:38,0
DA:39,0
DA:40,0
DA:45,0
DA:46,0
DA:47,0
DA:56,0
DA:59,0
DA:60,0
DA:61,0
DA:62,0
DA:63,0
DA:64,0
DA:74,0
DA:75,0
DA:77,0
DA:78,0
DA:79,0
DA:84,0
LF:31
LH:0
end_of_record
SF:lib/shared/widgets/performance/performance_monitor_widget.dart
DA:14,0
DA:21,0
DA:23,0
DA:32,0
DA:34,0
DA:35,0
DA:38,0
DA:39,0
DA:40,0
DA:43,0
DA:44,0
DA:45,0
DA:50,0
DA:51,0
DA:52,0
DA:53,0
DA:54,0
DA:59,0
DA:62,0
DA:63,0
DA:68,0
DA:69,0
DA:71,0
DA:72,0
DA:73,0
DA:74,0
DA:76,0
DA:79,0
DA:80,0
DA:87,0
DA:89,0
DA:91,0
DA:93,0
DA:98,0
DA:100,0
DA:101,0
DA:104,0
DA:106,0
DA:108,0
DA:110,0
DA:111,0
DA:112,0
DA:113,0
DA:119,0
DA:122,0
DA:123,0
DA:125,0
DA:126,0
DA:128,0
DA:130,0
DA:132,0
DA:139,0
DA:140,0
DA:141,0
DA:144,0
DA:146,0
DA:152,0
DA:153,0
DA:158,0
DA:159,0
DA:160,0
DA:162,0
DA:163,0
DA:164,0
DA:174,0
DA:175,0
DA:179,0
DA:180,0
DA:181,0
DA:182,0
DA:184,0
DA:186,0
DA:190,0
DA:191,0
DA:193,0
DA:195,0
DA:199,0
DA:200,0
DA:202,0
DA:204,0
DA:211,0
DA:217,0
DA:219,0
DA:220,0
DA:221,0
DA:222,0
DA:224,0
DA:225,0
DA:226,0
DA:228,0
DA:230,0
DA:236,0
DA:238,0
DA:248,0
DA:249,0
DA:251,0
DA:252,0
DA:254,0
DA:260,0
DA:261,0
DA:262,0
DA:264,0
DA:265,0
DA:266,0
DA:272,0
DA:273,0
DA:275,0
DA:276,0
DA:278,0
DA:284,0
DA:289,0
DA:290,0
DA:293,0
DA:294,0
DA:295,0
DA:296,0
DA:297,0
DA:300,0
DA:301,0
DA:302,0
DA:303,0
DA:304,0
DA:308,0
DA:309,0
DA:310,0
DA:311,0
DA:319,0
DA:321,0
DA:323,0
DA:325,0
DA:327,0
DA:332,0
DA:333,0
DA:335,0
DA:337,0
DA:338,0
DA:345,0
DA:346,0
DA:348,0
DA:350,0
DA:351,0
DA:358,0
DA:359,0
DA:361,0
DA:363,0
DA:370,0
DA:371,0
DA:373,0
DA:375,0
DA:382,0
DA:383,0
DA:385,0
DA:387,0
LF:153
LH:0
end_of_record
SF:lib/shared/widgets/responsive/responsive_layout.dart
DA:18,0
DA:27,0
DA:29,0
DA:30,0
DA:31,0
DA:33,0
DA:34,0
DA:35,0
DA:36,0
DA:38,0
DA:45,0
DA:46,0
DA:48,0
DA:50,0
DA:58,0
DA:64,0
DA:79,0
DA:91,0
DA:93,0
DA:94,0
DA:95,0
DA:98,0
DA:99,0
DA:100,0
DA:101,0
DA:103,0
DA:106,0
DA:107,0
DA:108,0
DA:109,0
DA:110,0
DA:111,0
DA:112,0
DA:114,0
DA:115,0
DA:136,0
DA:151,0
DA:153,0
DA:154,0
DA:155,0
DA:160,0
DA:161,0
DA:162,0
DA:163,0
DA:164,0
DA:165,0
DA:166,0
DA:167,0
DA:169,0
DA:170,0
DA:171,0
DA:174,0
DA:178,0
DA:179,0
DA:198,0
DA:211,0
DA:213,0
DA:214,0
DA:215,0
DA:218,0
DA:219,0
DA:220,0
DA:221,0
DA:223,0
DA:226,0
DA:227,0
DA:228,0
DA:230,0
DA:231,0
DA:233,0
DA:234,0
DA:235,0
LF:72
LH:0
end_of_record
SF:lib/shared/widgets/soft_gradient_sliver_app_bar.dart
DA:18,0
DA:30,0
DA:32,0
DA:33,0
DA:34,0
DA:35,0
DA:36,0
DA:39,0
DA:40,0
DA:45,0
DA:46,0
DA:47,0
DA:48,0
DA:54,0
DA:55,0
DA:56,0
DA:57,0
DA:60,0
DA:61,0
DA:62,0
DA:69,0
DA:70,0
DA:71,0
DA:93,0
DA:103,0
DA:105,0
DA:106,0
DA:107,0
DA:108,0
DA:109,0
DA:110,0
DA:111,0
DA:115,0
DA:116,0
DA:117,0
DA:118,0
DA:120,0
LF:37
LH:0
end_of_record
SF:lib/shared/widgets/tiles/settings_tile_component.dart
DA:10,0
DA:17,0
DA:19,0
DA:20,0
DA:21,0
DA:22,0
DA:23,0
DA:24,0
DA:31,0
LF:9
LH:0
end_of_record
SF:lib/features/notification/data/services/notification_stats_factory.dart
DA:7,1
DA:12,1
DA:17,1
DA:18,2
DA:19,3
DA:22,1
DA:23,1
DA:24,1
DA:25,2
DA:26,3
DA:28,3
DA:29,4
DA:31,4
DA:32,1
DA:34,1
DA:37,1
DA:39,0
DA:44,1
DA:49,1
DA:54,1
DA:55,2
DA:56,3
DA:57,1
DA:58,1
DA:59,1
DA:60,1
DA:62,2
DA:63,1
DA:64,1
DA:69,1
DA:71,2
DA:72,1
DA:75,1
DA:77,0
DA:82,1
DA:83,1
DA:84,1
DA:97,4
DA:98,4
DA:99,4
DA:100,1
DA:102,3
DA:104,4
DA:107,6
DA:109,6
DA:111,6
DA:113,6
DA:115,1
LF:48
LH:46
end_of_record
