SF:lib/features/pet_registor/presentation/constants/pet_registration_texts.dart
DA:57,0
LF:1
LH:0
end_of_record
SF:lib/app/config/app_config.dart
DA:76,0
DA:79,0
DA:80,0
DA:84,0
DA:87,0
DA:88,0
DA:89,0
DA:90,0
DA:91,0
DA:95,0
DA:96,0
DA:97,0
DA:98,0
DA:99,0
DA:100,0
DA:101,0
DA:104,0
DA:105,0
DA:106,0
DA:110,0
DA:115,0
DA:116,0
DA:117,0
DA:121,0
DA:122,0
DA:130,0
DA:131,0
DA:134,2
DA:135,3
DA:140,0
DA:150,0
DA:153,1
DA:156,0
DA:159,0
DA:162,0
DA:165,0
DA:168,0
DA:171,0
DA:174,0
DA:177,0
DA:180,0
DA:183,0
DA:186,0
DA:189,0
DA:192,0
DA:195,0
DA:198,0
DA:199,0
DA:201,0
DA:202,0
DA:204,0
DA:207,0
DA:208,0
DA:210,0
DA:211,0
DA:219,0
DA:222,0
DA:225,0
DA:228,0
DA:231,0
DA:234,0
DA:237,0
DA:240,0
DA:243,0
DA:246,0
DA:249,0
DA:252,0
DA:255,0
DA:258,0
DA:261,0
DA:264,0
DA:267,0
DA:268,0
DA:270,0
DA:271,0
DA:273,0
DA:276,0
DA:277,0
DA:279,0
DA:280,0
DA:288,0
DA:291,0
DA:294,0
DA:297,0
DA:300,0
DA:303,0
DA:306,0
DA:309,0
DA:312,0
DA:315,0
DA:318,0
DA:321,0
DA:324,0
DA:327,0
DA:330,0
DA:333,0
DA:336,0
DA:337,0
DA:339,0
DA:340,0
DA:342,0
DA:345,0
DA:346,0
DA:348,0
DA:349,0
DA:357,0
DA:360,0
DA:363,0
DA:366,0
DA:369,0
DA:372,0
DA:375,0
DA:378,0
DA:381,0
DA:384,0
DA:387,0
DA:390,0
DA:393,0
DA:396,0
DA:399,0
DA:402,0
DA:405,0
DA:408,0
DA:411,0
DA:414,0
DA:417,0
LF:126
LH:3
end_of_record
SF:lib/app/controllers/base_controller.dart
DA:24,0
DA:25,0
DA:33,0
DA:34,0
DA:44,0
DA:49,0
DA:58,0
DA:59,0
DA:63,0
DA:68,0
DA:69,0
DA:70,0
DA:77,0
DA:78,0
DA:79,0
DA:85,0
DA:86,0
DA:87,0
DA:93,0
DA:94,0
DA:95,0
DA:103,0
DA:104,0
DA:105,0
DA:106,0
DA:115,0
DA:116,0
DA:117,0
DA:118,0
DA:125,0
DA:126,0
DA:129,0
DA:130,0
DA:132,0
DA:135,0
DA:136,0
DA:138,0
DA:141,0
DA:142,0
DA:144,0
DA:146,0
DA:151,0
DA:156,0
DA:160,0
DA:161,0
DA:167,0
DA:173,0
DA:176,0
DA:179,0
DA:183,0
DA:185,0
DA:191,0
DA:198,0
DA:200,0
DA:202,0
DA:203,0
DA:206,0
DA:207,0
DA:210,0
DA:219,0
DA:220,0
DA:224,0
DA:225,0
DA:229,0
DA:235,0
DA:236,0
DA:238,0
DA:239,0
DA:240,0
DA:246,0
DA:252,0
DA:253,0
DA:255,0
DA:256,0
DA:257,0
DA:263,0
DA:270,0
DA:272,0
DA:277,0
DA:283,0
DA:285,0
DA:292,0
DA:293,0
DA:294,0
DA:295,0
DA:296,0
DA:299,0
DA:300,0
DA:301,0
DA:302,0
DA:303,0
DA:304,0
DA:305,0
DA:306,0
DA:307,0
DA:310,0
DA:311,0
DA:312,0
DA:313,0
DA:314,0
DA:315,0
DA:316,0
DA:317,0
DA:320,0
DA:321,0
DA:322,0
DA:323,0
DA:324,0
DA:327,0
DA:328,0
DA:329,0
DA:330,0
DA:331,0
DA:332,0
DA:335,0
DA:336,0
DA:337,0
DA:338,0
DA:339,0
DA:340,0
DA:341,0
DA:342,0
LF:122
LH:0
end_of_record
SF:lib/shared/services/error_service.dart
DA:8,0
DA:9,0
DA:10,0
DA:18,0
DA:19,0
DA:32,0
DA:40,0
DA:42,0
DA:43,0
DA:48,0
DA:60,0
DA:61,0
DA:64,0
DA:65,0
DA:66,0
DA:71,0
DA:72,0
DA:73,0
DA:74,0
DA:79,0
DA:80,0
DA:81,0
DA:86,0
DA:87,0
DA:88,0
DA:93,0
DA:94,0
DA:95,0
DA:104,0
DA:105,0
DA:106,0
DA:108,0
DA:110,0
DA:112,0
DA:120,0
DA:121,0
DA:125,0
DA:126,0
LF:38
LH:0
end_of_record
SF:lib/app/router/app_router.dart
DA:93,0
DA:94,0
DA:97,0
DA:99,0
DA:102,0
DA:105,0
DA:108,0
DA:111,0
LF:8
LH:0
end_of_record
SF:lib/app/router/routes/auth_routes.dart
DA:11,0
DA:12,0
DA:15,0
DA:17,0
DA:20,0
DA:22,0
DA:25,0
LF:7
LH:0
end_of_record
SF:lib/app/router/routes/pet_routes.dart
DA:14,0
DA:16,0
DA:19,0
DA:21,0
DA:24,0
DA:26,0
DA:29,0
DA:31,0
DA:34,0
DA:36,0
DA:39,0
DA:41,0
DA:44,0
DA:46,0
DA:49,0
DA:51,0
DA:54,0
DA:58,0
DA:61,0
DA:62,0
DA:63,0
DA:68,0
DA:71,0
DA:73,0
DA:74,0
DA:77,0
DA:80,0
DA:81,0
DA:82,0
DA:85,0
DA:88,0
DA:92,0
DA:95,0
LF:33
LH:0
end_of_record
SF:lib/features/pet_activities/presentation/screens/learn_trick_screen.dart
DA:10,12
DA:12,0
DA:13,0
DA:17,0
DA:19,0
DA:22,0
DA:24,0
DA:26,0
DA:28,0
DA:29,0
DA:34,0
DA:35,0
DA:47,0
DA:49,0
DA:50,0
DA:51,0
DA:57,0
DA:59,0
DA:60,0
DA:61,0
LF:20
LH:1
end_of_record
SF:lib/features/pet_profile/presentation/screens/vaccine_screen.dart
DA:9,0
DA:11,0
DA:12,0
DA:47,0
DA:49,0
DA:52,0
DA:54,0
DA:56,0
DA:58,0
DA:62,0
DA:64,0
DA:72,0
DA:74,0
DA:77,0
DA:79,0
DA:80,0
DA:83,0
DA:87,0
DA:88,0
DA:99,0
DA:100,0
DA:103,0
DA:104,0
DA:107,0
DA:108,0
DA:109,0
DA:112,0
DA:113,0
DA:115,0
DA:117,0
DA:118,0
DA:119,0
DA:120,0
DA:123,0
DA:124,0
DA:134,0
DA:135,0
DA:137,0
DA:138,0
DA:140,0
DA:146,0
DA:148,0
DA:149,0
DA:160,0
DA:161,0
DA:162,0
DA:163,0
DA:165,0
DA:168,0
DA:169,0
DA:171,0
DA:174,0
DA:182,0
DA:183,0
DA:184,0
DA:185,0
DA:187,0
DA:193,0
DA:195,0
DA:196,0
DA:203,0
DA:204,0
DA:205,0
DA:206,0
DA:210,0
DA:211,0
DA:212,0
DA:213,0
DA:216,0
DA:218,0
DA:219,0
DA:220,0
DA:221,0
DA:227,0
DA:229,0
DA:230,0
DA:231,0
DA:232,0
DA:235,0
DA:236,0
DA:237,0
DA:238,0
DA:241,0
DA:242,0
DA:245,0
DA:252,0
DA:253,0
DA:255,0
DA:256,0
DA:257,0
DA:258,0
DA:264,0
DA:265,0
DA:266,0
DA:267,0
DA:273,0
DA:274,0
DA:275,0
DA:276,0
DA:285,0
DA:286,0
DA:287,0
DA:288,0
DA:290,0
DA:291,0
DA:293,0
DA:294,0
DA:304,0
DA:305,0
DA:307,0
DA:308,0
DA:310,0
DA:311,0
DA:315,0
DA:317,0
DA:326,0
DA:327,0
DA:328,0
DA:329,0
DA:330,0
DA:333,0
DA:334,0
DA:335,0
DA:336,0
DA:337,0
DA:341,0
DA:342,0
DA:343,0
DA:344,0
DA:345,0
DA:347,0
DA:352,0
DA:353,0
DA:354,0
DA:361,0
DA:362,0
DA:364,0
DA:366,0
DA:367,0
DA:369,0
DA:371,0
DA:372,0
DA:377,0
DA:378,0
DA:380,0
DA:388,0
DA:389,0
DA:390,0
DA:391,0
DA:394,0
DA:395,0
DA:396,0
LF:152
LH:0
end_of_record
SF:lib/app/router/routes/shell_routes.dart
DA:30,0
DA:31,0
DA:32,0
DA:34,0
DA:36,0
DA:39,0
DA:40,0
DA:42,0
DA:45,0
DA:48,0
DA:59,0
DA:62,0
DA:64,0
DA:65,0
DA:68,0
DA:71,0
DA:73,0
DA:76,0
DA:78,0
DA:81,0
DA:84,0
DA:87,0
DA:93,0
DA:96,0
DA:97,0
DA:98,0
DA:101,0
DA:102,0
DA:103,0
DA:105,0
DA:106,0
DA:109,0
DA:111,0
DA:113,0
DA:114,0
DA:116,0
DA:118,0
DA:119,0
DA:121,0
DA:122,0
DA:132,0
DA:135,0
DA:137,0
DA:140,0
DA:141,0
DA:142,0
DA:145,0
DA:148,0
DA:150,0
DA:153,0
DA:155,0
DA:158,0
DA:159,0
DA:160,0
DA:163,0
DA:164,0
DA:165,0
DA:168,0
DA:170,0
DA:171,0
DA:173,0
DA:174,0
DA:183,0
DA:186,0
DA:187,0
DA:188,0
DA:191,0
DA:194,0
DA:197,0
DA:199,0
DA:206,0
DA:211,0
DA:214,0
DA:216,0
DA:219,0
DA:223,0
DA:226,0
DA:232,0
DA:235,0
DA:236,0
DA:238,0
DA:241,0
DA:244,0
DA:247,0
DA:253,0
DA:256,0
DA:258,0
DA:260,0
DA:263,0
DA:264,0
DA:270,0
DA:277,0
DA:280,0
DA:284,0
DA:287,0
DA:288,0
DA:289,0
DA:292,0
DA:294,0
DA:297,0
DA:299,0
DA:302,0
DA:303,0
DA:304,0
DA:307,0
DA:310,0
DA:311,0
DA:313,0
DA:327,0
DA:330,0
DA:333,0
DA:334,0
DA:335,0
DA:342,0
DA:345,0
DA:346,0
DA:347,0
DA:350,0
DA:352,0
DA:355,0
DA:357,0
DA:360,0
DA:362,0
DA:365,0
DA:375,0
DA:378,0
LF:126
LH:0
end_of_record
SF:lib/app/router/routes/splash_shell_routes.dart
DA:21,0
DA:22,0
DA:26,0
DA:28,0
DA:31,0
DA:35,0
DA:38,0
LF:7
LH:0
end_of_record
SF:lib/app/router/routes/standalone_routes.dart
DA:19,0
DA:21,0
DA:24,0
DA:27,0
DA:30,0
DA:32,0
DA:35,0
DA:36,0
DA:37,0
DA:38,0
DA:39,0
DA:43,0
DA:46,0
DA:47,0
DA:48,0
DA:49,0
DA:50,0
DA:54,0
DA:57,0
DA:59,0
DA:62,0
DA:63,0
DA:64,0
DA:67,0
DA:70,0
DA:73,0
DA:76,0
DA:78,0
DA:81,0
DA:82,0
DA:83,0
LF:31
LH:0
end_of_record
SF:lib/features/ai/presentation/screens/ai_chat_history_list_screen.dart
DA:8,12
DA:10,0
DA:12,0
DA:25,0
DA:27,0
DA:28,0
DA:29,0
DA:30,0
DA:31,0
DA:32,0
DA:33,0
DA:34,0
DA:35,0
DA:38,0
DA:40,0
DA:41,0
DA:42,0
DA:43,0
DA:46,0
DA:47,0
DA:48,0
DA:49,0
DA:50,0
DA:51,0
DA:53,0
DA:54,0
DA:55,0
DA:57,0
DA:58,0
DA:59,0
DA:64,0
DA:65,0
DA:66,0
DA:67,0
DA:68,0
DA:70,0
DA:71,0
DA:72,0
DA:73,0
DA:76,0
DA:78,0
DA:80,0
DA:82,0
DA:83,0
DA:88,0
DA:89,0
DA:90,0
DA:92,0
DA:94,0
DA:95,0
DA:98,0
DA:99,0
DA:100,0
DA:104,0
DA:107,0
DA:122,0
DA:124,0
DA:125,0
DA:126,0
DA:132,0
DA:133,0
DA:134,0
DA:135,0
DA:138,0
DA:139,0
DA:149,0
DA:150,0
DA:151,0
DA:152,0
DA:153,0
DA:154,0
DA:164,0
DA:165,0
DA:166,0
DA:168,0
DA:169,0
DA:174,0
DA:175,0
DA:182,0
DA:183,0
DA:184,0
DA:193,0
DA:194,0
DA:195,0
DA:196,0
DA:197,0
DA:198,0
DA:202,0
DA:203,0
DA:204,0
DA:205,0
DA:213,0
DA:214,0
DA:215,0
DA:217,0
DA:218,0
DA:219,0
DA:221,0
DA:224,0
DA:225,0
DA:226,0
DA:229,0
DA:230,0
DA:234,0
DA:244,0
DA:245,0
DA:249,0
DA:250,0
DA:252,0
DA:253,0
DA:254,0
DA:255,0
DA:257,0
DA:259,0
DA:261,0
DA:262,0
DA:263,0
DA:264,0
DA:265,0
DA:268,0
DA:269,0
DA:271,0
DA:272,0
DA:273,0
DA:274,0
DA:280,0
DA:281,0
DA:288,0
DA:289,0
DA:290,0
DA:295,0
DA:300,0
DA:301,0
DA:302,0
DA:303,0
DA:307,0
DA:308,0
DA:309,0
DA:310,0
DA:320,0
DA:321,0
DA:328,0
DA:329,0
DA:330,0
DA:339,0
DA:340,0
DA:341,0
DA:344,0
DA:347,0
DA:348,0
DA:349,0
DA:354,0
DA:357,0
DA:360,0
DA:361,0
DA:362,0
DA:375,0
DA:376,0
DA:378,0
DA:379,0
DA:380,0
DA:382,0
DA:386,0
DA:387,0
DA:388,0
DA:390,0
DA:392,0
DA:393,0
DA:394,0
DA:395,0
DA:396,0
DA:398,0
DA:399,0
DA:401,0
DA:405,0
DA:406,0
DA:407,0
DA:408,0
DA:411,0
DA:412,0
DA:414,0
DA:415,0
DA:418,0
DA:421,0
DA:422,0
DA:423,0
DA:424,0
DA:428,0
DA:429,0
DA:432,0
DA:433,0
DA:434,0
DA:435,0
DA:436,0
DA:442,0
DA:445,0
DA:448,0
DA:449,0
DA:450,0
DA:452,0
DA:453,0
DA:456,0
DA:459,0
DA:461,0
DA:464,0
DA:465,0
DA:467,0
DA:473,0
DA:474,0
DA:475,0
DA:477,0
DA:479,0
DA:490,0
DA:491,0
DA:492,0
DA:493,0
DA:494,0
LF:217
LH:1
end_of_record
SF:lib/features/ai/presentation/screens/ai_chat_screen.dart
DA:11,12
DA:13,0
DA:14,0
DA:22,0
DA:24,0
DA:25,0
DA:28,0
DA:29,0
DA:33,0
DA:35,0
DA:36,0
DA:37,0
DA:38,0
DA:41,0
DA:43,0
DA:45,0
DA:46,0
DA:50,0
DA:51,0
DA:52,0
DA:54,0
DA:55,0
DA:56,0
DA:59,0
DA:64,0
DA:65,0
DA:67,0
DA:70,0
DA:73,0
DA:76,0
DA:79,0
DA:80,0
DA:81,0
DA:82,0
DA:83,0
DA:91,0
DA:92,0
DA:95,0
DA:96,0
DA:97,0
DA:98,0
DA:99,0
DA:100,0
DA:101,0
DA:107,0
DA:108,0
DA:109,0
DA:110,0
DA:111,0
DA:112,0
DA:113,0
DA:116,0
DA:117,0
DA:118,0
DA:119,0
DA:124,0
DA:125,0
DA:128,0
DA:129,0
DA:132,0
DA:133,0
DA:136,0
DA:140,0
DA:141,0
DA:145,0
DA:148,0
DA:149,0
DA:150,0
DA:151,0
DA:155,0
DA:156,0
DA:158,0
DA:159,0
DA:163,0
DA:164,0
DA:168,0
DA:169,0
DA:175,0
DA:184,0
DA:185,0
DA:186,0
DA:187,0
DA:188,0
DA:189,0
DA:193,0
DA:197,0
DA:198,0
DA:199,0
DA:200,0
DA:204,0
DA:207,0
DA:208,0
DA:209,0
DA:210,0
DA:211,0
DA:213,0
DA:214,0
DA:215,0
DA:216,0
DA:218,0
DA:221,0
DA:222,0
DA:223,0
DA:224,0
DA:226,0
DA:227,0
DA:228,0
DA:234,0
DA:237,0
DA:238,0
DA:239,0
DA:240,0
DA:241,0
DA:242,0
DA:243,0
DA:244,0
DA:248,0
DA:252,0
DA:253,0
DA:255,0
DA:256,0
DA:257,0
DA:258,0
DA:259,0
DA:260,0
DA:263,0
DA:267,0
DA:268,0
DA:269,0
DA:270,0
DA:271,0
DA:272,0
DA:275,0
DA:279,0
DA:286,0
DA:289,0
DA:292,0
DA:293,0
DA:294,0
DA:295,0
DA:296,0
DA:297,0
DA:299,0
DA:301,0
DA:303,0
DA:304,0
DA:308,0
DA:309,0
DA:310,0
DA:314,0
DA:315,0
DA:319,0
DA:320,0
DA:326,0
DA:327,0
DA:328,0
DA:330,0
DA:331,0
DA:332,0
DA:334,0
DA:335,0
DA:336,0
DA:342,0
DA:343,0
DA:344,0
DA:345,0
DA:346,0
DA:355,0
DA:356,0
DA:359,0
DA:360,0
DA:368,0
DA:370,0
DA:375,0
DA:380,0
DA:385,0
DA:386,0
DA:391,0
LF:178
LH:1
end_of_record
SF:lib/features/ai/presentation/screens/ai_favorite_messages_screen.dart
DA:12,12
DA:14,0
DA:16,0
DA:19,0
DA:22,0
DA:24,0
DA:26,0
DA:28,0
DA:29,0
DA:30,0
DA:31,0
DA:37,0
DA:38,0
DA:39,0
DA:40,0
DA:46,0
DA:49,0
DA:51,0
DA:52,0
DA:53,0
DA:54,0
DA:56,0
DA:60,0
DA:61,0
DA:67,0
DA:68,0
DA:69,0
DA:71,0
DA:72,0
DA:74,0
DA:75,0
DA:78,0
DA:81,0
DA:85,0
DA:87,0
DA:93,0
DA:95,0
DA:103,0
DA:107,0
DA:109,0
DA:111,0
DA:112,0
DA:113,0
DA:114,0
DA:115,0
DA:117,0
DA:122,0
DA:127,0
DA:130,0
DA:131,0
DA:133,0
DA:134,0
DA:135,0
DA:136,0
DA:139,0
DA:141,0
DA:142,0
DA:143,0
DA:145,0
DA:146,0
DA:147,0
DA:149,0
DA:150,0
DA:153,0
DA:154,0
DA:160,0
DA:161,0
DA:163,0
DA:164,0
DA:165,0
DA:166,0
DA:167,0
DA:175,0
DA:176,0
DA:177,0
DA:178,0
DA:183,0
DA:184,0
DA:185,0
DA:187,0
DA:189,0
DA:196,0
DA:197,0
DA:198,0
DA:207,0
DA:209,0
DA:213,0
DA:215,0
DA:217,0
DA:222,0
DA:223,0
DA:224,0
DA:225,0
DA:239,0
DA:241,0
DA:242,0
DA:255,0
DA:256,0
DA:260,0
DA:261,0
DA:262,0
DA:263,0
DA:264,0
DA:269,0
DA:271,0
DA:275,0
DA:284,0
DA:289,0
DA:290,0
DA:291,0
DA:293,0
DA:295,0
DA:296,0
DA:297,0
DA:300,0
DA:301,0
DA:302,0
DA:308,0
DA:309,0
DA:310,0
DA:316,0
DA:318,0
DA:320,0
DA:321,0
DA:322,0
DA:324,0
DA:325,0
DA:326,0
DA:335,0
DA:337,0
DA:344,0
DA:345,0
DA:346,0
DA:348,0
DA:349,0
DA:350,0
DA:363,0
DA:366,0
DA:367,0
DA:368,0
DA:369,0
DA:370,0
DA:374,0
DA:375,0
DA:376,0
DA:385,0
DA:386,0
DA:393,0
DA:394,0
DA:395,0
DA:399,0
DA:401,0
DA:402,0
DA:407,0
DA:408,0
DA:409,0
DA:413,0
DA:414,0
DA:415,0
DA:425,0
DA:427,0
DA:429,0
DA:430,0
DA:432,0
DA:450,0
DA:451,0
DA:458,0
DA:460,0
DA:461,0
DA:463,0
DA:465,0
DA:467,0
DA:468,0
DA:469,0
DA:471,0
DA:472,0
DA:473,0
DA:475,0
DA:483,0
DA:485,0
DA:494,0
DA:497,0
DA:499,0
DA:500,0
DA:501,0
DA:505,0
DA:506,0
DA:507,0
DA:515,0
DA:518,0
DA:519,0
DA:520,0
DA:521,0
DA:525,0
DA:527,0
DA:528,0
DA:536,0
DA:537,0
DA:538,0
DA:542,0
DA:564,0
DA:565,0
DA:566,0
DA:567,0
DA:568,0
DA:569,0
DA:572,0
DA:574,0
DA:578,0
DA:580,0
DA:582,0
DA:583,0
DA:584,0
DA:585,0
DA:587,0
DA:590,0
DA:591,0
DA:592,0
DA:593,0
DA:595,0
DA:599,0
DA:601,0
DA:609,0
DA:610,0
DA:614,0
DA:618,0
DA:619,0
DA:620,0
DA:623,0
DA:624,0
DA:625,0
DA:628,0
DA:629,0
DA:634,0
DA:635,0
DA:636,0
DA:637,0
DA:642,0
DA:644,0
DA:646,0
DA:648,0
DA:651,0
DA:652,0
DA:653,0
DA:655,0
DA:657,0
DA:658,0
DA:659,0
DA:660,0
DA:661,0
DA:662,0
DA:664,0
DA:668,0
DA:669,0
DA:672,0
DA:673,0
DA:674,0
DA:677,0
LF:258
LH:1
end_of_record
SF:lib/features/facility/domain/facility.dart
DA:18,0
DA:34,0
DA:49,0
DA:50,0
DA:51,0
DA:52,0
DA:53,0
DA:54,0
DA:55,0
DA:56,0
DA:57,0
DA:58,0
DA:59,0
DA:60,0
DA:61,0
DA:62,0
LF:16
LH:0
end_of_record
SF:lib/features/scheduling/presentation/screens/today_appointments_screen.dart
DA:13,12
DA:15,0
DA:18,0
DA:20,0
DA:22,0
DA:25,0
DA:27,0
DA:29,0
DA:31,0
DA:34,0
DA:36,0
DA:37,0
DA:38,0
DA:39,0
DA:45,0
DA:46,0
DA:47,0
DA:48,0
DA:49,0
DA:51,0
DA:52,0
DA:53,0
DA:62,0
DA:63,0
DA:65,0
DA:66,0
DA:68,0
DA:74,0
DA:75,0
DA:76,0
DA:83,0
DA:88,0
DA:89,0
DA:90,0
DA:92,0
DA:93,0
DA:94,0
DA:109,0
DA:110,0
DA:112,0
DA:113,0
DA:114,0
DA:115,0
DA:116,0
DA:117,0
DA:130,0
DA:131,0
DA:132,0
DA:133,0
DA:135,0
DA:136,0
DA:139,0
DA:140,0
DA:141,0
DA:150,0
DA:152,0
DA:158,0
DA:160,0
DA:168,0
DA:172,0
DA:173,0
DA:183,0
DA:193,0
DA:195,0
DA:197,0
DA:198,0
DA:199,0
DA:200,0
DA:206,0
DA:208,0
DA:210,0
DA:212,0
DA:213,0
DA:214,0
DA:216,0
DA:217,0
DA:218,0
DA:219,0
DA:220,0
DA:222,0
DA:223,0
DA:224,0
DA:229,0
DA:230,0
DA:232,0
DA:233,0
DA:234,0
DA:235,0
DA:240,0
DA:241,0
DA:242,0
DA:249,0
DA:254,0
DA:255,0
DA:256,0
DA:258,0
DA:260,0
DA:261,0
DA:263,0
DA:265,0
DA:279,0
DA:280,0
DA:281,0
DA:287,0
DA:288,0
DA:291,0
DA:292,0
DA:293,0
DA:305,0
DA:307,0
DA:308,0
DA:310,0
DA:312,0
DA:319,0
DA:321,0
DA:322,0
DA:324,0
DA:326,0
LF:118
LH:1
end_of_record
SF:lib/features/walk/domain/entities/walk_record_entity.dart
DA:23,0
DA:43,0
DA:62,0
DA:63,0
DA:64,0
DA:65,0
DA:66,0
DA:67,0
DA:68,0
DA:69,0
DA:70,0
DA:71,0
DA:72,0
DA:73,0
DA:74,0
DA:75,0
DA:76,0
DA:77,0
DA:78,0
DA:79,0
DA:84,0
DA:87,0
DA:90,0
DA:93,0
DA:96,0
DA:99,0
DA:100,0
DA:101,0
DA:102,0
DA:103,0
DA:104,0
DA:105,0
DA:107,0
DA:108,0
DA:110,0
DA:112,0
DA:113,0
DA:114,0
DA:115,0
DA:116,0
DA:117,0
DA:118,0
DA:119,0
DA:120,0
DA:121,0
DA:122,0
DA:123,0
DA:124,0
DA:126,0
DA:127,0
DA:128,0
DA:130,0
DA:131,0
LF:53
LH:0
end_of_record
SF:lib/shared/mock_data/features/scheduling/scheduling_mock_service.dart
DA:9,0
DA:10,0
DA:11,0
DA:12,0
DA:20,0
DA:21,0
DA:23,0
DA:24,0
DA:32,0
DA:33,0
DA:35,0
DA:36,0
DA:44,0
DA:45,0
DA:51,0
DA:52,0
DA:53,0
DA:57,0
DA:58,0
DA:60,0
DA:61,0
DA:62,0
DA:66,0
DA:67,0
DA:72,0
DA:73,0
DA:77,0
DA:88,0
DA:89,0
DA:92,0
DA:93,0
DA:94,0
DA:95,0
DA:99,0
DA:100,0
DA:106,0
DA:115,0
DA:116,0
DA:120,0
DA:121,0
DA:122,0
DA:124,0
DA:125,0
DA:126,0
DA:128,0
DA:129,0
DA:130,0
DA:140,0
DA:141,0
DA:146,0
DA:149,0
DA:150,0
DA:151,0
DA:153,0
DA:156,0
DA:157,0
DA:159,0
DA:163,0
DA:172,0
DA:173,0
DA:177,0
DA:178,0
DA:179,0
DA:181,0
DA:182,0
DA:183,0
DA:184,0
DA:186,0
DA:187,0
DA:188,0
DA:189,0
DA:190,0
DA:204,0
DA:205,0
DA:209,0
DA:210,0
DA:214,0
DA:217,0
DA:218,0
DA:219,0
DA:224,0
DA:225,0
DA:231,0
DA:236,0
DA:237,0
DA:241,0
DA:242,0
DA:244,0
DA:245,0
DA:246,0
DA:248,0
DA:249,0
DA:250,0
DA:251,0
DA:261,0
DA:262,0
DA:272,0
DA:273,0
DA:285,0
DA:289,0
DA:291,0
DA:292,0
DA:293,0
DA:295,0
DA:296,0
DA:297,0
DA:298,0
DA:299,0
DA:309,0
DA:310,0
DA:311,0
DA:317,0
DA:323,0
DA:333,0
DA:334,0
DA:335,0
DA:341,0
DA:342,0
DA:351,0
DA:353,0
DA:357,0
DA:359,0
DA:363,0
DA:364,0
DA:365,0
DA:366,0
DA:367,0
DA:368,0
DA:373,0
DA:374,0
DA:375,0
DA:376,0
DA:379,0
DA:386,0
DA:387,0
DA:390,0
DA:397,0
DA:398,0
DA:401,0
DA:412,0
DA:413,0
DA:414,0
DA:415,0
DA:423,0
DA:425,0
DA:426,0
DA:434,0
DA:440,0
DA:441,0
DA:442,0
DA:448,0
DA:449,0
DA:450,0
DA:451,0
DA:452,0
DA:454,0
DA:459,0
DA:469,0
DA:470,0
DA:471,0
DA:477,0
DA:483,0
DA:488,0
DA:489,0
LF:164
LH:0
end_of_record
SF:lib/shared/widgets/navigation/main_navigation_screen.dart
DA:10,0
DA:12,0
DA:14,0
DA:18,0
DA:19,0
DA:22,0
DA:23,0
DA:26,0
DA:28,0
DA:30,0
DA:32,0
DA:34,0
DA:41,0
DA:43,0
DA:44,0
DA:46,0
DA:47,0
DA:49,0
DA:50,0
DA:52,0
DA:53,0
DA:55,0
DA:56,0
DA:61,0
DA:63,0
DA:64,0
DA:65,0
DA:66,0
DA:67,0
LF:29
LH:0
end_of_record
SF:lib/features/notification/presentation/screens/notification_detail_screen.dart
DA:17,0
DA:19,0
DA:21,0
DA:30,0
DA:32,0
DA:33,0
DA:34,0
DA:36,0
DA:37,0
DA:38,0
DA:40,0
DA:43,0
DA:45,0
DA:46,0
DA:49,0
DA:50,0
DA:53,0
DA:54,0
DA:57,0
DA:59,0
DA:60,0
DA:61,0
DA:66,0
DA:67,0
DA:70,0
DA:71,0
DA:73,0
DA:74,0
DA:75,0
DA:76,0
DA:84,0
DA:85,0
DA:88,0
DA:89,0
DA:93,0
DA:94,0
DA:96,0
DA:100,0
DA:101,0
DA:103,0
DA:107,0
DA:109,0
DA:117,0
DA:126,0
DA:129,0
DA:130,0
DA:132,0
DA:134,0
DA:136,0
DA:140,0
DA:142,0
DA:148,0
DA:150,0
DA:151,0
LF:54
LH:0
end_of_record
SF:lib/features/notification/presentation/screens/notification_list_screen.dart
DA:12,12
DA:14,0
DA:16,0
DA:25,0
DA:27,0
DA:28,0
DA:29,0
DA:32,0
DA:34,0
DA:36,0
DA:39,0
DA:41,0
DA:42,0
DA:46,0
DA:47,0
DA:48,0
DA:49,0
DA:50,0
DA:55,0
DA:56,0
DA:57,0
DA:61,0
DA:63,0
DA:66,0
DA:67,0
DA:69,0
DA:72,0
DA:75,0
DA:87,0
DA:90,0
DA:91,0
DA:92,0
DA:95,0
DA:98,0
DA:99,0
DA:102,0
LF:36
LH:1
end_of_record
SF:lib/features/pet_activities/presentation/screens/all_tricks_screen.dart
DA:17,12
DA:19,0
DA:20,0
DA:28,0
DA:30,0
DA:31,0
DA:34,0
DA:38,0
DA:40,0
DA:41,0
DA:45,0
DA:47,0
DA:48,0
DA:49,0
DA:50,0
DA:51,0
DA:55,0
DA:61,0
DA:64,0
DA:66,0
DA:67,0
DA:68,0
DA:69,0
DA:71,0
DA:77,0
DA:79,0
DA:81,0
DA:84,0
DA:85,0
DA:86,0
DA:91,0
DA:92,0
DA:94,0
DA:97,0
DA:98,0
DA:99,0
DA:103,0
DA:104,0
DA:114,0
DA:115,0
DA:116,0
DA:118,0
DA:119,0
DA:121,0
DA:122,0
DA:123,0
DA:124,0
DA:125,0
DA:126,0
DA:127,0
DA:130,0
DA:131,0
DA:132,0
DA:138,0
DA:143,0
DA:144,0
DA:148,0
DA:150,0
DA:151,0
DA:152,0
DA:153,0
DA:155,0
DA:158,0
DA:159,0
DA:160,0
DA:166,0
DA:167,0
DA:168,0
DA:169,0
DA:173,0
DA:175,0
DA:176,0
DA:177,0
DA:184,0
LF:74
LH:1
end_of_record
SF:lib/features/pet_activities/presentation/screens/youtube_training_videos_screen.dart
DA:20,0
DA:22,0
DA:24,0
DA:33,0
DA:35,0
DA:36,0
DA:37,0
DA:40,0
DA:41,0
DA:44,0
DA:45,0
DA:46,0
DA:47,0
DA:51,0
DA:52,0
DA:53,0
DA:54,0
DA:55,0
DA:56,0
DA:58,0
DA:62,0
DA:64,0
DA:65,0
DA:67,0
DA:68,0
DA:69,0
DA:71,0
DA:72,0
DA:73,0
DA:74,0
DA:79,0
DA:80,0
DA:81,0
DA:84,0
DA:85,0
DA:86,0
DA:87,0
DA:88,0
DA:89,0
DA:95,0
DA:97,0
DA:99,0
DA:102,0
DA:103,0
DA:105,0
DA:106,0
DA:107,0
DA:108,0
DA:114,0
DA:117,0
DA:120,0
DA:121,0
DA:122,0
DA:124,0
DA:125,0
DA:126,0
DA:127,0
DA:128,0
DA:129,0
DA:131,0
DA:132,0
DA:133,0
DA:135,0
DA:142,0
DA:144,0
DA:149,0
DA:150,0
DA:163,0
DA:165,0
DA:168,0
DA:169,0
DA:170,0
DA:174,0
DA:176,0
DA:177,0
DA:178,0
DA:179,0
DA:180,0
DA:182,0
DA:189,0
DA:190,0
DA:191,0
DA:193,0
DA:194,0
DA:195,0
DA:196,0
LF:86
LH:0
end_of_record
SF:lib/features/pet_health/presentation/screens/weight_tracking_screen.dart
DA:11,12
DA:13,0
DA:15,0
DA:19,0
DA:21,0
DA:25,0
DA:41,0
DA:43,0
DA:48,0
DA:49,0
DA:51,0
DA:57,0
DA:58,0
DA:59,0
DA:62,0
DA:63,0
LF:16
LH:1
end_of_record
SF:lib/features/ai/data/providers/ai_providers.g.dart
DA:9,0
DA:18,0
DA:31,0
DA:40,0
LF:4
LH:0
end_of_record
SF:lib/features/ai/data/providers/ai_providers.dart
DA:16,0
DA:19,0
DA:20,0
DA:28,0
DA:30,0
DA:31,0
DA:32,0
LF:7
LH:0
end_of_record
SF:lib/features/ai/data/repositories/ai_repository_impl.dart
DA:17,0
DA:23,0
DA:28,0
DA:29,0
DA:32,0
DA:36,0
DA:39,0
DA:42,0
DA:44,0
DA:45,0
DA:48,0
DA:51,0
DA:54,0
DA:56,0
DA:57,0
DA:58,0
DA:63,0
DA:70,0
DA:71,0
DA:74,0
DA:80,0
DA:82,0
DA:83,0
DA:86,0
DA:89,0
DA:92,0
DA:94,0
DA:95,0
DA:96,0
DA:101,0
DA:106,0
DA:110,0
DA:116,0
DA:117,0
DA:120,0
DA:132,0
DA:133,0
DA:138,0
DA:139,0
DA:140,0
DA:141,0
DA:142,0
DA:143,0
DA:144,0
DA:145,0
DA:149,0
DA:154,0
DA:158,0
DA:161,0
DA:162,0
DA:166,0
DA:171,0
DA:173,0
DA:175,0
DA:176,0
DA:180,0
DA:189,0
DA:191,0
DA:192,0
DA:197,0
DA:198,0
DA:203,0
DA:206,0
DA:210,0
DA:216,0
DA:218,0
DA:221,0
DA:226,0
DA:229,0
DA:237,0
DA:240,0
DA:241,0
DA:242,0
DA:244,0
DA:245,0
DA:246,0
DA:252,0
DA:253,0
DA:254,0
DA:259,0
DA:265,0
DA:267,0
DA:270,0
DA:273,0
DA:277,0
DA:280,0
DA:282,0
DA:285,0
DA:292,0
DA:295,0
DA:296,0
DA:297,0
DA:298,0
DA:300,0
DA:301,0
DA:302,0
DA:306,0
DA:312,0
DA:315,0
DA:318,0
DA:321,0
DA:326,0
DA:327,0
DA:328,0
DA:329,0
LF:105
LH:0
end_of_record
SF:lib/features/ai/data/services/openai_service.dart
DA:20,0
DA:21,0
DA:22,0
DA:26,0
DA:27,0
DA:28,0
DA:29,0
DA:30,0
DA:31,0
DA:32,0
DA:39,0
DA:44,0
DA:45,0
DA:46,0
DA:47,0
DA:48,0
DA:49,0
DA:52,0
DA:53,0
DA:54,0
DA:56,0
DA:57,0
DA:58,0
DA:59,0
DA:62,0
DA:64,0
DA:66,0
DA:67,0
DA:68,0
DA:69,0
DA:71,0
DA:78,0
DA:82,0
DA:84,0
DA:85,0
DA:91,0
DA:94,0
DA:95,0
DA:96,0
DA:100,0
DA:110,0
DA:113,0
DA:118,0
DA:119,0
DA:121,0
DA:122,0
DA:124,0
DA:125,0
DA:126,0
DA:133,0
DA:134,0
DA:135,0
DA:138,0
DA:139,0
DA:140,0
DA:141,0
DA:142,0
DA:143,0
DA:144,0
DA:145,0
DA:146,0
DA:147,0
DA:154,0
DA:155,0
DA:160,0
DA:164,0
DA:166,0
DA:167,0
DA:168,0
DA:171,0
DA:172,0
DA:173,0
DA:179,0
DA:180,0
DA:181,0
DA:182,0
DA:183,0
DA:184,0
DA:185,0
DA:187,0
DA:194,0
DA:195,0
DA:196,0
DA:197,0
DA:198,0
DA:199,0
DA:201,0
DA:212,0
DA:213,0
DA:214,0
DA:215,0
DA:216,0
DA:217,0
DA:218,0
DA:219,0
DA:220,0
DA:221,0
DA:222,0
DA:223,0
DA:224,0
DA:225,0
DA:226,0
DA:227,0
DA:228,0
DA:229,0
DA:231,0
DA:233,0
DA:234,0
DA:240,0
DA:242,0
DA:244,0
DA:246,0
DA:248,0
DA:250,0
DA:252,0
DA:260,0
DA:270,0
DA:271,0
DA:272,0
DA:273,0
DA:274,0
DA:275,0
DA:276,0
DA:277,0
DA:278,0
DA:279,0
DA:283,0
DA:284,0
DA:286,0
DA:287,0
DA:291,0
DA:295,0
DA:296,0
DA:300,0
DA:302,0
DA:307,0
DA:309,0
DA:319,0
DA:320,0
DA:324,0
DA:327,0
DA:328,0
DA:329,0
DA:331,0
DA:336,0
DA:339,0
DA:340,0
DA:341,0
DA:342,0
DA:350,0
DA:351,0
DA:355,0
DA:356,0
DA:359,0
DA:360,0
DA:363,0
DA:364,0
DA:365,0
DA:372,0
DA:373,0
DA:374,0
LF:161
LH:0
end_of_record
SF:lib/features/ai/data/repositories/ai_repository_mockito_impl.dart
DA:16,0
DA:21,0
DA:24,0
DA:25,0
DA:28,0
DA:32,0
DA:35,0
DA:38,0
DA:40,0
DA:41,0
DA:44,0
DA:47,0
DA:49,0
DA:50,0
DA:54,0
DA:61,0
DA:63,0
DA:64,0
DA:68,0
DA:74,0
DA:76,0
DA:77,0
DA:80,0
DA:83,0
DA:85,0
DA:86,0
DA:90,0
DA:93,0
DA:96,0
DA:99,0
DA:100,0
DA:103,0
DA:109,0
DA:110,0
DA:111,0
DA:113,0
DA:114,0
DA:115,0
DA:120,0
DA:123,0
DA:126,0
DA:129,0
DA:130,0
DA:133,0
DA:139,0
DA:140,0
DA:143,0
DA:152,0
DA:153,0
DA:154,0
DA:160,0
DA:161,0
DA:165,0
DA:168,0
DA:171,0
DA:177,0
DA:178,0
DA:181,0
DA:184,0
DA:187,0
DA:195,0
DA:196,0
DA:197,0
DA:198,0
DA:199,0
DA:204,0
DA:205,0
DA:206,0
DA:211,0
DA:217,0
DA:218,0
DA:221,0
DA:224,0
DA:227,0
DA:230,0
DA:233,0
DA:240,0
DA:241,0
DA:242,0
DA:243,0
DA:247,0
DA:253,0
DA:254,0
DA:257,0
DA:260,0
DA:264,0
DA:265,0
DA:268,0
DA:269,0
DA:270,0
DA:274,0
DA:276,0
DA:280,0
DA:285,0
DA:286,0
DA:287,0
DA:290,0
DA:291,0
DA:292,0
DA:298,0
DA:299,0
DA:315,0
DA:319,0
DA:320,0
DA:322,0
DA:329,0
DA:333,0
DA:334,0
DA:336,0
DA:340,0
DA:346,0
DA:347,0
DA:352,0
DA:353,0
DA:354,0
DA:360,0
DA:361,0
DA:366,0
DA:370,0
DA:371,0
DA:378,0
DA:379,0
DA:380,0
DA:387,0
DA:391,0
DA:392,0
DA:396,0
DA:400,0
DA:401,0
LF:129
LH:0
end_of_record
SF:lib/features/ai/data/services/ai_mock_data_service_impl.dart
DA:12,0
DA:14,0
DA:17,0
DA:19,0
DA:22,0
DA:25,0
DA:27,0
DA:28,0
DA:29,0
DA:30,0
DA:31,0
DA:32,0
DA:33,0
DA:36,0
DA:39,0
DA:42,0
DA:46,0
DA:49,0
DA:52,0
DA:55,0
DA:58,0
DA:64,0
DA:68,0
DA:70,0
DA:72,0
DA:74,0
DA:76,0
DA:78,0
LF:28
LH:0
end_of_record
SF:lib/features/ai/data/services/ai_category_service.dart
DA:9,0
DA:10,0
DA:14,0
DA:15,0
DA:19,0
DA:20,0
LF:6
LH:0
end_of_record
SF:lib/shared/mock_data/features/ai/ai_categories_mock_data.dart
DA:10,0
DA:11,0
DA:72,0
DA:74,0
DA:75,0
DA:83,0
DA:85,0
DA:86,0
DA:94,0
DA:95,0
DA:96,0
DA:97,0
DA:101,0
DA:102,0
DA:106,0
DA:107,0
LF:16
LH:0
end_of_record
SF:lib/features/ai/domain/entities/ai_category_entity.dart
DA:11,24
DA:22,0
DA:24,0
LF:3
LH:1
end_of_record
SF:lib/features/ai/data/services/ai_keyword_service.dart
DA:8,0
DA:9,0
DA:13,0
DA:14,0
DA:18,0
DA:19,0
LF:6
LH:0
end_of_record
SF:lib/shared/mock_data/features/ai/ai_keywords_mock_data.dart
DA:6,0
DA:7,0
DA:52,0
DA:53,0
DA:96,0
DA:97,0
DA:98,0
DA:101,0
DA:106,0
DA:110,0
DA:111,0
DA:113,0
DA:114,0
DA:115,0
DA:116,0
DA:117,0
DA:118,0
DA:119,0
DA:120,0
DA:121,0
DA:122,0
DA:123,0
DA:130,0
DA:131,0
DA:133,0
DA:134,0
DA:135,0
DA:136,0
DA:137,0
DA:138,0
DA:139,0
DA:140,0
DA:141,0
DA:142,0
DA:143,0
DA:144,0
DA:145,0
DA:146,0
LF:38
LH:0
end_of_record
SF:lib/shared/mock_data/features/ai/ai_chat_messages_mock_data.dart
DA:8,0
DA:9,0
DA:10,0
DA:12,0
DA:16,0
DA:18,0
DA:22,0
DA:26,0
DA:30,0
DA:32,0
DA:36,0
DA:40,0
DA:44,0
DA:47,0
DA:51,0
DA:53,0
DA:70,0
DA:72,0
DA:76,0
DA:78,0
DA:94,0
DA:96,0
DA:100,0
DA:104,0
DA:108,0
DA:110,0
DA:130,0
DA:134,0
DA:138,0
DA:140,0
DA:167,0
LF:31
LH:0
end_of_record
SF:lib/shared/mock_data/features/ai/ai_mock_data.dart
DA:107,0
DA:108,0
DA:109,0
DA:110,0
DA:111,0
DA:115,0
DA:119,0
DA:120,0
DA:124,0
DA:125,0
DA:126,0
DA:127,0
DA:129,0
DA:134,0
DA:135,0
DA:136,0
DA:138,0
DA:139,0
DA:140,0
DA:147,0
DA:148,0
DA:152,0
DA:153,0
DA:154,0
DA:157,0
DA:158,0
DA:159,0
DA:166,0
DA:167,0
DA:168,0
DA:173,0
DA:178,0
DA:185,0
DA:188,0
DA:192,0
DA:193,0
LF:36
LH:0
end_of_record
SF:lib/features/ai/data/services/pet_content_filter_service.dart
DA:11,0
DA:14,0
DA:16,0
DA:17,0
DA:18,0
DA:19,0
DA:21,0
DA:22,0
DA:26,0
DA:28,0
DA:36,0
DA:38,0
DA:43,0
DA:45,0
DA:56,0
DA:57,0
DA:60,0
DA:61,0
DA:73,0
DA:74,0
DA:75,0
DA:78,0
DA:80,0
DA:81,0
DA:84,0
DA:100,0
DA:101,0
DA:103,0
DA:104,0
DA:106,0
DA:107,0
DA:108,0
DA:109,0
DA:110,0
DA:121,0
DA:127,0
DA:129,0
DA:130,0
DA:131,0
DA:132,0
DA:135,0
DA:141,0
DA:157,0
DA:158,0
DA:159,0
DA:169,12
DA:175,0
DA:177,0
LF:48
LH:1
end_of_record
SF:lib/features/ai/domain/entities/ai_chat_history_entity.dart
DA:17,0
DA:29,0
DA:40,0
DA:41,0
DA:42,0
DA:43,0
DA:44,0
DA:45,0
DA:46,0
DA:47,0
DA:48,0
DA:49,0
DA:53,0
DA:56,0
DA:57,0
DA:58,0
DA:60,0
DA:61,0
LF:18
LH:0
end_of_record
SF:lib/features/ai/domain/entities/ai_message_entity.dart
DA:21,0
DA:32,0
DA:42,0
DA:43,0
DA:44,0
DA:45,0
DA:46,0
DA:47,0
DA:48,0
DA:49,0
DA:50,0
DA:55,0
DA:58,0
DA:61,0
DA:74,0
DA:84,0
DA:93,0
DA:94,0
DA:95,0
DA:96,0
DA:97,0
DA:98,0
DA:99,0
DA:100,0
DA:105,0
DA:106,0
DA:107,0
DA:111,0
DA:112,0
DA:116,0
DA:127,24
DA:151,0
LF:32
LH:1
end_of_record
SF:lib/features/ai/domain/entities/ai_chat_summary.dart
DA:6,0
DA:8,0
DA:9,0
DA:10,0
DA:11,0
DA:15,0
DA:18,0
DA:19,0
DA:20,0
DA:21,0
DA:23,0
DA:24,0
DA:26,0
DA:27,0
LF:14
LH:0
end_of_record
SF:lib/features/ai/domain/entities/ai_chat_summary_entity.dart
DA:17,0
DA:31,0
DA:44,0
DA:45,0
DA:46,0
DA:47,0
DA:48,0
DA:49,0
DA:50,0
DA:51,0
DA:52,0
DA:53,0
DA:54,0
DA:55,0
DA:59,0
DA:62,0
DA:63,0
DA:64,0
DA:66,0
DA:67,0
LF:20
LH:0
end_of_record
SF:lib/features/ai/domain/entities/ai_favorite_entity.dart
DA:14,0
DA:25,0
DA:35,0
DA:36,0
DA:37,0
DA:38,0
DA:39,0
DA:40,0
DA:41,0
DA:42,0
DA:43,0
DA:47,0
DA:50,0
DA:51,0
DA:52,0
DA:54,0
DA:55,0
DA:57,0
DA:59,0
LF:19
LH:0
end_of_record
SF:lib/features/ai/domain/entities/ai_favorite_qa_entity.dart
DA:14,0
DA:26,0
DA:27,0
DA:28,0
DA:29,0
DA:30,0
DA:31,0
DA:32,0
DA:33,0
DA:34,0
DA:35,0
DA:36,0
DA:41,0
DA:44,0
DA:49,0
DA:50,0
DA:51,0
DA:52,0
DA:54,0
DA:55,0
DA:56,0
DA:57,0
DA:62,0
DA:63,0
DA:64,0
DA:70,0
DA:71,0
DA:72,0
DA:78,0
DA:88,0
DA:89,0
DA:90,0
DA:91,0
DA:92,0
DA:93,0
DA:94,0
DA:95,0
DA:96,0
DA:100,0
DA:103,0
DA:106,0
DA:107,0
DA:109,0
DA:111,0
LF:44
LH:0
end_of_record
SF:lib/features/ai/presentation/controllers/ai_chat_controller.dart
DA:27,12
DA:40,0
DA:52,0
DA:53,0
DA:54,0
DA:55,0
DA:56,0
DA:57,0
DA:58,0
DA:59,0
DA:60,0
DA:61,0
DA:62,0
DA:70,0
DA:77,0
DA:78,0
DA:81,0
DA:84,0
DA:85,0
DA:87,0
DA:88,0
DA:97,0
DA:102,0
DA:105,0
DA:106,0
DA:107,0
DA:109,0
DA:113,0
DA:114,0
DA:116,0
DA:118,0
DA:121,0
DA:123,0
DA:129,0
DA:134,0
DA:136,0
DA:137,0
DA:138,0
DA:140,0
DA:144,0
DA:145,0
DA:146,0
DA:148,0
DA:150,0
DA:153,0
DA:155,0
DA:163,0
DA:165,0
DA:166,0
DA:167,0
DA:170,0
DA:173,0
DA:178,0
DA:179,0
DA:180,0
DA:182,0
DA:184,0
DA:185,0
DA:188,0
DA:192,0
DA:193,0
DA:194,0
DA:195,0
DA:196,0
DA:201,0
DA:202,0
DA:204,0
DA:205,0
DA:206,0
DA:207,0
DA:208,0
DA:209,0
DA:212,0
DA:215,0
DA:229,0
DA:230,0
DA:232,0
DA:235,0
DA:236,0
DA:237,0
DA:239,0
DA:242,0
DA:245,0
DA:249,0
DA:250,0
DA:251,0
DA:254,0
DA:256,0
DA:258,0
DA:264,0
DA:267,0
DA:272,0
DA:273,0
DA:274,0
DA:275,0
DA:276,0
DA:278,0
DA:285,0
DA:286,0
DA:287,0
DA:288,0
DA:293,0
DA:295,0
DA:297,0
DA:301,0
DA:304,0
DA:305,0
DA:306,0
DA:307,0
DA:308,0
DA:309,0
DA:310,0
DA:311,0
DA:313,0
DA:317,0
DA:319,0
DA:324,0
DA:325,0
DA:328,0
DA:329,0
DA:330,0
DA:331,0
DA:333,0
DA:334,0
DA:335,0
DA:336,0
DA:341,0
DA:343,0
DA:344,0
DA:348,0
DA:349,0
DA:350,0
DA:351,0
DA:353,0
DA:356,0
DA:362,0
DA:363,0
DA:367,0
DA:368,0
DA:371,0
DA:374,0
DA:377,0
DA:378,0
DA:380,0
DA:389,0
DA:392,0
DA:395,0
DA:396,0
DA:400,0
DA:401,0
DA:402,0
DA:403,0
DA:404,0
DA:411,0
DA:412,0
DA:416,0
DA:417,0
DA:418,0
DA:422,0
DA:423,0
DA:424,0
DA:427,0
DA:428,0
DA:429,0
DA:430,0
DA:437,0
DA:438,0
DA:442,0
DA:443,0
DA:444,0
DA:445,0
DA:446,0
DA:453,0
DA:454,0
DA:458,0
DA:461,0
DA:462,0
DA:465,0
DA:468,0
DA:471,0
DA:474,0
DA:477,0
DA:480,0
DA:483,0
DA:486,0
DA:487,0
DA:490,0
DA:491,0
DA:492,0
DA:496,0
DA:497,0
DA:498,0
DA:502,0
DA:503,0
DA:504,0
DA:505,0
DA:506,0
DA:513,0
DA:514,0
DA:518,0
DA:519,0
DA:520,0
DA:521,0
DA:522,0
DA:528,0
DA:529,0
LF:206
LH:1
end_of_record
SF:lib/features/ai/presentation/controllers/ai_chat_controller.g.dart
DA:9,0
DA:15,0
DA:16,0
LF:3
LH:0
end_of_record
SF:lib/features/ai/presentation/widgets/ai_category_selection.dart
DA:11,0
DA:18,0
DA:20,0
DA:22,0
DA:24,0
DA:25,0
DA:27,0
DA:33,0
DA:35,0
DA:40,0
DA:46,0
DA:47,0
DA:56,0
DA:57,0
DA:58,0
DA:59,0
DA:61,0
DA:66,0
DA:67,0
DA:68,0
DA:69,0
DA:71,0
DA:73,0
DA:75,0
DA:77,0
DA:78,0
DA:81,0
DA:83,0
DA:84,0
DA:85,0
DA:90,0
DA:91,0
DA:92,0
DA:99,0
DA:100,0
DA:101,0
DA:103,0
DA:104,0
DA:105,0
DA:107,0
DA:108,0
DA:109,0
DA:114,0
DA:115,0
DA:118,0
DA:119,0
DA:120,0
DA:121,0
DA:123,0
DA:131,0
DA:132,0
DA:133,0
LF:52
LH:0
end_of_record
SF:lib/features/ai/presentation/widgets/ai_category_selection_bubble.dart
DA:12,0
DA:18,0
DA:20,0
DA:22,0
DA:25,0
DA:27,0
DA:33,0
DA:43,0
DA:44,0
DA:46,0
DA:48,0
DA:51,0
DA:52,0
DA:53,0
DA:59,0
DA:62,0
DA:64,0
DA:66,0
DA:74,0
DA:76,0
DA:84,0
DA:89,0
DA:91,0
DA:104,0
DA:105,0
DA:108,0
DA:109,0
DA:110,0
DA:114,0
DA:115,0
DA:117,0
DA:118,0
DA:119,0
DA:124,0
DA:126,0
DA:127,0
DA:130,0
DA:133,0
DA:134,0
DA:135,0
DA:141,0
DA:143,0
DA:144,0
DA:145,0
DA:150,0
DA:151,0
DA:152,0
LF:47
LH:0
end_of_record
SF:lib/features/ai/presentation/widgets/ai_favorite_card_widget.dart
DA:13,0
DA:22,0
DA:24,0
DA:27,0
DA:28,0
DA:29,0
DA:30,0
DA:32,0
DA:33,0
DA:34,0
DA:35,0
DA:39,0
DA:40,0
DA:42,0
DA:43,0
DA:44,0
DA:49,0
DA:50,0
DA:51,0
DA:53,0
DA:54,0
DA:55,0
DA:64,0
DA:70,0
DA:72,0
DA:73,0
DA:75,0
DA:76,0
DA:80,0
DA:81,0
DA:83,0
DA:85,0
DA:88,0
DA:92,0
DA:94,0
DA:96,0
DA:99,0
DA:101,0
DA:114,0
DA:115,0
DA:116,0
DA:119,0
DA:120,0
DA:121,0
DA:123,0
DA:124,0
DA:125,0
DA:127,0
DA:128,0
DA:130,0
LF:50
LH:0
end_of_record
SF:lib/features/ai/presentation/widgets/ai_follow_up_questions_bubble.dart
DA:13,0
DA:20,0
DA:22,0
DA:24,0
DA:27,0
DA:29,0
DA:35,0
DA:45,0
DA:46,0
DA:48,0
DA:50,0
DA:52,0
DA:53,0
DA:54,0
DA:55,0
DA:61,0
DA:64,0
DA:66,0
DA:68,0
DA:76,0
DA:77,0
DA:78,0
DA:86,0
DA:91,0
DA:93,0
DA:106,0
DA:107,0
DA:109,0
DA:111,0
DA:112,0
DA:114,0
DA:120,0
DA:125,0
DA:127,0
DA:128,0
DA:129,0
DA:130,0
DA:131,0
DA:132,0
DA:133,0
DA:134,0
DA:135,0
DA:137,0
DA:141,0
DA:142,0
DA:144,0
DA:146,0
DA:147,0
DA:148,0
DA:149,0
DA:150,0
DA:151,0
DA:154,0
DA:155,0
DA:161,0
DA:163,0
DA:164,0
DA:165,0
DA:168,0
DA:169,0
DA:170,0
DA:176,0
DA:177,0
DA:178,0
DA:179,0
DA:181,0
DA:187,0
DA:190,0
LF:68
LH:0
end_of_record
SF:lib/features/ai/presentation/widgets/ai_message_bubble.dart
DA:17,0
DA:24,0
DA:26,0
DA:27,0
DA:29,0
DA:31,0
DA:36,0
DA:37,0
DA:38,0
DA:44,0
DA:53,0
DA:54,0
DA:55,0
DA:56,0
DA:58,0
DA:63,0
DA:65,0
DA:73,0
DA:74,0
DA:76,0
DA:77,0
DA:78,0
DA:84,0
DA:86,0
DA:88,0
DA:89,0
DA:90,0
DA:98,0
DA:100,0
DA:101,0
DA:102,0
DA:103,0
DA:107,0
DA:108,0
DA:120,0
DA:122,0
DA:129,0
DA:130,0
DA:132,0
DA:133,0
DA:134,0
DA:137,0
DA:139,0
DA:145,0
DA:147,0
DA:151,0
DA:152,0
DA:153,0
DA:154,0
DA:156,0
DA:161,0
DA:162,0
DA:163,0
DA:164,0
DA:166,0
DA:170,0
DA:172,0
DA:182,0
DA:183,0
DA:185,0
DA:186,0
DA:189,0
DA:190,0
DA:193,0
DA:194,0
DA:195,0
DA:196,0
DA:197,0
DA:198,0
DA:201,0
DA:202,0
DA:207,0
DA:209,0
DA:210,0
DA:217,0
DA:218,0
DA:219,0
DA:228,0
DA:229,0
DA:230,0
DA:232,0
DA:234,0
DA:235,0
DA:236,0
DA:237,0
DA:239,0
LF:86
LH:0
end_of_record
SF:lib/features/settings/data/providers/settings_providers.dart
DA:14,0
DA:16,0
DA:20,0
DA:22,0
DA:23,0
DA:26,0
DA:28,0
DA:29,0
DA:32,0
DA:34,0
DA:35,0
DA:38,0
DA:40,0
DA:41,0
DA:47,0
DA:49,0
DA:50,0
DA:51,0
DA:52,0
DA:54,0
DA:59,0
DA:60,0
DA:61,0
DA:62,0
DA:63,0
DA:64,0
DA:65,0
DA:67,0
DA:73,0
DA:74,0
DA:75,0
DA:76,0
DA:77,0
DA:88,0
DA:90,0
DA:91,0
DA:92,0
DA:93,0
DA:95,0
DA:100,0
DA:101,0
DA:102,0
DA:103,0
DA:104,0
DA:105,0
DA:106,0
DA:108,0
DA:114,0
DA:115,0
DA:116,0
DA:117,0
DA:118,0
LF:52
LH:0
end_of_record
SF:lib/features/settings/data/providers/settings_providers.g.dart
DA:9,0
DA:14,0
DA:15,0
DA:28,0
DA:33,0
DA:34,0
DA:48,0
DA:53,0
DA:54,0
DA:68,0
DA:73,0
DA:74,0
DA:88,0
DA:93,0
DA:94,0
DA:108,0
DA:113,0
DA:114,0
DA:128,0
DA:133,0
DA:134,0
LF:21
LH:0
end_of_record
SF:lib/features/settings/domain/entities/user_profile_entity.dart
DA:9,0
DA:18,0
DA:26,0
DA:27,0
DA:28,0
DA:29,0
DA:30,0
DA:31,0
DA:32,0
DA:45,12
DA:54,0
DA:62,0
DA:63,0
DA:64,0
DA:65,0
DA:66,0
DA:67,0
DA:68,0
DA:82,0
DA:88,0
DA:89,0
DA:99,0
LF:22
LH:1
end_of_record
SF:lib/features/ai/presentation/widgets/ai_message_input.dart
DA:11,0
DA:18,0
DA:20,0
DA:21,0
DA:25,0
DA:27,0
DA:29,0
DA:30,0
DA:31,0
DA:37,0
DA:38,0
DA:39,0
DA:40,0
DA:41,0
DA:42,0
DA:43,0
DA:45,0
DA:48,0
DA:49,0
DA:50,0
DA:51,0
DA:54,0
DA:55,0
DA:65,0
DA:69,0
DA:70,0
DA:71,0
DA:74,0
DA:75,0
DA:77,0
DA:78,0
LF:31
LH:0
end_of_record
SF:lib/features/ai/presentation/widgets/ai_pet_selection.dart
DA:13,0
DA:21,0
DA:23,0
DA:25,0
DA:27,0
DA:28,0
DA:29,0
DA:30,0
DA:36,0
DA:39,0
DA:40,0
DA:42,0
DA:49,0
DA:51,0
DA:52,0
DA:58,0
DA:59,0
DA:62,0
DA:63,0
DA:64,0
DA:66,0
DA:67,0
DA:68,0
DA:71,0
DA:74,0
DA:76,0
DA:82,0
DA:84,0
DA:85,0
DA:90,0
DA:91,0
DA:92,0
DA:95,0
DA:109,0
DA:110,0
DA:113,0
DA:117,0
DA:118,0
DA:120,0
DA:121,0
DA:122,0
DA:127,0
DA:129,0
DA:130,0
DA:133,0
DA:137,0
DA:138,0
DA:139,0
DA:146,0
DA:148,0
DA:149,0
DA:150,0
DA:152,0
DA:155,0
DA:156,0
DA:160,0
DA:161,0
DA:164,0
DA:165,0
DA:166,0
DA:167,0
DA:174,0
DA:175,0
DA:176,0
DA:178,0
DA:179,0
DA:190,0
DA:191,0
DA:193,0
DA:194,0
DA:195,0
DA:201,0
DA:203,0
DA:205,0
DA:206,0
DA:209,0
DA:213,0
DA:214,0
DA:215,0
DA:220,0
DA:223,0
DA:225,0
DA:228,0
LF:83
LH:0
end_of_record
SF:lib/features/ai/presentation/widgets/ai_pet_selection_bubble.dart
DA:12,0
DA:18,0
DA:20,0
DA:22,0
DA:25,0
DA:27,0
DA:33,0
DA:43,0
DA:44,0
DA:46,0
DA:48,0
DA:50,0
DA:51,0
DA:52,0
DA:53,0
DA:59,0
DA:62,0
DA:64,0
DA:66,0
DA:73,0
DA:75,0
DA:82,0
DA:84,0
DA:92,0
DA:93,0
DA:94,0
DA:95,0
DA:96,0
DA:101,0
DA:103,0
DA:111,0
DA:112,0
DA:113,0
DA:114,0
DA:115,0
DA:116,0
DA:118,0
DA:126,0
DA:128,0
DA:141,0
DA:142,0
DA:144,0
DA:146,0
DA:154,0
DA:155,0
DA:157,0
DA:158,0
DA:159,0
DA:161,0
DA:163,0
DA:164,0
DA:169,0
DA:170,0
DA:173,0
DA:174,0
DA:175,0
DA:177,0
DA:178,0
DA:179,0
DA:182,0
DA:185,0
DA:187,0
DA:193,0
DA:195,0
DA:196,0
DA:205,0
DA:206,0
DA:209,0
DA:213,0
DA:214,0
DA:216,0
DA:217,0
DA:218,0
DA:223,0
DA:225,0
DA:226,0
DA:229,0
DA:233,0
DA:234,0
DA:235,0
DA:242,0
DA:244,0
DA:245,0
DA:246,0
DA:248,0
DA:251,0
DA:252,0
DA:256,0
DA:257,0
DA:260,0
DA:261,0
DA:262,0
DA:263,0
DA:268,0
DA:269,0
DA:270,0
DA:272,0
DA:273,0
DA:284,0
DA:285,0
DA:287,0
DA:288,0
DA:289,0
DA:295,0
DA:297,0
DA:299,0
DA:300,0
DA:303,0
DA:307,0
DA:308,0
DA:309,0
DA:314,0
DA:317,0
DA:319,0
DA:322,0
LF:115
LH:0
end_of_record
SF:lib/features/ai/presentation/widgets/ai_question_request_bubble.dart
DA:13,0
DA:20,0
DA:22,0
DA:24,0
DA:27,0
DA:29,0
DA:35,0
DA:45,0
DA:46,0
DA:48,0
DA:50,0
DA:52,0
DA:53,0
DA:54,0
DA:55,0
DA:61,0
DA:64,0
DA:66,0
DA:67,0
DA:68,0
DA:76,0
DA:77,0
DA:78,0
DA:86,0
DA:91,0
DA:93,0
DA:106,0
DA:107,0
DA:109,0
DA:110,0
DA:111,0
DA:112,0
DA:113,0
DA:114,0
DA:115,0
DA:116,0
DA:117,0
DA:118,0
DA:119,0
DA:120,0
DA:121,0
DA:122,0
DA:123,0
DA:124,0
DA:125,0
DA:127,0
DA:131,0
DA:132,0
DA:133,0
DA:134,0
DA:136,0
DA:137,0
DA:138,0
DA:139,0
DA:140,0
DA:141,0
DA:142,0
DA:143,0
DA:144,0
DA:145,0
DA:146,0
DA:147,0
DA:148,0
DA:150,0
DA:154,0
DA:155,0
DA:158,0
DA:159,0
DA:162,0
DA:163,0
DA:164,0
DA:173,0
DA:174,0
DA:183,0
DA:184,0
DA:193,0
DA:194,0
DA:203,0
DA:204,0
DA:213,0
DA:214,0
DA:223,0
DA:224,0
DA:233,0
DA:234,0
DA:244,0
DA:255,0
DA:256,0
DA:257,0
DA:260,0
DA:262,0
DA:263,0
DA:264,0
DA:266,0
DA:268,0
DA:275,0
DA:277,0
DA:281,0
DA:283,0
DA:286,0
DA:287,0
DA:291,0
DA:293,0
DA:295,0
DA:297,0
DA:298,0
DA:299,0
DA:301,0
DA:302,0
DA:303,0
DA:304,0
DA:307,0
DA:308,0
DA:314,0
DA:316,0
DA:317,0
DA:318,0
DA:321,0
DA:322,0
DA:323,0
DA:329,0
DA:330,0
DA:331,0
DA:332,0
DA:334,0
LF:125
LH:0
end_of_record
SF:lib/features/ai/presentation/widgets/ai_suggested_questions.dart
DA:11,0
DA:17,0
DA:20,0
DA:21,0
DA:22,0
DA:25,0
DA:27,0
DA:29,0
DA:30,0
DA:32,0
DA:38,0
DA:41,0
DA:42,0
DA:43,0
DA:44,0
DA:45,0
DA:47,0
DA:52,0
DA:54,0
DA:55,0
DA:56,0
DA:59,0
DA:60,0
DA:61,0
DA:67,0
DA:69,0
DA:70,0
DA:71,0
DA:76,0
DA:77,0
DA:78,0
DA:79,0
DA:91,0
LF:33
LH:0
end_of_record
SF:lib/features/ai/presentation/widgets/ai_typing_indicator.dart
DA:7,12
DA:9,0
DA:10,0
DA:18,0
DA:20,0
DA:21,0
DA:23,0
DA:24,0
DA:29,0
DA:30,0
DA:31,0
DA:33,0
DA:36,0
DA:37,0
DA:38,0
DA:39,0
DA:45,0
DA:47,0
DA:48,0
DA:50,0
DA:53,0
DA:55,0
DA:57,0
DA:58,0
DA:59,0
DA:65,0
DA:73,0
DA:78,0
DA:80,0
DA:82,0
DA:83,0
DA:84,0
DA:85,0
DA:91,0
DA:93,0
DA:94,0
DA:96,0
DA:98,0
DA:107,0
DA:108,0
DA:109,0
DA:110,0
DA:111,0
DA:114,0
DA:115,0
LF:45
LH:1
end_of_record
SF:lib/features/auth/data/auth_providers.dart
DA:15,0
DA:17,0
DA:18,0
DA:26,0
DA:29,0
DA:30,0
DA:35,0
DA:38,0
DA:40,0
DA:48,0
DA:51,0
DA:52,0
DA:55,0
DA:56,0
DA:59,0
DA:60,0
DA:63,0
DA:64,0
DA:67,0
DA:68,0
DA:69,0
DA:73,0
DA:74,0
DA:78,0
DA:79,0
DA:84,0
DA:85,0
DA:88,0
DA:91,0
DA:92,0
DA:96,0
DA:97,0
DA:98,0
DA:99,0
DA:102,0
DA:104,0
DA:105,0
DA:109,0
DA:112,0
DA:114,0
DA:117,0
DA:120,0
DA:121,0
DA:126,0
DA:129,0
DA:131,0
DA:133,0
DA:138,0
DA:140,0
DA:142,0
DA:147,0
DA:149,0
DA:152,0
DA:156,0
DA:157,0
DA:162,0
DA:165,0
DA:167,0
DA:172,0
DA:175,0
DA:176,0
DA:177,0
DA:178,0
DA:180,0
DA:182,0
DA:190,0
DA:191,0
DA:196,0
DA:198,0
DA:203,0
DA:207,0
DA:210,0
DA:211,0
DA:214,0
DA:215,0
LF:75
LH:0
end_of_record
SF:lib/features/auth/data/auth_providers.g.dart
DA:9,0
DA:13,0
DA:26,0
DA:30,0
DA:31,0
DA:44,0
DA:49,0
DA:50,0
DA:64,0
DA:69,0
DA:70,0
LF:11
LH:0
end_of_record
SF:lib/features/auth/data/repositories/auth_repository_impl.dart
DA:16,0
DA:23,0
DA:25,0
DA:31,0
DA:37,0
DA:38,0
DA:43,0
DA:47,0
DA:53,0
DA:59,0
DA:60,0
DA:65,0
DA:69,0
DA:72,0
DA:75,0
DA:76,0
DA:81,0
DA:85,0
DA:88,0
DA:91,0
DA:92,0
DA:97,0
DA:101,0
DA:104,0
DA:107,0
DA:108,0
DA:113,0
DA:117,0
DA:121,0
DA:124,0
DA:127,0
DA:132,0
DA:136,0
DA:137,0
DA:139,0
DA:143,0
DA:147,0
DA:156,0
DA:158,0
DA:161,0
DA:163,0
DA:166,0
DA:171,0
DA:177,0
DA:180,0
DA:181,0
DA:184,0
DA:190,0
DA:192,0
DA:196,0
DA:197,0
DA:199,0
DA:204,0
DA:205,0
DA:207,0
DA:212,0
DA:213,0
DA:215,0
DA:220,0
DA:221,0
DA:223,0
DA:228,0
DA:229,0
DA:231,0
DA:237,0
DA:242,0
DA:244,0
DA:247,0
DA:250,0
DA:253,0
DA:259,0
DA:271,0
DA:273,0
DA:274,0
DA:276,0
DA:277,0
DA:280,0
DA:287,0
DA:298,0
DA:300,0
DA:301,0
DA:302,0
DA:303,0
DA:304,0
DA:305,0
DA:306,0
DA:312,0
LF:87
LH:0
end_of_record
SF:lib/features/auth/data/repositories/firebase_auth_repository.dart
DA:16,0
DA:23,0
DA:24,0
DA:28,0
DA:29,0
DA:31,0
DA:33,0
DA:34,0
DA:36,0
DA:38,0
DA:40,0
DA:41,0
DA:42,0
DA:43,0
DA:45,0
DA:50,0
DA:52,0
DA:56,0
DA:63,0
DA:64,0
DA:68,0
DA:69,0
DA:71,0
DA:73,0
DA:74,0
DA:76,0
DA:78,0
DA:80,0
DA:81,0
DA:82,0
DA:83,0
DA:85,0
DA:91,0
DA:93,0
DA:97,0
DA:104,0
DA:105,0
DA:106,0
DA:110,0
DA:111,0
DA:113,0
DA:115,0
DA:117,0
DA:118,0
DA:119,0
DA:120,0
DA:122,0
DA:128,0
DA:130,0
DA:134,0
DA:141,0
DA:142,0
DA:144,0
DA:148,0
DA:149,0
DA:151,0
DA:153,0
DA:155,0
DA:156,0
DA:157,0
DA:158,0
DA:160,0
DA:166,0
DA:168,0
DA:172,0
DA:179,0
DA:180,0
DA:181,0
DA:185,0
DA:186,0
DA:188,0
DA:190,0
DA:192,0
DA:193,0
DA:194,0
DA:195,0
DA:197,0
DA:203,0
DA:205,0
DA:209,0
DA:214,0
DA:223,0
DA:234,0
DA:239,0
DA:240,0
DA:242,0
DA:244,0
DA:248,0
DA:253,0
DA:259,0
DA:267,0
DA:273,0
DA:278,0
LF:93
LH:0
end_of_record
SF:lib/features/auth/data/services/auth_config_service.dart
DA:8,0
DA:11,0
DA:14,0
DA:17,0
DA:18,0
DA:21,0
DA:24,0
DA:27,0
DA:30,0
DA:33,0
DA:36,0
DA:39,0
DA:42,0
DA:88,0
LF:14
LH:0
end_of_record
SF:lib/features/auth/domain/auth_form_state.dart
DA:13,12
DA:24,0
DA:34,0
DA:35,0
DA:36,0
DA:37,0
DA:38,0
DA:40,0
DA:41,0
DA:42,0
DA:47,0
DA:50,0
DA:51,0
DA:52,0
DA:53,0
DA:54,0
DA:55,0
DA:56,0
DA:57,0
DA:58,0
DA:61,0
DA:63,0
DA:64,0
DA:65,0
DA:66,0
DA:67,0
DA:68,0
DA:69,0
DA:70,0
LF:29
LH:1
end_of_record
SF:lib/features/auth/domain/repositories/auth_repository.dart
DA:50,0
DA:57,0
DA:58,0
DA:61,0
DA:62,0
DA:81,0
DA:92,0
DA:102,0
DA:103,0
DA:104,0
DA:105,0
DA:106,0
DA:107,0
DA:108,0
DA:109,0
DA:110,0
LF:16
LH:0
end_of_record
SF:lib/features/auth/domain/auth_constants.dart
DA:59,0
LF:1
LH:0
end_of_record
SF:lib/features/auth/domain/auth_error.dart
DA:3,12
DA:14,12
DA:16,0
DA:19,0
DA:28,0
DA:33,0
DA:34,0
DA:36,0
DA:37,0
DA:44,0
DA:46,0
DA:47,0
DA:49,0
DA:57,12
DA:59,0
DA:62,0
DA:63,0
DA:71,0
DA:76,0
DA:77,0
DA:79,0
DA:80,0
DA:87,0
DA:89,0
DA:91,0
DA:92,0
DA:94,0
DA:96,0
DA:98,0
DA:103,0
DA:104,0
DA:118,0
DA:120,0
DA:123,0
DA:124,0
DA:131,0
DA:133,0
DA:136,0
DA:142,0
DA:143,0
DA:148,0
DA:149,0
DA:150,0
DA:151,0
DA:156,0
DA:161,0
LF:46
LH:3
end_of_record
SF:lib/features/auth/domain/auth_state.dart
DA:12,0
DA:24,0
DA:35,0
DA:36,0
DA:37,0
DA:38,0
DA:39,0
DA:40,0
DA:42,0
DA:43,0
DA:44,0
DA:45,0
DA:49,0
DA:52,0
DA:53,0
DA:54,0
DA:55,0
DA:56,0
DA:57,0
DA:58,0
DA:59,0
DA:60,0
DA:61,0
DA:64,0
DA:66,0
DA:67,0
DA:68,0
DA:69,0
DA:70,0
DA:71,0
DA:72,0
DA:73,0
DA:74,0
LF:33
LH:0
end_of_record
SF:lib/features/auth/domain/auth_token.dart
DA:9,0
DA:17,0
DA:20,0
DA:21,0
DA:22,0
DA:25,0
DA:31,0
DA:32,0
DA:33,0
DA:34,0
DA:35,0
DA:40,0
DA:41,0
DA:42,0
DA:43,0
DA:44,0
DA:45,0
DA:50,0
DA:51,0
DA:52,0
DA:53,0
DA:54,0
DA:55,0
DA:59,0
DA:62,0
DA:63,0
DA:64,0
DA:65,0
DA:66,0
DA:69,0
DA:71,0
DA:72,0
DA:73,0
DA:74,0
LF:34
LH:0
end_of_record
SF:lib/shared/domain/result.dart
DA:11,5
DA:19,5
DA:20,5
DA:23,5
DA:24,5
DA:27,0
DA:29,0
DA:34,0
DA:37,0
DA:40,0
DA:43,0
DA:46,0
DA:47,0
DA:48,0
DA:50,0
DA:54,0
DA:58,0
DA:59,0
DA:61,0
DA:66,0
DA:67,0
DA:68,0
DA:74,0
DA:77,0
DA:78,0
DA:84,0
DA:85,0
DA:87,0
DA:89,0
DA:91,0
DA:93,0
DA:95,0
DA:97,0
DA:104,0
DA:106,0
DA:109,0
DA:112,0
DA:113,0
DA:114,0
DA:115,0
DA:116,0
DA:119,0
DA:121,0
LF:43
LH:5
end_of_record
SF:lib/features/auth/domain/usecases/get_current_user_usecase.dart
DA:8,0
DA:11,0
DA:13,0
DA:16,0
DA:18,0
DA:21,0
DA:26,0
DA:28,0
DA:29,0
DA:31,0
DA:36,0
DA:38,0
DA:41,0
DA:43,0
DA:46,0
LF:15
LH:0
end_of_record
SF:lib/features/auth/domain/usecases/login_usecase.dart
DA:10,0
DA:13,0
DA:20,0
DA:23,0
DA:24,0
DA:25,0
DA:27,0
DA:31,0
DA:33,0
DA:37,0
DA:64,0
DA:69,0
DA:71,0
DA:73,0
DA:74,0
DA:76,0
DA:79,0
DA:84,0
DA:86,0
DA:88,0
DA:89,0
DA:91,0
DA:94,0
DA:99,0
DA:101,0
DA:103,0
DA:104,0
DA:106,0
DA:109,0
LF:29
LH:0
end_of_record
SF:lib/features/auth/domain/usecases/logout_usecase.dart
DA:8,0
DA:11,0
DA:13,0
DA:14,0
DA:16,0
LF:5
LH:0
end_of_record
SF:lib/features/auth/domain/usecases/signup_usecase.dart
DA:8,0
DA:11,0
DA:19,0
DA:25,0
DA:26,0
DA:30,0
DA:32,0
DA:34,0
DA:35,0
DA:39,0
DA:41,0
DA:43,0
DA:46,0
DA:51,0
DA:57,0
DA:58,0
DA:62,0
DA:63,0
DA:67,0
DA:68,0
DA:72,0
DA:73,0
DA:77,0
DA:78,0
DA:81,0
DA:85,0
DA:86,0
DA:90,0
DA:92,0
DA:93,0
LF:30
LH:0
end_of_record
SF:lib/features/auth/presentation/controllers/auth_controller.dart
DA:24,0
DA:25,0
DA:26,0
DA:27,0
DA:28,0
DA:29,0
DA:32,0
DA:34,0
DA:35,0
DA:37,0
DA:39,0
DA:40,0
DA:41,0
DA:42,0
DA:45,0
DA:46,0
DA:48,0
DA:51,0
DA:54,0
DA:55,0
DA:58,0
DA:59,0
DA:62,0
DA:63,0
DA:66,0
DA:67,0
DA:68,0
DA:69,0
DA:72,0
DA:73,0
DA:78,0
DA:79,0
DA:82,0
DA:86,0
DA:89,0
DA:90,0
DA:91,0
DA:95,0
DA:96,0
DA:100,0
DA:101,0
DA:105,0
DA:106,0
DA:108,0
DA:111,0
DA:112,0
DA:117,0
DA:123,0
DA:124,0
DA:125,0
DA:129,0
DA:130,0
DA:133,0
DA:136,0
DA:137,0
DA:139,0
DA:142,0
DA:143,0
DA:148,0
DA:150,0
DA:152,0
DA:153,0
DA:155,0
DA:158,0
DA:159,0
DA:164,0
DA:166,0
DA:168,0
DA:169,0
DA:171,0
DA:174,0
DA:175,0
DA:180,0
DA:182,0
DA:184,0
DA:185,0
DA:187,0
DA:190,0
DA:191,0
DA:196,0
DA:198,0
DA:199,0
DA:200,0
DA:202,0
DA:207,0
DA:209,0
DA:210,0
DA:211,0
DA:214,0
DA:220,0
DA:223,0
DA:225,0
DA:227,0
DA:230,0
DA:232,0
DA:234,0
DA:237,0
DA:238,0
DA:243,0
DA:244,0
DA:247,0
DA:248,0
DA:249,0
DA:255,0
DA:259,0
DA:260,0
DA:263,0
DA:264,0
DA:265,0
DA:269,0
DA:270,0
DA:271,0
DA:277,0
DA:281,0
DA:282,0
DA:285,0
DA:287,0
DA:291,0
DA:293,0
DA:295,0
DA:296,0
DA:301,0
DA:303,0
DA:305,0
DA:306,0
DA:311,0
DA:313,0
DA:315,0
DA:316,0
DA:320,0
DA:323,0
LF:131
LH:0
end_of_record
SF:lib/shared/controllers/form_controller.dart
DA:10,0
DA:35,0
DA:39,0
DA:40,0
DA:42,0
DA:43,0
DA:45,0
DA:46,0
DA:53,0
DA:55,0
DA:56,0
DA:59,0
DA:64,0
DA:65,0
DA:69,0
DA:70,0
DA:74,0
DA:75,0
DA:79,0
DA:84,0
DA:89,0
DA:91,0
DA:94,0
DA:103,0
DA:104,0
DA:105,0
DA:107,0
DA:117,0
DA:123,0
DA:124,0
DA:127,0
DA:129,0
DA:132,0
DA:133,0
DA:136,0
DA:137,0
DA:140,0
DA:148,0
DA:149,0
DA:150,0
DA:153,0
DA:155,0
DA:158,0
DA:159,0
DA:160,0
DA:163,0
DA:170,0
DA:175,0
DA:176,0
DA:180,0
DA:181,0
DA:182,0
DA:184,0
DA:187,0
DA:188,0
DA:189,0
DA:199,0
DA:202,0
DA:203,0
DA:204,0
DA:207,0
DA:208,0
DA:209,0
DA:212,0
DA:213,0
DA:216,0
DA:220,0
DA:222,0
DA:225,0
DA:226,0
DA:229,0
DA:230,0
DA:233,0
DA:237,0
DA:239,0
DA:242,0
DA:243,0
DA:244,0
DA:248,0
DA:249,0
DA:250,0
DA:253,0
DA:257,0
DA:258,0
DA:259,0
DA:262,0
DA:263,0
DA:266,0
DA:267,0
DA:270,0
LF:90
LH:0
end_of_record
SF:lib/features/auth/presentation/screens/login_screen.dart
DA:14,12
DA:16,0
DA:17,0
DA:26,0
DA:28,0
DA:29,0
DA:32,0
DA:33,0
DA:34,0
DA:35,0
DA:38,0
DA:42,0
DA:44,0
DA:47,0
DA:48,0
DA:49,0
DA:50,0
DA:55,0
DA:60,0
DA:62,0
DA:63,0
DA:64,0
DA:68,0
DA:69,0
DA:76,0
DA:77,0
DA:78,0
DA:91,0
DA:93,0
DA:95,0
DA:97,0
DA:98,0
DA:103,0
DA:105,0
DA:118,0
DA:119,0
DA:120,0
DA:121,0
DA:123,0
DA:125,0
DA:128,0
DA:129,0
DA:131,0
DA:134,0
DA:141,0
DA:143,0
DA:144,0
DA:146,0
DA:149,0
DA:150,0
DA:154,0
DA:156,0
DA:159,0
DA:166,0
DA:167,0
DA:168,0
DA:169,0
DA:170,0
DA:175,0
DA:177,0
DA:182,0
DA:183,0
DA:184,0
DA:186,0
DA:188,0
DA:201,0
DA:203,0
DA:207,0
DA:208,0
DA:211,0
DA:213,0
DA:217,0
DA:218,0
DA:229,0
DA:230,0
DA:234,0
DA:236,0
DA:238,0
DA:239,0
DA:244,0
DA:246,0
DA:248,0
DA:249,0
DA:250,0
DA:255,0
DA:257,0
DA:259,0
DA:260,0
DA:261,0
DA:266,0
DA:268,0
DA:270,0
DA:271,0
DA:272,0
LF:94
LH:1
end_of_record
SF:lib/features/auth/presentation/screens/signup_screen.dart
DA:14,12
DA:16,0
DA:17,0
DA:28,0
DA:30,0
DA:31,0
DA:34,0
DA:35,0
DA:36,0
DA:37,0
DA:41,0
DA:43,0
DA:44,0
DA:45,0
DA:46,0
DA:47,0
DA:50,0
DA:52,0
DA:54,0
DA:56,0
DA:58,0
DA:60,0
DA:61,0
DA:63,0
DA:64,0
DA:65,0
DA:67,0
DA:81,0
DA:83,0
DA:92,0
DA:94,0
DA:98,0
DA:99,0
DA:101,0
DA:102,0
DA:109,0
DA:111,0
DA:112,0
DA:114,0
DA:115,0
DA:117,0
DA:121,0
DA:123,0
DA:124,0
DA:131,0
DA:133,0
DA:134,0
DA:136,0
DA:137,0
DA:139,0
DA:143,0
DA:145,0
DA:146,0
DA:149,0
DA:156,0
DA:158,0
DA:162,0
DA:163,0
DA:165,0
DA:166,0
DA:173,0
DA:174,0
DA:176,0
DA:177,0
DA:180,0
DA:182,0
DA:186,0
DA:187,0
DA:189,0
DA:194,0
LF:70
LH:1
end_of_record
SF:lib/features/auth/presentation/screens/welcome_screen.dart
DA:8,12
DA:10,0
DA:12,0
DA:14,0
DA:15,0
DA:17,0
DA:18,0
DA:22,0
DA:25,0
DA:26,0
DA:28,0
DA:31,0
DA:34,0
DA:35,0
DA:36,0
DA:38,0
DA:41,0
DA:46,0
DA:49,0
DA:52,0
DA:53,0
DA:54,0
DA:56,0
DA:58,0
DA:60,0
DA:62,0
DA:63,0
DA:66,0
DA:67,0
DA:76,0
DA:79,0
DA:80,0
DA:92,0
DA:95,0
DA:110,0
DA:112,0
DA:122,0
DA:125,0
DA:131,0
DA:133,0
DA:143,0
DA:144,0
DA:146,0
DA:147,0
DA:149,0
DA:150,0
DA:152,0
DA:174,0
DA:176,0
DA:178,0
DA:191,0
DA:193,0
DA:194,0
DA:197,0
DA:203,0
DA:204,0
DA:207,0
DA:209,0
DA:220,0
DA:221,0
DA:222,0
DA:225,0
DA:227,0
DA:229,0
LF:64
LH:1
end_of_record
SF:lib/features/auth/presentation/widgets/auth_divider.dart
DA:6,24
DA:10,0
DA:12,0
DA:14,0
DA:15,0
DA:16,0
DA:17,0
DA:19,0
DA:22,0
DA:24,0
DA:25,0
DA:26,0
DA:29,0
DA:30,0
DA:32,0
DA:39,0
DA:42,0
LF:17
LH:1
end_of_record
SF:lib/features/auth/presentation/widgets/auth_logo.dart
DA:4,24
DA:17,0
DA:19,0
DA:20,0
DA:21,0
DA:22,0
DA:23,0
DA:24,0
DA:25,0
DA:26,0
DA:27,0
DA:29,0
LF:12
LH:1
end_of_record
SF:lib/features/auth/presentation/widgets/social_login_button.dart
DA:12,0
DA:19,0
DA:21,0
DA:24,0
DA:25,0
DA:26,0
DA:29,0
DA:30,0
DA:33,0
DA:34,0
DA:38,0
DA:49,0
DA:51,0
DA:52,0
DA:54,0
DA:55,0
DA:56,0
DA:67,0
DA:68,0
DA:69,0
DA:75,0
DA:76,0
DA:88,0
DA:90,0
DA:91,0
DA:94,0
DA:96,0
DA:112,0
DA:113,0
DA:114,0
DA:116,0
DA:118,0
DA:120,0
LF:33
LH:0
end_of_record
SF:lib/features/auth/presentation/widgets/error_message.dart
DA:6,0
DA:10,0
DA:12,0
DA:15,0
DA:16,0
DA:17,0
DA:18,0
DA:20,0
DA:21,0
DA:22,0
LF:10
LH:0
end_of_record
SF:lib/features/auth/presentation/widgets/auth_button.dart
DA:6,0
DA:21,0
DA:23,0
DA:25,0
DA:26,0
DA:27,0
DA:28,0
DA:29,0
DA:31,0
DA:32,0
DA:35,0
DA:36,0
DA:38,0
DA:39,0
DA:42,0
DA:44,0
DA:47,0
DA:48,0
DA:49,0
DA:51,0
LF:20
LH:0
end_of_record
SF:lib/features/auth/presentation/widgets/auth_input_field.dart
DA:6,0
DA:25,0
DA:27,0
DA:29,0
DA:30,0
DA:31,0
DA:32,0
DA:33,0
DA:37,0
DA:38,0
DA:39,0
DA:40,0
DA:41,0
DA:42,0
DA:43,0
DA:44,0
DA:45,0
DA:46,0
DA:49,0
DA:50,0
DA:51,0
DA:52,0
DA:55,0
DA:56,0
DA:69,0
DA:70,0
LF:26
LH:0
end_of_record
SF:lib/features/auth/presentation/widgets/auth_password_field.dart
DA:6,0
DA:25,0
DA:27,0
DA:29,0
DA:30,0
DA:31,0
DA:32,0
DA:33,0
DA:37,0
DA:38,0
DA:39,0
DA:40,0
DA:41,0
DA:47,0
DA:48,0
DA:49,0
DA:53,0
DA:55,0
DA:56,0
DA:57,0
DA:58,0
DA:61,0
DA:62,0
DA:63,0
DA:64,0
DA:67,0
DA:68,0
DA:81,0
DA:82,0
LF:29
LH:0
end_of_record
SF:lib/features/facility/data/facility_providers.dart
DA:12,0
DA:14,0
DA:15,0
DA:16,0
DA:17,0
DA:18,0
DA:19,0
DA:20,0
DA:21,0
DA:22,0
DA:23,0
DA:24,0
DA:25,0
DA:26,0
DA:27,0
DA:28,0
DA:29,0
DA:32,0
DA:33,0
DA:34,0
DA:35,0
DA:38,0
DA:41,0
DA:42,0
DA:45,0
DA:46,0
DA:49,0
DA:50,0
DA:53,0
DA:54,0
DA:55,0
DA:56,0
DA:57,0
DA:58,0
DA:59,0
DA:61,0
DA:67,0
DA:70,0
DA:71,0
DA:77,0
DA:80,0
DA:81,0
DA:87,0
DA:88,0
DA:90,0
DA:91,0
DA:94,0
DA:95,0
DA:98,0
DA:99,0
DA:100,0
DA:103,0
DA:104,0
DA:106,0
DA:108,0
DA:112,0
DA:115,0
DA:118,0
DA:119,0
DA:120,0
DA:122,0
DA:123,0
DA:126,0
DA:128,0
DA:131,0
DA:132,0
DA:133,0
DA:135,0
DA:137,0
DA:141,0
DA:143,0
DA:144,0
DA:148,0
DA:154,0
DA:157,0
DA:158,0
DA:164,0
DA:165,0
LF:78
LH:0
end_of_record
SF:lib/features/facility/data/facility_providers.g.dart
DA:9,0
DA:14,0
DA:15,0
DA:26,0
DA:31,0
DA:32,0
DA:43,0
DA:48,0
DA:49,0
DA:60,0
DA:65,0
DA:66,0
DA:77,0
DA:82,0
DA:83,0
DA:97,0
DA:102,0
DA:103,0
LF:18
LH:0
end_of_record
SF:lib/shared/mock_data/features/facility/facility_mock_service.dart
DA:9,0
DA:10,0
DA:11,0
DA:21,0
DA:23,0
DA:25,0
DA:35,0
DA:37,0
DA:39,0
DA:49,0
DA:51,0
DA:53,0
DA:63,0
DA:65,0
DA:71,0
DA:72,0
DA:73,0
DA:74,0
DA:78,0
DA:79,0
DA:80,0
DA:81,0
DA:85,0
DA:86,0
DA:88,0
DA:95,0
DA:96,0
DA:100,0
DA:102,0
DA:103,0
DA:104,0
DA:105,0
DA:106,0
DA:107,0
DA:113,0
DA:115,0
DA:116,0
DA:117,0
DA:118,0
DA:120,0
DA:124,0
DA:126,0
DA:127,0
DA:128,0
DA:129,0
DA:131,0
DA:132,0
DA:133,0
DA:134,0
DA:137,0
DA:141,0
DA:142,0
DA:145,0
DA:152,0
DA:153,0
DA:157,0
DA:159,0
DA:163,0
DA:169,0
DA:171,0
DA:172,0
DA:178,0
DA:179,0
DA:186,0
DA:190,0
DA:191,0
LF:66
LH:0
end_of_record
SF:lib/features/facility/data/facility_repository_impl.dart
DA:6,0
DA:8,0
DA:9,0
DA:10,0
DA:13,0
DA:15,0
DA:16,0
DA:17,0
DA:19,0
DA:21,0
DA:22,0
DA:23,0
DA:24,0
DA:25,0
DA:26,0
DA:29,0
DA:31,0
DA:32,0
DA:33,0
DA:34,0
DA:37,0
DA:39,0
DA:40,0
DA:41,0
DA:42,0
DA:45,0
DA:51,0
DA:53,0
DA:54,0
DA:57,0
DA:63,0
DA:68,0
DA:69,0
DA:70,0
DA:71,0
DA:72,0
DA:73,0
DA:74,0
DA:75,0
DA:76,0
DA:77,0
DA:78,0
DA:79,0
DA:80,0
DA:81,0
DA:82,0
DA:83,0
LF:47
LH:0
end_of_record
SF:lib/features/facility/presentation/controllers/booking_controller.dart
DA:8,0
DA:9,0
DA:10,0
DA:14,0
DA:15,0
DA:17,0
DA:18,0
DA:19,0
DA:20,0
DA:21,0
DA:22,0
DA:23,0
DA:24,0
DA:25,0
DA:26,0
DA:27,0
DA:28,0
DA:29,0
DA:30,0
DA:32,0
DA:37,0
DA:39,0
DA:40,0
DA:41,0
DA:42,0
DA:43,0
DA:44,0
DA:45,0
DA:46,0
DA:47,0
DA:51,0
DA:52,0
DA:56,0
DA:57,0
DA:58,0
DA:60,0
DA:61,0
DA:62,0
DA:63,0
DA:67,0
DA:74,0
DA:75,0
DA:76,0
DA:81,0
DA:85,0
DA:86,0
DA:101,0
DA:113,0
DA:115,0
DA:124,0
DA:125,0
DA:126,0
DA:127,0
DA:128,0
DA:129,0
DA:130,0
DA:131,0
DA:137,0
DA:138,0
DA:142,0
LF:60
LH:0
end_of_record
SF:lib/features/facility/presentation/screens/booking_screen.dart
DA:11,0
DA:13,0
DA:14,0
DA:21,0
DA:23,0
DA:25,0
DA:27,0
DA:28,0
DA:32,0
DA:34,0
DA:35,0
DA:38,0
DA:39,0
DA:40,0
DA:41,0
DA:44,0
DA:45,0
DA:46,0
DA:47,0
DA:50,0
DA:51,0
DA:52,0
DA:53,0
DA:56,0
DA:57,0
DA:58,0
DA:59,0
DA:62,0
DA:64,0
DA:65,0
DA:70,0
DA:71,0
DA:72,0
DA:73,0
DA:74,0
DA:76,0
DA:81,0
DA:84,0
DA:85,0
DA:86,0
DA:87,0
DA:88,0
DA:90,0
DA:92,0
DA:93,0
DA:95,0
DA:96,0
DA:99,0
DA:101,0
DA:102,0
DA:104,0
DA:112,0
DA:113,0
DA:114,0
DA:117,0
DA:118,0
DA:119,0
DA:120,0
DA:126,0
DA:136,0
DA:138,0
DA:139,0
DA:141,0
DA:143,0
DA:146,0
DA:148,0
DA:150,0
DA:152,0
DA:156,0
DA:160,0
DA:164,0
DA:168,0
DA:172,0
DA:182,0
DA:183,0
DA:184,0
DA:185,0
DA:187,0
DA:191,0
DA:194,0
DA:196,0
DA:197,0
DA:198,0
DA:199,0
DA:205,0
DA:207,0
DA:208,0
DA:209,0
DA:210,0
DA:211,0
DA:213,0
DA:214,0
DA:215,0
DA:216,0
DA:223,0
DA:224,0
DA:231,0
DA:232,0
DA:233,0
DA:240,0
DA:241,0
DA:242,0
DA:243,0
DA:244,0
DA:250,0
DA:251,0
DA:252,0
DA:268,0
DA:269,0
DA:270,0
DA:280,0
DA:283,0
DA:284,0
DA:302,0
DA:303,0
DA:304,0
DA:305,0
DA:306,0
DA:307,0
DA:309,0
DA:312,0
DA:314,0
DA:315,0
DA:316,0
DA:317,0
DA:323,0
DA:325,0
DA:326,0
DA:327,0
DA:328,0
DA:329,0
DA:330,0
DA:344,0
DA:346,0
DA:347,0
DA:348,0
DA:349,0
DA:350,0
DA:352,0
DA:353,0
DA:354,0
DA:360,0
DA:362,0
DA:363,0
DA:364,0
DA:367,0
DA:368,0
DA:369,0
DA:370,0
DA:388,0
DA:389,0
DA:390,0
DA:391,0
DA:393,0
DA:396,0
DA:398,0
DA:399,0
DA:400,0
DA:401,0
DA:407,0
DA:409,0
DA:410,0
DA:412,0
DA:419,0
DA:422,0
DA:423,0
DA:424,0
DA:425,0
DA:426,0
DA:431,0
DA:433,0
DA:434,0
DA:435,0
DA:438,0
DA:440,0
DA:441,0
DA:449,0
DA:458,0
DA:459,0
DA:460,0
DA:461,0
DA:463,0
DA:466,0
DA:468,0
DA:469,0
DA:470,0
DA:471,0
DA:477,0
DA:479,0
DA:480,0
DA:482,0
DA:489,0
DA:490,0
DA:491,0
DA:492,0
DA:493,0
DA:495,0
DA:498,0
DA:500,0
DA:501,0
DA:503,0
DA:504,0
DA:505,0
DA:506,0
DA:507,0
DA:510,0
DA:512,0
DA:513,0
DA:516,0
DA:529,0
DA:530,0
DA:531,0
DA:532,0
DA:538,0
DA:539,0
DA:540,0
DA:548,0
DA:551,0
DA:553,0
DA:562,0
DA:563,0
DA:566,0
DA:568,0
DA:569,0
DA:570,0
DA:571,0
DA:577,0
DA:579,0
DA:580,0
DA:582,0
DA:589,0
DA:590,0
DA:593,0
DA:595,0
DA:596,0
DA:597,0
DA:598,0
DA:600,0
DA:601,0
DA:602,0
DA:604,0
DA:605,0
DA:608,0
DA:609,0
DA:610,0
DA:619,0
DA:620,0
DA:623,0
DA:625,0
DA:626,0
DA:627,0
DA:628,0
DA:634,0
DA:636,0
DA:637,0
DA:638,0
DA:642,0
DA:643,0
DA:646,0
DA:648,0
DA:659,0
DA:674,0
LF:262
LH:0
end_of_record
SF:lib/features/facility/presentation/screens/facility_detail_screen.dart
DA:17,0
DA:19,0
DA:21,0
DA:28,0
DA:30,0
DA:32,0
DA:34,0
DA:35,0
DA:36,0
DA:37,0
DA:38,0
DA:39,0
DA:40,0
DA:41,0
DA:42,0
DA:43,0
DA:44,0
DA:45,0
DA:46,0
DA:47,0
DA:51,0
DA:52,0
DA:53,0
DA:54,0
DA:55,0
DA:56,0
DA:57,0
DA:58,0
DA:59,0
DA:60,0
DA:61,0
DA:62,0
DA:63,0
DA:64,0
DA:65,0
DA:70,0
DA:71,0
DA:72,0
DA:73,0
DA:74,0
DA:75,0
DA:77,0
DA:82,0
DA:85,0
DA:88,0
DA:90,0
DA:91,0
DA:92,0
DA:94,0
DA:96,0
DA:97,0
DA:98,0
DA:99,0
DA:104,0
DA:105,0
DA:106,0
DA:112,0
DA:113,0
DA:114,0
DA:117,0
DA:118,0
DA:119,0
DA:120,0
DA:121,0
DA:122,0
DA:135,0
DA:137,0
DA:139,0
DA:140,0
DA:142,0
DA:146,0
DA:152,0
DA:154,0
DA:156,0
DA:163,0
DA:164,0
DA:169,0
DA:170,0
DA:172,0
DA:174,0
DA:176,0
DA:180,0
DA:184,0
DA:188,0
DA:192,0
DA:194,0
DA:195,0
DA:196,0
DA:197,0
DA:200,0
DA:206,0
DA:207,0
DA:210,0
DA:212,0
DA:224,0
DA:225,0
DA:226,0
DA:228,0
DA:230,0
DA:231,0
LF:100
LH:0
end_of_record
SF:lib/features/facility/presentation/widgets/facility_availability_section.dart
DA:9,0
DA:11,0
DA:13,0
DA:15,0
DA:16,0
DA:18,0
DA:27,0
DA:28,0
DA:29,0
DA:31,0
DA:33,0
DA:35,0
DA:37,0
DA:39,0
DA:41,0
DA:48,0
DA:50,0
DA:56,0
DA:57,0
DA:60,0
DA:61,0
DA:62,0
DA:63,0
DA:65,0
DA:66,0
DA:68,0
LF:26
LH:0
end_of_record
SF:lib/features/facility/presentation/widgets/facility_contact_section.dart
DA:10,0
DA:12,0
DA:13,0
DA:16,0
DA:17,0
DA:19,0
DA:20,0
DA:29,0
DA:30,0
DA:31,0
DA:32,0
DA:40,0
DA:41,0
DA:42,0
DA:46,0
DA:47,0
DA:49,0
DA:50,0
DA:59,0
DA:60,0
DA:61,0
DA:62,0
DA:70,0
DA:72,0
DA:74,0
DA:75,0
DA:77,0
DA:86,0
DA:87,0
DA:88,0
DA:89,0
DA:90,0
DA:91,0
DA:94,0
DA:95,0
DA:104,0
DA:105,0
DA:106,0
DA:107,0
DA:108,0
DA:109,0
DA:112,0
DA:113,0
LF:43
LH:0
end_of_record
SF:lib/features/facility/presentation/widgets/facility_detail_header.dart
DA:9,0
DA:11,0
DA:13,0
DA:14,0
DA:16,0
DA:19,0
DA:20,0
DA:21,0
DA:23,0
DA:24,0
DA:32,0
DA:35,0
DA:36,0
DA:39,0
DA:45,0
DA:49,0
DA:52,0
DA:54,0
DA:55,0
DA:56,0
DA:57,0
DA:63,0
DA:64,0
DA:66,0
DA:67,0
DA:69,0
DA:70,0
DA:71,0
DA:72,0
DA:79,0
DA:80,0
DA:83,0
DA:88,0
DA:89,0
DA:90,0
DA:91,0
DA:92,0
DA:99,0
DA:100,0
DA:101,0
DA:107,0
DA:108,0
DA:124,0
DA:125,0
DA:126,0
DA:137,0
DA:140,0
DA:141,0
DA:144,0
DA:145,0
LF:50
LH:0
end_of_record
SF:lib/features/facility/presentation/widgets/facility_location_section.dart
DA:11,0
DA:13,0
DA:15,0
DA:17,0
DA:18,0
DA:20,0
DA:29,0
DA:31,0
DA:32,0
DA:33,0
DA:34,0
DA:37,0
DA:38,0
DA:39,0
DA:42,0
DA:43,0
DA:44,0
DA:52,0
DA:53,0
DA:54,0
DA:56,0
DA:58,0
DA:61,0
DA:63,0
DA:65,0
LF:25
LH:0
end_of_record
SF:lib/features/facility/presentation/widgets/facility_services_section.dart
DA:9,0
DA:11,0
DA:14,0
DA:15,0
DA:16,0
DA:17,0
DA:20,0
DA:22,0
DA:23,0
DA:25,0
DA:34,0
DA:35,0
DA:36,0
DA:39,0
DA:41,0
DA:42,0
DA:43,0
DA:44,0
DA:50,0
DA:51,0
DA:52,0
DA:53,0
DA:54,0
DA:55,0
DA:61,0
DA:62,0
DA:63,0
DA:71,0
LF:28
LH:0
end_of_record
SF:lib/features/facility/presentation/screens/facility_fullscreen_map_screen.dart
DA:14,0
DA:20,0
DA:22,0
DA:32,0
DA:34,0
DA:35,0
DA:36,0
DA:39,0
DA:41,0
DA:44,0
DA:45,0
DA:47,0
DA:50,0
DA:51,0
DA:54,0
DA:64,0
DA:68,0
DA:69,0
DA:72,0
DA:73,0
DA:74,0
DA:75,0
DA:76,0
DA:77,0
DA:79,0
DA:80,0
DA:81,0
DA:85,0
DA:86,0
DA:90,0
DA:95,0
DA:96,0
DA:97,0
DA:98,0
DA:99,0
DA:100,0
DA:101,0
DA:102,0
DA:103,0
DA:105,0
DA:106,0
DA:107,0
DA:111,0
DA:112,0
DA:116,0
DA:124,0
DA:125,0
DA:126,0
DA:128,0
DA:129,0
DA:130,0
DA:133,0
DA:139,0
DA:141,0
DA:144,0
DA:146,0
DA:149,0
DA:150,0
DA:151,0
DA:154,0
DA:157,0
DA:158,0
DA:159,0
DA:160,0
DA:161,0
DA:162,0
DA:163,0
DA:164,0
DA:173,0
DA:174,0
DA:175,0
DA:177,0
DA:180,0
DA:181,0
DA:182,0
DA:183,0
DA:184,0
DA:185,0
DA:186,0
DA:187,0
DA:196,0
DA:198,0
DA:200,0
DA:201,0
DA:203,0
DA:211,0
DA:213,0
DA:215,0
DA:216,0
DA:218,0
DA:223,0
DA:224,0
DA:226,0
DA:227,0
DA:228,0
DA:229,0
DA:230,0
DA:231,0
DA:232,0
DA:233,0
DA:237,0
DA:246,0
DA:247,0
DA:251,0
DA:258,0
DA:259,0
DA:260,0
DA:274,0
DA:275,0
DA:277,0
DA:278,0
DA:280,0
DA:282,0
DA:285,0
DA:286,0
DA:287,0
DA:288,0
DA:291,0
DA:292,0
DA:293,0
DA:294,0
DA:295,0
DA:297,0
DA:298,0
DA:301,0
DA:308,0
DA:309,0
DA:311,0
DA:312,0
DA:313,0
DA:314,0
DA:320,0
DA:321,0
DA:324,0
DA:331,0
DA:333,0
DA:334,0
DA:335,0
DA:342,0
DA:343,0
DA:350,0
DA:351,0
DA:352,0
DA:353,0
DA:363,0
DA:364,0
DA:367,0
DA:368,0
DA:369,0
DA:375,0
DA:376,0
DA:378,0
DA:379,0
DA:381,0
DA:384,0
DA:391,0
DA:392,0
LF:157
LH:0
end_of_record
SF:lib/features/facility/presentation/screens/facility_list_screen.dart
DA:14,12
DA:16,0
DA:17,0
DA:23,0
DA:25,0
DA:26,0
DA:27,0
DA:31,0
DA:33,0
DA:34,0
DA:37,0
DA:38,0
DA:39,0
DA:41,0
DA:44,0
DA:45,0
DA:47,0
DA:48,0
DA:50,0
DA:51,0
DA:54,0
DA:55,0
DA:57,0
DA:58,0
DA:59,0
DA:63,0
DA:64,0
DA:66,0
DA:67,0
DA:68,0
DA:69,0
DA:70,0
DA:73,0
DA:76,0
DA:79,0
DA:82,0
DA:83,0
DA:86,0
DA:87,0
DA:89,0
DA:90,0
DA:92,0
DA:93,0
DA:98,0
DA:99,0
DA:100,0
DA:102,0
DA:105,0
DA:106,0
DA:107,0
DA:109,0
DA:110,0
DA:114,0
DA:115,0
DA:117,0
DA:118,0
DA:119,0
DA:120,0
DA:121,0
DA:124,0
DA:127,0
DA:130,0
DA:133,0
DA:135,0
DA:136,0
DA:137,0
DA:139,0
DA:141,0
DA:143,0
DA:146,0
DA:147,0
DA:148,0
DA:150,0
DA:154,0
DA:155,0
DA:156,0
DA:157,0
DA:166,0
DA:167,0
DA:169,0
DA:171,0
DA:172,0
DA:173,0
DA:174,0
DA:175,0
DA:181,0
DA:184,0
DA:186,0
DA:187,0
DA:190,0
DA:193,0
DA:194,0
DA:196,0
DA:197,0
DA:198,0
DA:199,0
DA:209,0
DA:211,0
DA:212,0
DA:213,0
DA:214,0
DA:218,0
DA:219,0
DA:220,0
DA:221,0
DA:222,0
DA:223,0
DA:232,0
DA:233,0
DA:234,0
DA:235,0
DA:237,0
DA:238,0
DA:239,0
DA:240,0
DA:242,0
DA:244,0
DA:245,0
DA:256,0
DA:257,0
DA:258,0
DA:260,0
DA:261,0
DA:263,0
DA:264,0
DA:266,0
DA:267,0
DA:270,0
DA:273,0
DA:275,0
DA:282,0
DA:284,0
DA:286,0
DA:291,0
DA:292,0
LF:135
LH:1
end_of_record
SF:lib/features/facility/presentation/widgets/facility_card.dart
DA:10,0
DA:17,0
DA:19,0
DA:21,0
DA:22,0
DA:23,0
DA:24,0
DA:26,0
DA:27,0
DA:28,0
DA:30,0
DA:31,0
DA:32,0
DA:37,0
DA:38,0
DA:40,0
DA:41,0
DA:42,0
DA:43,0
DA:51,0
DA:52,0
DA:53,0
DA:60,0
DA:61,0
DA:62,0
DA:64,0
DA:66,0
DA:74,0
DA:75,0
DA:76,0
DA:77,0
DA:85,0
DA:86,0
DA:93,0
DA:94,0
DA:95,0
DA:96,0
DA:108,0
DA:109,0
DA:112,0
DA:113,0
DA:114,0
DA:120,0
DA:121,0
DA:122,0
DA:127,0
DA:128,0
DA:129,0
DA:136,0
DA:138,0
DA:150,0
DA:152,0
DA:154,0
DA:159,0
DA:161,0
DA:163,0
DA:168,0
DA:170,0
DA:172,0
LF:59
LH:0
end_of_record
SF:lib/features/facility/presentation/widgets/facility_filter_chip.dart
DA:8,0
DA:15,0
DA:17,0
DA:18,0
DA:19,0
DA:21,0
DA:22,0
DA:23,0
DA:24,0
DA:25,0
DA:28,0
DA:29,0
DA:30,0
DA:31,0
DA:33,0
LF:15
LH:0
end_of_record
SF:lib/features/facility/presentation/widgets/facility_search_bar.dart
DA:10,0
DA:19,0
DA:21,0
DA:22,0
DA:24,0
DA:25,0
DA:26,0
DA:27,0
DA:33,0
DA:34,0
DA:35,0
DA:36,0
DA:37,0
DA:40,0
DA:41,0
DA:43,0
DA:44,0
DA:45,0
LF:18
LH:0
end_of_record
SF:lib/features/facility/presentation/screens/grooming_reservation_screen.dart
DA:12,12
DA:14,0
DA:16,0
DA:28,0
DA:30,0
DA:31,0
DA:32,0
DA:33,0
DA:34,0
DA:35,0
DA:36,0
DA:37,0
DA:38,0
DA:39,0
DA:40,0
DA:41,0
DA:42,0
DA:43,0
DA:44,0
DA:45,0
DA:46,0
DA:49,0
DA:51,0
DA:52,0
DA:55,0
DA:56,0
DA:59,0
DA:61,0
DA:62,0
DA:63,0
DA:64,0
DA:66,0
DA:67,0
DA:70,0
DA:74,0
DA:75,0
DA:76,0
DA:78,0
DA:79,0
DA:89,0
DA:90,0
DA:91,0
DA:92,0
DA:93,0
DA:94,0
DA:100,0
DA:102,0
DA:107,0
DA:108,0
DA:110,0
DA:112,0
DA:113,0
DA:114,0
DA:115,0
DA:116,0
DA:124,0
DA:126,0
DA:127,0
DA:128,0
DA:129,0
DA:130,0
DA:139,0
DA:140,0
DA:141,0
DA:142,0
DA:144,0
DA:145,0
DA:148,0
DA:151,0
DA:153,0
DA:154,0
DA:160,0
DA:164,0
DA:165,0
DA:166,0
DA:167,0
DA:169,0
DA:171,0
DA:172,0
DA:173,0
DA:182,0
DA:184,0
DA:186,0
DA:187,0
DA:188,0
DA:190,0
DA:195,0
DA:196,0
DA:201,0
DA:203,0
LF:90
LH:1
end_of_record
SF:lib/features/facility/presentation/screens/hospital_reservation_screen.dart
DA:12,12
DA:14,0
DA:16,0
DA:28,0
DA:30,0
DA:31,0
DA:32,0
DA:33,0
DA:34,0
DA:35,0
DA:36,0
DA:37,0
DA:38,0
DA:39,0
DA:40,0
DA:41,0
DA:42,0
DA:43,0
DA:44,0
DA:45,0
DA:46,0
DA:49,0
DA:51,0
DA:52,0
DA:55,0
DA:56,0
DA:59,0
DA:61,0
DA:62,0
DA:63,0
DA:64,0
DA:66,0
DA:67,0
DA:70,0
DA:74,0
DA:75,0
DA:76,0
DA:78,0
DA:79,0
DA:89,0
DA:90,0
DA:91,0
DA:92,0
DA:93,0
DA:94,0
DA:100,0
DA:102,0
DA:107,0
DA:108,0
DA:110,0
DA:112,0
DA:113,0
DA:114,0
DA:115,0
DA:116,0
DA:124,0
DA:126,0
DA:127,0
DA:128,0
DA:129,0
DA:130,0
DA:139,0
DA:140,0
DA:141,0
DA:142,0
DA:144,0
DA:145,0
DA:148,0
DA:151,0
DA:153,0
DA:154,0
DA:160,0
DA:164,0
DA:165,0
DA:166,0
DA:167,0
DA:169,0
DA:171,0
DA:172,0
DA:173,0
DA:182,0
DA:184,0
DA:186,0
DA:187,0
DA:188,0
DA:190,0
DA:195,0
DA:196,0
DA:201,0
DA:203,0
LF:90
LH:1
end_of_record
SF:lib/features/facility/presentation/widgets/filter_chips.dart
DA:9,0
DA:15,0
DA:17,0
DA:19,0
DA:20,0
DA:21,0
DA:23,0
DA:25,0
DA:31,0
DA:32,0
DA:34,0
DA:35,0
DA:37,0
DA:38,0
DA:41,0
DA:44,0
DA:46,0
DA:47,0
DA:54,0
DA:56,0
DA:59,0
DA:63,0
DA:64,0
LF:23
LH:0
end_of_record
SF:lib/features/facility/presentation/widgets/search_bar_widget.dart
DA:10,0
DA:17,0
DA:19,0
DA:20,0
DA:22,0
DA:23,0
DA:24,0
DA:25,0
DA:31,0
DA:32,0
DA:33,0
DA:34,0
DA:35,0
DA:36,0
DA:37,0
DA:38,0
DA:39,0
LF:17
LH:0
end_of_record
SF:lib/shared/widgets/cards/common_card.dart
DA:52,0
DA:73,0
DA:75,0
DA:76,0
DA:77,0
DA:79,0
DA:80,0
DA:81,0
DA:82,0
DA:83,0
DA:85,0
DA:86,0
DA:87,0
DA:89,0
DA:93,0
DA:94,0
DA:95,0
DA:104,0
DA:105,0
DA:106,0
DA:107,0
DA:110,0
DA:111,0
DA:113,0
DA:114,0
DA:115,0
DA:116,0
DA:122,0
DA:123,0
DA:132,0
DA:141,0
DA:142,0
DA:143,0
DA:144,0
DA:148,0
DA:149,0
DA:150,0
DA:152,0
DA:153,0
DA:158,0
DA:159,0
DA:161,0
DA:162,0
DA:163,0
DA:164,0
DA:165,0
DA:170,0
DA:186,0
DA:210,0
DA:212,0
DA:213,0
DA:214,0
DA:216,0
DA:217,0
DA:219,0
DA:220,0
DA:221,0
DA:223,0
DA:224,0
DA:225,0
DA:233,0
DA:234,0
DA:235,0
DA:237,0
DA:238,0
DA:239,0
DA:240,0
DA:245,0
DA:247,0
DA:248,0
DA:249,0
DA:250,0
DA:259,0
DA:261,0
DA:280,0
DA:305,0
DA:307,0
DA:309,0
DA:311,0
DA:312,0
DA:313,0
DA:314,0
DA:321,0
DA:322,0
DA:323,0
DA:325,0
DA:329,0
DA:330,0
DA:331,0
DA:332,0
DA:337,0
DA:339,0
DA:340,0
DA:341,0
DA:342,0
DA:351,0
DA:352,0
DA:353,0
DA:354,0
DA:361,0
DA:363,0
DA:364,0
DA:365,0
DA:366,0
DA:388,0
DA:412,0
DA:414,0
DA:416,0
DA:418,0
DA:419,0
DA:420,0
DA:421,0
DA:422,0
DA:423,0
DA:428,0
DA:429,0
DA:430,0
DA:431,0
DA:441,0
DA:443,0
DA:444,0
DA:445,0
DA:446,0
DA:452,0
DA:454,0
DA:456,0
DA:457,0
DA:458,0
DA:459,0
DA:460,0
LF:130
LH:0
end_of_record
SF:lib/features/facility/presentation/widgets/facility_google_map_widget.dart
DA:15,0
DA:23,0
DA:25,0
DA:33,0
DA:35,0
DA:36,0
DA:39,0
DA:41,0
DA:44,0
DA:45,0
DA:47,0
DA:50,0
DA:51,0
DA:54,0
DA:64,0
DA:68,0
DA:69,0
DA:72,0
DA:73,0
DA:74,0
DA:75,0
DA:76,0
DA:77,0
DA:79,0
DA:80,0
DA:81,0
DA:85,0
DA:86,0
DA:94,0
DA:95,0
DA:96,0
DA:97,0
DA:98,0
DA:99,0
DA:100,0
DA:101,0
DA:102,0
DA:104,0
DA:105,0
DA:106,0
DA:110,0
DA:111,0
DA:115,0
DA:123,0
DA:124,0
DA:125,0
DA:127,0
DA:128,0
DA:129,0
DA:132,0
DA:138,0
DA:141,0
DA:144,0
DA:146,0
DA:149,0
DA:150,0
DA:151,0
DA:154,0
DA:157,0
DA:158,0
DA:159,0
DA:160,0
DA:161,0
DA:162,0
DA:163,0
DA:164,0
DA:173,0
DA:175,0
DA:177,0
DA:178,0
DA:179,0
DA:181,0
DA:182,0
DA:183,0
DA:184,0
DA:185,0
DA:186,0
DA:187,0
DA:188,0
DA:189,0
DA:190,0
DA:194,0
DA:200,0
DA:206,0
DA:207,0
DA:208,0
LF:86
LH:0
end_of_record
SF:lib/features/home/data/mappers/pet_mapper.dart
DA:11,0
DA:12,0
DA:13,0
DA:14,0
DA:15,0
DA:16,0
DA:17,0
DA:18,0
DA:19,0
DA:21,0
DA:26,0
DA:27,0
LF:12
LH:0
end_of_record
SF:lib/features/home/data/mappers/weather_mapper.dart
DA:7,0
DA:8,0
DA:9,0
DA:10,0
DA:11,0
DA:12,0
DA:13,0
DA:14,0
DA:15,0
DA:16,0
DA:17,0
DA:18,0
DA:19,0
DA:24,0
DA:25,0
DA:26,0
DA:27,0
DA:28,0
DA:33,0
DA:34,0
DA:35,0
DA:36,0
DA:37,0
LF:23
LH:0
end_of_record
SF:lib/features/home/data/models/weather_model.dart
DA:16,0
DA:30,0
DA:34,0
DA:35,0
DA:36,0
DA:37,0
DA:38,0
DA:41,0
DA:44,0
DA:45,0
DA:48,0
DA:49,0
DA:50,0
DA:51,0
DA:52,0
DA:53,0
DA:55,0
DA:59,0
DA:62,0
DA:64,0
DA:65,0
DA:67,0
DA:68,0
DA:69,0
DA:70,0
DA:71,0
DA:72,0
DA:74,0
DA:75,0
DA:80,0
DA:81,0
DA:82,0
DA:83,0
DA:84,0
DA:85,0
DA:86,0
DA:87,0
DA:89,0
DA:90,0
DA:93,0
DA:94,0
DA:95,0
DA:96,0
DA:97,0
DA:98,0
DA:99,0
DA:100,0
DA:105,0
DA:106,0
DA:107,0
DA:110,0
DA:116,0
DA:118,0
DA:120,0
DA:127,0
DA:128,0
DA:129,0
DA:130,0
DA:131,0
DA:132,0
DA:133,0
DA:134,0
DA:135,0
DA:137,0
DA:138,0
DA:139,0
DA:140,0
DA:143,0
DA:146,0
DA:147,0
DA:148,0
DA:149,0
DA:150,0
DA:151,0
DA:152,0
DA:153,0
DA:154,0
DA:155,0
DA:156,0
DA:157,0
DA:166,12
LF:81
LH:1
end_of_record
SF:lib/features/home/data/providers/home_providers.dart
DA:14,0
DA:19,0
DA:20,0
DA:23,0
DA:24,0
DA:33,12
DA:35,0
DA:36,0
DA:37,0
DA:38,0
DA:46,0
DA:49,0
DA:50,0
DA:51,0
DA:52,0
DA:53,0
DA:58,0
DA:59,0
DA:63,0
DA:64,0
DA:65,0
DA:66,0
DA:67,0
DA:68,0
DA:69,0
DA:70,0
DA:71,0
DA:75,0
DA:76,0
DA:81,0
DA:82,0
DA:83,0
DA:84,0
DA:85,0
DA:86,0
DA:87,0
DA:89,0
DA:90,0
DA:94,0
DA:95,0
DA:101,0
DA:106,0
DA:107,0
DA:109,0
DA:111,0
DA:112,0
DA:115,0
DA:116,0
DA:118,0
DA:119,0
DA:120,0
DA:124,0
DA:125,0
DA:131,0
DA:132,0
DA:133,0
DA:136,0
LF:57
LH:1
end_of_record
SF:lib/features/home/data/providers/home_providers.g.dart
DA:9,0
DA:14,0
DA:15,0
DA:28,0
DA:32,0
DA:33,0
DA:44,0
DA:49,0
DA:50,0
LF:9
LH:0
end_of_record
SF:lib/features/home/data/repositories/home_repository_impl.dart
DA:16,0
DA:19,0
DA:20,0
DA:22,0
DA:24,0
DA:26,0
DA:28,0
DA:30,0
DA:31,0
DA:32,0
DA:36,0
DA:45,0
DA:48,0
DA:54,0
DA:65,0
DA:66,0
DA:67,0
DA:68,0
DA:69,0
DA:71,0
DA:72,0
DA:75,0
DA:82,0
DA:85,0
DA:86,0
DA:87,0
DA:91,0
DA:93,0
DA:94,0
DA:97,0
DA:100,0
DA:101,0
DA:102,0
DA:103,0
DA:104,0
DA:105,0
DA:106,0
DA:107,0
DA:111,0
DA:114,0
DA:115,0
DA:116,0
DA:117,0
DA:119,0
DA:120,0
DA:121,0
DA:122,0
DA:125,0
DA:127,0
DA:128,0
DA:129,0
DA:130,0
DA:135,0
DA:138,0
DA:141,0
DA:142,0
DA:145,0
DA:149,0
DA:152,0
DA:160,0
LF:60
LH:0
end_of_record
SF:lib/features/home/data/services/weather_cache_service.dart
DA:21,0
DA:22,0
DA:23,0
DA:34,0
DA:38,0
DA:41,0
DA:42,0
DA:43,0
DA:48,0
DA:51,0
DA:52,0
DA:53,0
DA:55,0
DA:60,0
DA:68,0
DA:72,0
DA:73,0
DA:76,0
DA:77,0
DA:78,0
DA:81,0
DA:82,0
DA:85,0
DA:89,0
DA:90,0
DA:93,0
DA:94,0
DA:95,0
DA:99,0
DA:100,0
DA:101,0
DA:102,0
DA:104,0
DA:107,0
DA:111,0
DA:113,0
DA:114,0
DA:115,0
DA:119,0
DA:120,0
DA:121,0
DA:122,0
DA:123,0
DA:124,0
DA:127,0
DA:128,0
DA:131,0
DA:134,0
DA:138,0
DA:139,0
DA:143,0
DA:144,0
DA:145,0
DA:153,0
DA:157,0
DA:158,0
DA:159,0
DA:166,0
DA:168,0
DA:170,0
DA:171,0
DA:175,0
DA:176,0
DA:180,0
DA:181,0
DA:182,0
DA:186,0
DA:187,0
DA:188,0
DA:189,0
DA:190,0
DA:191,0
DA:192,0
DA:193,0
DA:194,0
DA:195,0
DA:196,0
DA:197,0
DA:198,0
DA:201,0
DA:207,0
DA:213,0
DA:215,0
DA:217,0
DA:218,0
DA:220,0
LF:86
LH:0
end_of_record
SF:lib/features/home/data/services/weather_service.dart
DA:23,0
DA:28,0
DA:34,0
DA:35,0
DA:36,0
DA:44,0
DA:50,0
DA:54,0
DA:55,0
DA:57,0
DA:58,0
DA:59,0
DA:61,0
DA:64,0
DA:65,0
DA:66,0
DA:67,0
DA:71,0
DA:72,0
DA:75,0
DA:76,0
DA:77,0
DA:79,0
DA:80,0
DA:81,0
DA:82,0
DA:83,0
DA:84,0
DA:86,0
DA:89,0
DA:90,0
DA:91,0
DA:92,0
DA:94,0
DA:95,0
DA:96,0
DA:98,0
DA:99,0
DA:101,0
DA:103,0
DA:107,0
DA:112,0
DA:116,0
DA:117,0
DA:122,0
DA:124,0
DA:128,0
DA:129,0
DA:130,0
DA:132,0
DA:137,0
DA:140,0
DA:141,0
DA:142,0
DA:145,0
DA:146,0
DA:147,0
DA:149,0
DA:150,0
DA:151,0
DA:152,0
DA:153,0
DA:154,0
DA:158,0
DA:159,0
DA:161,0
DA:164,0
DA:169,0
DA:171,0
DA:173,0
DA:174,0
DA:176,0
DA:180,0
DA:182,0
DA:183,0
DA:184,0
DA:189,0
DA:190,0
DA:192,0
DA:196,0
DA:200,0
DA:201,0
DA:205,0
DA:207,0
DA:209,0
DA:211,0
DA:212,0
DA:214,0
DA:216,0
DA:217,0
DA:219,0
DA:220,0
DA:221,0
DA:222,0
DA:223,0
DA:224,0
DA:228,0
DA:229,0
DA:230,0
DA:233,0
DA:234,0
DA:241,0
DA:243,0
DA:244,0
DA:245,0
DA:248,0
DA:250,0
DA:251,0
DA:252,0
DA:256,0
DA:257,0
DA:262,0
DA:264,0
DA:265,0
DA:266,0
DA:270,0
DA:271,0
DA:272,0
DA:275,0
DA:276,0
DA:278,0
DA:279,0
DA:280,0
DA:282,0
DA:283,0
DA:284,0
DA:285,0
DA:286,0
DA:289,0
DA:290,0
DA:295,0
DA:296,0
DA:297,0
DA:299,0
DA:305,0
DA:309,0
DA:312,0
DA:317,0
DA:319,0
DA:328,0
DA:331,0
DA:332,0
DA:336,0
DA:337,0
DA:338,0
DA:342,0
DA:344,0
DA:347,0
DA:348,0
DA:350,0
DA:351,0
DA:352,0
DA:353,0
DA:354,0
DA:355,0
DA:356,0
DA:359,0
DA:362,0
DA:366,0
DA:367,0
DA:370,0
DA:371,0
DA:378,0
DA:379,0
DA:380,0
DA:383,0
DA:391,0
DA:394,0
DA:398,0
DA:400,0
DA:402,0
DA:410,0
DA:411,0
DA:412,0
DA:413,0
DA:414,0
DA:415,0
DA:416,0
DA:417,0
DA:418,0
DA:420,0
DA:421,0
DA:422,0
DA:423,0
DA:425,0
DA:429,0
DA:431,0
DA:432,0
DA:434,0
DA:435,0
DA:438,0
LF:191
LH:0
end_of_record
SF:lib/features/pet_registor/domain/entities/pet_profile_entity.dart
DA:24,7
DA:27,1
DA:28,1
DA:29,4
DA:30,4
DA:31,8
DA:32,1
DA:38,1
DA:39,2
DA:40,1
DA:42,1
DA:44,1
DA:46,1
DA:48,1
DA:50,1
DA:58,1
DA:59,2
DA:60,1
DA:62,1
DA:64,1
DA:66,1
DA:68,1
DA:70,1
LF:23
LH:23
end_of_record
SF:lib/features/home/domain/entities/pet_summary_entity.dart
DA:22,0
DA:25,0
DA:26,0
DA:27,0
DA:28,0
DA:30,0
DA:31,0
DA:39,0
DA:40,0
DA:41,0
LF:10
LH:0
end_of_record
SF:lib/features/home/domain/entities/weather_entity.dart
DA:24,0
DA:27,0
DA:28,0
DA:29,0
DA:30,0
DA:33,0
DA:34,0
DA:35,0
DA:36,0
DA:37,0
DA:42,0
DA:43,0
LF:12
LH:0
end_of_record
SF:lib/features/pet_registor/data/providers/pet_providers.g.dart
DA:9,1
DA:17,3
DA:30,0
DA:39,0
DA:52,1
DA:56,0
DA:58,1
DA:60,2
DA:62,4
DA:63,2
DA:66,1
DA:68,4
DA:70,2
DA:71,4
DA:88,12
DA:93,1
DA:94,1
DA:97,0
DA:99,0
DA:104,0
DA:109,0
DA:113,0
DA:124,1
DA:125,1
DA:126,2
DA:137,1
DA:145,1
DA:149,0
DA:153,0
DA:155,0
DA:156,0
DA:157,0
DA:162,0
DA:167,1
DA:169,1
DA:172,1
DA:174,4
DA:177,1
DA:179,3
DA:180,3
DA:182,1
DA:196,1
DA:198,0
DA:199,0
DA:202,1
DA:208,2
DA:209,1
DA:223,1
DA:230,2
DA:231,1
LF:50
LH:34
end_of_record
SF:lib/features/pet_registor/data/providers/pet_providers.dart
DA:14,1
DA:16,1
DA:22,0
DA:24,0
DA:30,1
DA:33,3
DA:34,1
DA:35,1
DA:36,1
DA:38,0
DA:41,0
DA:47,1
DA:48,1
DA:49,3
DA:50,3
DA:51,1
DA:52,1
DA:53,1
DA:55,0
DA:61,0
DA:62,0
DA:63,0
DA:64,0
DA:65,0
DA:66,0
DA:68,0
DA:73,1
DA:74,3
DA:75,1
DA:76,1
DA:77,0
DA:79,2
DA:84,1
DA:85,3
DA:86,1
DA:87,1
DA:88,0
DA:90,2
DA:96,1
DA:98,2
DA:99,1
DA:100,1
DA:101,1
DA:103,0
DA:110,1
DA:116,1
DA:117,1
DA:121,1
DA:122,1
LF:49
LH:34
end_of_record
SF:lib/shared/mock_data/features/home/home_mock_service.dart
DA:9,0
DA:10,0
DA:26,0
DA:27,0
DA:28,0
DA:29,0
DA:30,0
DA:31,0
DA:35,0
DA:36,0
DA:45,0
DA:48,0
DA:50,0
DA:52,0
DA:60,0
DA:61,0
DA:62,0
DA:63,0
DA:64,0
DA:67,0
DA:71,0
DA:72,0
DA:78,0
DA:82,0
DA:83,0
DA:89,0
DA:95,0
DA:96,0
DA:97,0
DA:98,0
DA:105,0
DA:106,0
DA:111,0
DA:117,0
DA:118,0
DA:124,0
DA:129,0
DA:133,0
DA:134,0
DA:136,0
DA:137,0
DA:138,0
DA:140,0
DA:142,0
DA:151,0
DA:152,0
DA:154,0
DA:155,0
DA:156,0
DA:158,0
DA:160,0
DA:161,0
DA:162,0
DA:165,0
DA:168,0
DA:170,0
DA:171,0
LF:57
LH:0
end_of_record
SF:lib/shared/mock_data/features/pet/pet_mock_data.dart
DA:13,3
DA:14,1
DA:19,1
DA:22,1
DA:24,2
DA:25,1
DA:27,1
DA:32,1
DA:33,1
DA:34,1
DA:36,1
DA:39,1
DA:44,1
DA:47,1
DA:49,2
DA:50,1
DA:52,1
DA:57,1
DA:58,1
DA:59,1
DA:61,1
DA:67,1
DA:68,2
DA:72,1
DA:74,2
DA:75,0
DA:78,2
DA:83,1
DA:84,6
DA:85,2
DA:86,2
DA:93,1
DA:94,5
DA:95,2
DA:96,2
DA:103,0
DA:105,0
DA:112,0
DA:113,0
DA:114,0
DA:119,0
DA:124,0
DA:129,0
DA:134,0
DA:139,0
DA:144,0
DA:149,0
DA:154,0
DA:159,0
DA:168,0
DA:169,0
DA:170,0
DA:175,0
DA:180,0
DA:185,0
DA:190,0
DA:195,0
DA:204,0
DA:205,0
DA:206,0
DA:214,0
DA:222,0
DA:230,0
DA:242,0
DA:243,0
DA:253,0
DA:264,0
DA:266,0
DA:268,0
DA:276,0
DA:277,0
DA:278,0
DA:282,0
DA:284,0
DA:288,0
DA:290,0
DA:294,0
DA:300,0
DA:301,0
DA:302,0
DA:307,0
DA:312,0
LF:82
LH:34
end_of_record
SF:lib/features/home/domain/entities/home_dashboard_entity.dart
DA:12,0
DA:28,0
DA:41,0
DA:52,0
DA:69,0
LF:5
LH:0
end_of_record
SF:lib/features/home/domain/usecases/get_dashboard_data_usecase.dart
DA:7,0
DA:9,0
DA:10,0
LF:3
LH:0
end_of_record
SF:lib/features/home/domain/usecases/get_pet_summary_usecase.dart
DA:8,0
DA:11,0
DA:12,0
DA:16,0
DA:17,0
DA:19,0
LF:6
LH:0
end_of_record
SF:lib/features/home/domain/usecases/get_weather_data_usecase.dart
DA:8,0
DA:14,0
DA:18,0
LF:3
LH:0
end_of_record
SF:lib/features/home/presentation/controllers/home_dashboard_controller.dart
DA:7,0
DA:20,0
DA:22,0
DA:23,0
DA:25,0
DA:26,0
DA:31,0
DA:33,0
DA:34,0
DA:36,0
DA:37,0
DA:43,0
DA:47,0
DA:50,0
DA:52,0
DA:53,0
DA:58,0
DA:60,0
DA:61,0
DA:63,0
DA:64,0
DA:69,0
DA:71,0
DA:72,0
DA:74,0
DA:75,0
DA:80,0
DA:82,0
DA:83,0
DA:85,0
DA:86,0
DA:91,0
DA:94,0
DA:95,0
DA:97,0
DA:100,0
DA:103,0
DA:105,0
DA:106,0
LF:39
LH:0
end_of_record
SF:lib/features/home/presentation/controllers/home_notification_controller.dart
DA:7,0
DA:15,0
DA:17,0
DA:20,0
DA:23,0
DA:24,0
DA:25,0
DA:26,0
DA:30,0
DA:31,0
DA:32,0
DA:36,0
DA:37,0
DA:38,0
DA:44,0
DA:45,0
DA:46,0
DA:47,0
DA:52,0
DA:53,0
DA:57,0
DA:58,0
DA:61,0
DA:62,0
DA:67,0
DA:68,0
DA:70,0
DA:71,0
DA:75,0
DA:77,0
DA:78,0
DA:83,0
DA:84,0
LF:33
LH:0
end_of_record
SF:lib/features/home/presentation/controllers/weather_controller.dart
DA:8,0
DA:22,0
DA:23,0
DA:24,0
DA:25,0
DA:29,0
DA:33,0
DA:37,0
DA:38,0
DA:40,0
DA:43,0
DA:44,0
DA:49,0
DA:52,0
DA:55,0
DA:57,0
DA:58,0
DA:62,0
DA:63,0
DA:66,0
DA:71,0
DA:72,0
DA:73,0
DA:74,0
DA:75,0
DA:76,0
DA:86,0
DA:88,0
DA:91,0
DA:94,0
DA:95,0
DA:99,0
DA:100,0
DA:104,0
DA:105,0
DA:109,0
DA:111,0
DA:113,0
DA:115,0
DA:120,0
DA:121,0
DA:122,0
DA:125,0
DA:128,0
DA:129,0
DA:130,0
DA:131,0
DA:132,0
DA:133,0
DA:134,0
DA:135,0
DA:136,0
DA:137,0
DA:139,0
DA:144,0
DA:145,0
DA:149,0
DA:150,0
DA:158,0
DA:159,0
DA:160,0
DA:164,0
DA:165,0
DA:166,0
LF:64
LH:0
end_of_record
SF:lib/features/home/presentation/screens/home_screen.dart
DA:13,12
DA:15,0
DA:16,0
DA:23,0
DA:25,0
DA:26,0
DA:27,0
DA:30,0
DA:31,0
DA:32,0
DA:37,0
DA:39,0
DA:40,0
DA:41,0
DA:43,0
DA:46,0
DA:51,0
DA:53,0
DA:54,0
DA:55,0
DA:58,0
DA:59,0
DA:65,0
DA:67,0
DA:68,0
DA:69,0
DA:70,0
DA:71,0
DA:72,0
DA:74,0
DA:78,0
DA:79,0
DA:85,0
DA:86,0
DA:87,0
DA:92,0
DA:93,0
DA:94,0
DA:99,0
DA:100,0
DA:101,0
DA:102,0
DA:110,0
DA:112,0
DA:114,0
DA:115,0
DA:116,0
DA:117,0
DA:120,0
DA:121,0
DA:122,0
DA:123,0
DA:133,0
DA:136,0
DA:137,0
DA:145,0
DA:147,0
DA:150,0
DA:151,0
DA:153,0
DA:154,0
DA:157,0
DA:158,0
DA:159,0
DA:166,0
DA:168,0
DA:171,0
DA:173,0
DA:174,0
DA:175,0
DA:177,0
DA:181,0
DA:185,0
DA:186,0
DA:187,0
DA:205,0
DA:206,0
DA:207,0
DA:209,0
DA:215,0
LF:80
LH:1
end_of_record
SF:lib/features/home/presentation/widgets/appointment_summary_card.dart
DA:10,12
DA:12,0
DA:15,0
DA:16,0
DA:19,0
DA:20,0
DA:22,0
DA:23,0
DA:26,0
DA:28,0
DA:29,0
DA:33,0
DA:36,0
DA:38,0
DA:39,0
LF:15
LH:1
end_of_record
SF:lib/features/home/presentation/widgets/feeding_summary_card.dart
DA:9,12
DA:11,0
DA:14,0
DA:15,0
DA:16,0
DA:18,0
DA:20,0
DA:23,0
DA:24,0
DA:25,0
DA:28,0
DA:31,0
DA:32,0
DA:33,0
DA:34,0
LF:15
LH:1
end_of_record
SF:lib/features/home/presentation/widgets/home_header.dart
DA:8,0
DA:10,0
DA:12,0
DA:13,0
DA:14,0
DA:19,0
DA:20,0
DA:22,0
DA:23,0
DA:24,0
DA:26,0
DA:28,0
DA:30,0
DA:36,0
DA:37,0
DA:38,0
DA:39,0
DA:45,0
DA:57,0
DA:58,0
DA:59,0
DA:77,0
DA:78,0
DA:81,0
DA:83,0
DA:85,0
DA:86,0
DA:87,0
DA:90,0
DA:91,0
DA:92,0
LF:31
LH:0
end_of_record
SF:lib/features/home/presentation/widgets/home_summary_grid.dart
DA:7,12
DA:9,0
DA:11,0
DA:14,0
DA:15,0
DA:16,0
DA:21,0
DA:33,0
DA:34,0
LF:9
LH:1
end_of_record
SF:lib/features/home/presentation/widgets/meteocons_icon.dart
DA:8,12
DA:13,0
DA:14,0
DA:18,0
DA:20,0
DA:21,0
DA:22,0
DA:23,0
DA:24,0
DA:25,0
DA:26,0
DA:31,0
DA:37,0
DA:38,0
DA:39,0
DA:40,0
DA:41,0
DA:43,0
DA:45,0
DA:47,0
LF:20
LH:1
end_of_record
SF:lib/features/home/presentation/widgets/pet_profile_card.dart
DA:12,12
DA:14,0
DA:15,0
DA:21,0
DA:23,0
DA:24,0
DA:28,0
DA:29,0
DA:30,0
DA:31,0
DA:32,0
DA:33,0
DA:35,0
DA:37,0
DA:44,0
DA:46,0
DA:47,0
DA:50,0
DA:53,0
DA:55,0
DA:56,0
DA:58,0
DA:60,0
DA:61,0
DA:62,0
DA:82,0
DA:84,0
DA:86,0
DA:88,0
DA:89,0
DA:91,0
DA:93,0
DA:94,0
DA:95,0
DA:97,0
DA:98,0
DA:99,0
DA:100,0
DA:103,0
DA:104,0
DA:105,0
DA:106,0
DA:107,0
DA:108,0
DA:110,0
DA:111,0
DA:113,0
DA:116,0
DA:118,0
DA:122,0
DA:123,0
DA:124,0
DA:125,0
DA:128,0
DA:141,0
DA:142,0
DA:145,0
DA:146,0
DA:147,0
DA:148,0
DA:149,0
DA:150,0
DA:157,0
DA:162,0
DA:163,0
DA:166,0
DA:170,0
DA:171,0
DA:172,0
DA:173,0
DA:177,0
DA:187,0
DA:188,0
DA:189,0
DA:190,0
DA:200,0
DA:218,0
DA:219,0
DA:220,0
DA:221,0
DA:224,0
DA:226,0
DA:238,0
DA:239,0
DA:241,0
DA:242,0
DA:245,0
DA:246,0
DA:247,0
DA:251,0
DA:254,0
DA:255,0
DA:256,0
DA:265,0
DA:266,0
DA:267,0
DA:268,0
DA:271,0
DA:273,0
DA:282,0
DA:283,0
DA:285,0
DA:286,0
DA:288,0
DA:294,0
DA:296,0
LF:106
LH:1
end_of_record
SF:lib/features/home/presentation/widgets/walk_summary_card.dart
DA:9,12
DA:11,0
DA:14,0
DA:16,0
DA:17,0
DA:18,0
DA:20,0
DA:21,0
DA:22,0
DA:25,0
DA:28,0
DA:30,0
LF:12
LH:1
end_of_record
SF:lib/features/home/presentation/widgets/weather_card.dart
DA:10,12
DA:12,0
DA:13,0
DA:25,0
DA:27,0
DA:28,0
DA:29,0
DA:32,0
DA:35,0
DA:36,0
DA:41,0
DA:42,0
DA:44,0
DA:45,0
DA:46,0
DA:47,0
DA:48,0
DA:49,0
DA:54,0
DA:60,0
DA:65,0
DA:66,0
DA:70,0
DA:71,0
DA:72,0
DA:73,0
DA:77,0
DA:81,0
DA:82,0
DA:83,0
DA:84,0
DA:85,0
DA:86,0
DA:87,0
DA:91,0
DA:92,0
DA:95,0
DA:97,0
DA:98,0
DA:99,0
DA:100,0
DA:107,0
DA:109,0
DA:110,0
DA:115,0
DA:116,0
DA:117,0
DA:118,0
DA:122,0
DA:124,0
DA:125,0
DA:126,0
DA:133,0
DA:135,0
DA:137,0
DA:139,0
DA:141,0
DA:143,0
DA:145,0
DA:150,0
DA:152,0
DA:154,0
DA:156,0
DA:161,0
DA:163,0
DA:165,0
DA:167,0
DA:169,0
DA:174,0
DA:176,0
DA:178,0
DA:180,0
DA:182,0
DA:184,0
DA:189,0
DA:191,0
DA:193,0
DA:195,0
DA:197,0
DA:199,0
DA:201,0
DA:203,0
DA:205,0
DA:207,0
DA:212,0
DA:215,0
DA:217,0
DA:219,0
DA:221,0
DA:223,0
DA:230,0
DA:232,0
DA:234,0
DA:236,0
DA:238,0
DA:240,0
DA:242,0
DA:244,0
DA:246,0
DA:248,0
DA:257,0
DA:258,0
DA:259,0
[...]
DA:56,0
DA:57,0
DA:58,0
DA:60,0
DA:65,0
DA:66,0
DA:67,0
DA:68,0
DA:73,0
DA:75,0
DA:76,0
DA:79,0
DA:81,0
DA:93,0
DA:102,0
DA:103,0
DA:111,0
DA:113,0
DA:114,0
DA:116,0
DA:117,0
DA:121,0
DA:122,0
DA:123,0
DA:124,0
DA:127,0
DA:128,0
DA:131,0
DA:132,0
DA:135,0
DA:137,0
DA:139,0
DA:140,0
DA:141,0
DA:144,0
DA:145,0
DA:146,0
DA:148,0
DA:153,0
DA:154,0
DA:155,0
DA:156,0
DA:157,0
DA:163,0
DA:164,0
DA:165,0
DA:169,0
DA:170,0
DA:171,0
DA:175,0
DA:177,0
DA:178,0
DA:181,0
DA:183,0
DA:184,0
DA:185,0
DA:186,0
DA:187,0
DA:188,0
LF:74
LH:0
end_of_record
SF:lib/shared/widgets/animation/animated_scale_widget.dart
DA:15,0
DA:28,0
DA:29,0
DA:38,0
DA:40,0
DA:41,0
DA:43,0
DA:45,0
DA:46,0
DA:47,0
DA:51,0
DA:52,0
DA:56,0
DA:57,0
DA:58,0
DA:59,0
DA:60,0
DA:62,0
DA:65,0
DA:68,0
DA:70,0
DA:72,0
DA:73,0
DA:74,0
DA:77,0
DA:78,0
DA:79,0
DA:81,0
DA:86,0
DA:87,0
DA:88,0
DA:89,0
DA:94,0
DA:96,0
DA:97,0
DA:100,0
DA:102,0
DA:103,0
DA:104,0
DA:105,0
DA:106,0
DA:107,0
DA:108,0
DA:109,0
DA:110,0
DA:129,0
DA:141,0
DA:142,0
DA:151,0
DA:153,0
DA:154,0
DA:156,0
DA:157,0
DA:161,0
DA:162,0
DA:163,0
DA:164,0
DA:167,0
DA:168,0
DA:169,0
DA:170,0
DA:171,0
DA:172,0
DA:174,0
DA:175,0
DA:178,0
DA:179,0
DA:182,0
DA:184,0
DA:186,0
DA:187,0
DA:188,0
DA:189,0
DA:190,0
DA:193,0
DA:194,0
DA:195,0
DA:197,0
DA:202,0
DA:203,0
DA:204,0
DA:205,0
DA:206,0
DA:212,0
DA:213,0
DA:214,0
DA:218,0
DA:219,0
DA:220,0
DA:224,0
DA:226,0
DA:227,0
DA:230,0
DA:232,0
DA:233,0
DA:234,0
DA:235,0
DA:236,0
DA:237,0
DA:238,0
DA:239,0
DA:240,0
DA:241,0
DA:242,0
DA:243,0
DA:262,0
DA:272,0
DA:273,0
DA:281,0
DA:283,0
DA:284,0
DA:286,0
DA:288,0
DA:289,0
DA:292,0
DA:294,0
DA:295,0
DA:298,0
DA:299,0
DA:300,0
DA:304,0
DA:305,0
DA:306,0
DA:310,0
DA:311,0
DA:312,0
DA:316,0
DA:318,0
DA:319,0
DA:320,0
DA:321,0
DA:322,0
DA:323,0
DA:324,0
DA:325,0
DA:326,0
DA:327,0
DA:328,0
DA:329,0
DA:330,0
LF:140
LH:0
end_of_record
SF:lib/shared/widgets/animation/animated_slide_widget.dart
DA:17,0
DA:29,0
DA:30,0
DA:39,0
DA:41,0
DA:42,0
DA:44,0
DA:46,0
DA:47,0
DA:48,0
DA:52,0
DA:53,0
DA:57,0
DA:58,0
DA:60,0
DA:63,0
DA:65,0
DA:68,0
DA:71,0
DA:72,0
DA:73,0
DA:74,0
DA:75,0
DA:76,0
DA:77,0
DA:78,0
DA:79,0
DA:80,0
DA:81,0
DA:85,0
DA:87,0
DA:89,0
DA:90,0
DA:91,0
DA:94,0
DA:95,0
DA:96,0
DA:98,0
DA:103,0
DA:104,0
DA:105,0
DA:106,0
DA:111,0
DA:113,0
DA:114,0
DA:117,0
DA:119,0
DA:120,0
DA:121,0
DA:122,0
DA:123,0
DA:124,0
DA:141,0
DA:152,0
DA:153,0
DA:162,0
DA:164,0
DA:165,0
DA:167,0
DA:168,0
DA:172,0
DA:173,0
DA:174,0
DA:175,0
DA:178,0
DA:180,0
DA:181,0
DA:184,0
DA:185,0
DA:187,0
DA:188,0
DA:191,0
DA:192,0
DA:195,0
DA:196,0
DA:197,0
DA:198,0
DA:199,0
DA:200,0
DA:201,0
DA:202,0
DA:203,0
DA:204,0
DA:205,0
DA:209,0
DA:211,0
DA:213,0
DA:214,0
DA:215,0
DA:216,0
DA:217,0
DA:220,0
DA:221,0
DA:222,0
DA:224,0
DA:229,0
DA:230,0
DA:231,0
DA:232,0
DA:233,0
DA:239,0
DA:240,0
DA:241,0
DA:245,0
DA:246,0
DA:247,0
DA:251,0
DA:253,0
DA:254,0
DA:257,0
DA:259,0
DA:260,0
DA:261,0
DA:262,0
DA:263,0
DA:264,0
DA:265,0
DA:266,0
DA:267,0
DA:268,0
DA:269,0
LF:121
LH:0
end_of_record
SF:lib/shared/widgets/buttons/action_button.dart
DA:23,0
DA:42,0
DA:60,0
DA:78,0
DA:95,0
DA:97,0
DA:98,0
DA:99,0
DA:103,0
DA:105,0
DA:106,0
DA:107,0
DA:109,0
DA:112,0
DA:113,0
DA:114,0
DA:118,0
DA:120,0
DA:121,0
DA:122,0
DA:127,0
DA:128,0
DA:130,0
DA:131,0
DA:134,0
DA:136,0
DA:139,0
DA:142,0
DA:143,0
DA:144,0
DA:147,0
DA:148,0
DA:149,0
DA:150,0
DA:163,0
DA:164,0
DA:165,0
DA:166,0
DA:167,0
DA:168,0
DA:169,0
DA:170,0
DA:172,0
DA:173,0
DA:174,0
DA:175,0
DA:176,0
DA:177,0
DA:179,0
DA:180,0
DA:181,0
DA:182,0
DA:183,0
DA:184,0
DA:202,0
LF:55
LH:0
end_of_record
SF:lib/shared/widgets/buttons/action_buttons_component.dart
DA:13,0
DA:23,0
DA:25,0
DA:27,0
DA:30,0
DA:32,0
DA:34,0
DA:35,0
DA:37,0
DA:43,0
DA:45,0
DA:46,0
DA:47,0
DA:48,0
DA:49,0
DA:59,0
DA:61,0
DA:62,0
DA:63,0
DA:64,0
DA:65,0
LF:21
LH:0
end_of_record
SF:lib/shared/widgets/cards/generic_info_card.dart
DA:20,0
DA:35,0
DA:49,0
DA:56,0
DA:70,0
DA:76,0
DA:78,0
DA:79,0
DA:80,0
DA:81,0
DA:82,0
DA:83,0
DA:84,0
DA:85,0
DA:86,0
DA:87,0
DA:90,0
DA:91,0
DA:93,0
DA:94,0
DA:95,0
DA:96,0
DA:97,0
DA:98,0
DA:99,0
DA:100,0
DA:106,0
DA:108,0
DA:113,0
DA:114,0
DA:115,0
DA:116,0
DA:118,0
DA:119,0
DA:120,0
DA:121,0
DA:130,0
DA:132,0
DA:133,0
DA:134,0
DA:142,0
DA:144,0
DA:146,0
DA:161,0
DA:167,0
DA:170,0
DA:172,0
DA:173,0
DA:177,0
DA:178,0
DA:180,0
DA:183,0
DA:184,0
DA:188,0
DA:191,0
DA:192,0
DA:195,0
DA:201,0
DA:202,0
DA:203,0
DA:204,0
DA:206,0
DA:207,0
DA:213,0
DA:219,0
DA:222,0
DA:224,0
DA:225,0
DA:227,0
DA:230,0
LF:70
LH:0
end_of_record
SF:lib/shared/widgets/layout/card.dart
DA:23,0
DA:41,0
DA:58,0
DA:74,0
DA:76,0
DA:79,0
DA:80,0
DA:83,0
DA:84,0
DA:85,0
DA:89,0
DA:90,0
DA:91,0
DA:92,0
DA:93,0
DA:95,0
DA:97,0
DA:101,0
DA:104,0
DA:105,0
DA:106,0
DA:107,0
DA:108,0
DA:113,0
DA:115,0
DA:117,0
DA:118,0
DA:143,0
DA:159,0
DA:174,12
DA:189,0
DA:203,0
DA:205,0
DA:206,0
DA:208,0
DA:209,0
DA:210,0
DA:211,0
DA:213,0
DA:214,0
DA:215,0
DA:217,0
DA:218,0
DA:219,0
DA:220,0
DA:221,0
DA:225,0
DA:228,0
DA:229,0
DA:230,0
DA:234,0
DA:236,0
DA:238,0
DA:239,0
DA:240,0
LF:55
LH:1
end_of_record
SF:lib/shared/widgets/cards/info_card_component.dart
DA:14,12
DA:22,0
DA:24,0
DA:27,0
DA:29,0
DA:31,0
DA:32,0
DA:33,0
DA:34,0
DA:36,0
DA:37,0
DA:39,0
DA:40,0
DA:41,0
DA:44,0
DA:45,0
DA:46,0
LF:17
LH:1
end_of_record
SF:lib/shared/widgets/common/confirmation_dialog_component.dart
DA:17,0
DA:31,0
DA:44,0
DA:57,0
DA:70,0
DA:73,0
DA:88,0
DA:95,0
DA:98,0
DA:107,0
DA:114,0
DA:117,0
DA:126,0
DA:128,0
DA:129,0
DA:130,0
DA:132,0
DA:133,0
DA:134,0
DA:135,0
DA:136,0
DA:137,0
DA:142,0
DA:143,0
DA:144,0
DA:145,0
DA:153,0
DA:154,0
DA:155,0
DA:160,0
DA:161,0
DA:162,0
DA:163,0
DA:164,0
DA:166,0
DA:167,0
DA:168,0
DA:174,0
DA:175,0
DA:176,0
DA:177,0
DA:179,0
DA:180,0
DA:181,0
DA:183,0
DA:184,0
DA:187,0
DA:188,0
DA:189,0
LF:49
LH:0
end_of_record
SF:lib/shared/widgets/common/date_separator_widget.dart
DA:9,0
DA:15,0
DA:17,0
DA:18,0
DA:19,0
DA:20,0
DA:22,0
DA:27,0
DA:28,0
DA:29,0
DA:31,0
DA:32,0
DA:33,0
DA:45,0
DA:46,0
DA:47,0
DA:48,0
DA:49,0
DA:51,0
DA:53,0
DA:56,0
LF:21
LH:0
end_of_record
SF:lib/shared/widgets/displays/image_display.dart
DA:20,0
DA:34,0
DA:36,0
DA:37,0
DA:38,0
DA:40,0
DA:41,0
DA:42,0
DA:43,0
DA:44,0
DA:45,0
DA:46,0
DA:47,0
DA:48,0
DA:52,0
DA:53,0
DA:54,0
DA:59,0
DA:60,0
DA:63,0
DA:66,0
DA:69,0
DA:73,0
DA:74,0
DA:75,0
DA:90,0
DA:91,0
DA:94,0
DA:101,0
DA:103,0
DA:104,0
DA:105,0
DA:106,0
DA:107,0
DA:108,0
DA:109,0
DA:114,0
DA:115,0
DA:117,0
DA:118,0
DA:119,0
DA:120,0
DA:121,0
DA:122,0
DA:124,0
DA:125,0
DA:126,0
DA:127,0
DA:128,0
DA:134,0
DA:138,0
DA:139,0
DA:140,0
DA:141,0
DA:142,0
DA:143,0
DA:149,0
DA:150,0
DA:151,0
DA:152,0
DA:154,0
DA:155,0
DA:156,0
DA:157,0
DA:160,0
DA:162,0
DA:163,0
DA:164,0
DA:165,0
DA:170,0
DA:173,0
DA:174,0
DA:175,0
DA:178,0
DA:179,0
DA:180,0
DA:181,0
DA:182,0
DA:183,0
DA:187,0
DA:188,0
DA:189,0
DA:190,0
DA:191,0
DA:192,0
DA:194,0
DA:196,0
DA:197,0
DA:199,0
DA:200,0
DA:203,0
DA:205,0
DA:206,0
LF:93
LH:0
end_of_record
SF:lib/shared/widgets/displays/progress_bar.dart
DA:15,0
DA:26,0
DA:28,0
DA:30,0
DA:31,0
DA:32,0
DA:33,0
DA:35,0
DA:36,0
DA:37,0
DA:38,0
DA:43,0
DA:44,0
DA:45,0
DA:54,0
DA:56,0
DA:57,0
DA:58,0
DA:59,0
DA:61,0
DA:63,0
DA:64,0
DA:65,0
DA:66,0
DA:67,0
DA:73,0
DA:75,0
DA:77,0
DA:78,0
DA:79,0
DA:80,0
DA:81,0
DA:83,0
DA:84,0
DA:86,0
DA:88,0
DA:91,0
DA:99,0
LF:38
LH:0
end_of_record
SF:lib/shared/widgets/drawer/app_drawer.dart
DA:9,84
DA:11,0
DA:13,0
DA:15,0
DA:16,0
DA:17,0
DA:40,0
DA:41,0
DA:42,0
DA:52,0
DA:55,0
DA:66,0
DA:67,0
DA:71,0
DA:76,0
DA:77,0
DA:81,0
DA:82,0
DA:86,0
DA:87,0
DA:89,0
DA:91,0
DA:92,0
DA:97,0
DA:98,0
DA:99,0
LF:26
LH:1
end_of_record
SF:lib/shared/widgets/drawer/drawer_header_widget.dart
DA:4,12
DA:6,0
DA:8,0
DA:10,0
DA:12,0
DA:13,0
DA:14,0
LF:7
LH:1
end_of_record
SF:lib/shared/widgets/drawer/drawer_menu_item.dart
DA:9,0
DA:17,0
DA:19,0
DA:20,0
DA:21,0
DA:22,0
DA:25,0
DA:26,0
DA:27,0
DA:28,0
DA:30,0
DA:33,0
DA:34,0
DA:35,0
LF:14
LH:0
end_of_record
SF:lib/shared/widgets/drawer/health_section_widget.dart
DA:7,12
DA:9,0
DA:11,0
DA:13,0
DA:33,0
DA:39,0
DA:40,0
DA:42,0
DA:45,0
DA:55,0
DA:56,0
DA:57,0
DA:60,0
DA:70,0
DA:71,0
DA:72,0
DA:75,0
DA:81,0
DA:82,0
DA:83,0
DA:88,0
DA:90,0
LF:22
LH:1
end_of_record
SF:lib/shared/widgets/drawer/logout_button_widget.dart
DA:6,0
DA:8,0
DA:10,0
DA:12,0
DA:13,0
DA:14,0
DA:15,0
DA:17,0
DA:18,0
DA:19,0
DA:20,0
DA:22,0
DA:23,0
DA:25,0
DA:28,0
DA:30,0
DA:32,0
DA:33,0
DA:34,0
DA:37,0
DA:38,0
DA:39,0
LF:22
LH:0
end_of_record
SF:lib/shared/widgets/drawer/logout_card.dart
DA:6,0
DA:8,0
DA:10,0
DA:12,0
DA:13,0
DA:14,0
DA:15,0
DA:17,0
DA:18,0
DA:22,0
LF:10
LH:0
end_of_record
SF:lib/shared/widgets/drawer/service_section_widget.dart
DA:7,12
DA:9,0
DA:11,0
DA:13,0
DA:33,0
DA:39,0
DA:40,0
DA:41,0
DA:44,0
DA:54,0
DA:55,0
DA:56,0
DA:59,0
DA:65,0
DA:66,0
DA:67,0
DA:70,0
DA:76,0
DA:77,0
DA:78,0
DA:83,0
DA:85,0
LF:22
LH:1
end_of_record
SF:lib/shared/widgets/feedback/loading_widget.dart
DA:15,0
DA:25,0
DA:28,0
DA:29,0
DA:33,0
DA:34,0
DA:35,0
DA:37,0
DA:41,0
DA:45,0
DA:46,0
DA:47,0
DA:49,0
DA:53,0
DA:55,0
DA:56,0
DA:57,0
DA:67,0
DA:68,0
DA:69,0
DA:70,0
DA:71,0
DA:73,0
DA:75,0
DA:76,0
DA:77,0
DA:78,0
DA:84,0
DA:86,0
DA:90,0
DA:92,0
DA:93,0
DA:94,0
DA:108,0
DA:109,0
DA:110,0
DA:112,0
DA:114,0
DA:121,0
DA:123,0
DA:127,0
DA:128,0
DA:129,0
DA:132,0
DA:134,0
DA:135,0
DA:136,0
DA:144,0
DA:146,0
DA:168,0
DA:177,0
DA:179,0
DA:180,0
DA:181,0
DA:182,0
DA:183,0
DA:184,0
DA:195,0
DA:202,0
DA:204,0
DA:205,0
DA:207,0
DA:208,0
DA:209,0
DA:210,0
DA:211,0
DA:212,0
DA:213,0
DA:217,0
DA:219,0
DA:220,0
DA:221,0
DA:237,0
DA:244,0
DA:246,0
DA:248,0
DA:249,0
DA:250,0
DA:251,0
DA:252,0
DA:254,0
DA:257,0
DA:259,0
DA:260,0
DA:261,0
LF:85
LH:0
end_of_record
SF:lib/shared/widgets/feedback/notification_banner.dart
DA:16,0
DA:26,0
DA:27,0
DA:28,0
DA:30,0
DA:32,0
DA:34,0
DA:39,0
DA:40,0
DA:41,0
DA:43,0
DA:45,0
DA:47,0
DA:52,0
DA:54,0
DA:56,0
DA:57,0
DA:58,0
DA:59,0
DA:60,0
DA:61,0
DA:62,0
DA:63,0
DA:64,0
DA:67,0
DA:69,0
DA:70,0
DA:73,0
DA:74,0
DA:75,0
DA:77,0
DA:78,0
DA:79,0
DA:87,0
DA:89,0
DA:90,0
DA:91,0
DA:94,0
LF:38
LH:0
end_of_record
SF:lib/shared/widgets/feedback/snackbar.dart
DA:19,0
DA:32,0
DA:33,0
DA:34,0
DA:36,0
DA:38,0
DA:40,0
DA:45,0
DA:46,0
DA:47,0
DA:49,0
DA:51,0
DA:53,0
DA:58,0
DA:60,0
DA:62,0
DA:64,0
DA:65,0
DA:66,0
DA:67,0
DA:68,0
DA:69,0
DA:70,0
DA:73,0
DA:75,0
DA:76,0
DA:79,0
DA:81,0
DA:82,0
DA:84,0
DA:85,0
DA:86,0
DA:94,0
DA:96,0
DA:97,0
DA:98,0
DA:99,0
DA:100,0
DA:101,0
DA:108,0
DA:110,0
DA:111,0
DA:112,0
DA:128,0
DA:134,0
DA:135,0
DA:142,0
DA:144,0
DA:146,0
DA:147,0
DA:148,0
DA:151,0
DA:152,0
DA:153,0
DA:158,0
DA:159,0
DA:160,0
DA:161,0
DA:163,0
DA:164,0
DA:165,0
DA:168,0
DA:170,0
DA:172,0
DA:174,0
DA:175,0
DA:176,0
DA:177,0
DA:178,0
DA:179,0
DA:180,0
DA:181,0
DA:182,0
DA:183,0
DA:184,0
DA:185,0
DA:187,0
DA:190,0
DA:194,0
DA:195,0
DA:196,0
DA:199,0
DA:200,0
DA:212,0
DA:214,0
DA:215,0
DA:216,0
DA:219,0
LF:88
LH:0
end_of_record
SF:lib/shared/widgets/forms/toggle_switch_component.dart
DA:12,0
DA:21,0
DA:23,0
DA:24,0
DA:25,0
DA:28,0
DA:29,0
DA:30,0
DA:35,0
DA:36,0
DA:37,0
DA:38,0
DA:41,0
DA:42,0
DA:43,0
LF:15
LH:0
end_of_record
SF:lib/shared/widgets/headers/section_header_component.dart
DA:8,24
DA:14,0
DA:16,0
DA:17,0
DA:18,0
LF:5
LH:1
end_of_record
SF:lib/shared/widgets/inputs/app_text_field.dart
DA:30,0
DA:54,0
DA:55,0
DA:60,0
DA:62,0
DA:64,0
DA:65,0
DA:66,0
DA:70,0
DA:72,0
DA:73,0
DA:75,0
DA:79,0
DA:81,0
DA:82,0
DA:83,0
DA:84,0
DA:86,0
DA:88,0
DA:89,0
DA:90,0
DA:91,0
DA:92,0
DA:96,0
DA:97,0
DA:112,0
DA:113,0
DA:114,0
DA:116,0
DA:117,0
DA:118,0
DA:119,0
DA:121,0
DA:123,0
DA:124,0
DA:126,0
DA:127,0
DA:128,0
DA:129,0
DA:136,0
DA:137,0
DA:138,0
DA:139,0
DA:140,0
DA:141,0
DA:142,0
DA:143,0
DA:144,0
DA:145,0
DA:146,0
DA:150,0
DA:151,0
DA:152,0
DA:153,0
DA:155,0
DA:156,0
DA:164,0
DA:165,0
DA:166,0
DA:168,0
DA:174,0
DA:176,0
DA:177,0
DA:178,0
DA:185,0
DA:187,0
DA:189,0
DA:190,0
DA:191,0
LF:69
LH:0
end_of_record
SF:lib/shared/widgets/inputs/weight_input.dart
DA:16,0
DA:26,0
DA:27,0
DA:34,0
DA:36,0
DA:37,0
DA:38,0
DA:40,0
DA:41,0
DA:42,0
DA:47,0
DA:49,0
DA:50,0
DA:51,0
DA:54,0
DA:56,0
DA:57,0
DA:58,0
DA:62,0
DA:63,0
DA:64,0
DA:65,0
DA:66,0
DA:67,0
DA:69,0
DA:70,0
DA:71,0
DA:75,0
DA:79,0
DA:81,0
DA:83,0
DA:84,0
DA:85,0
DA:87,0
DA:88,0
DA:89,0
DA:91,0
DA:93,0
DA:94,0
DA:95,0
DA:101,0
DA:102,0
DA:103,0
DA:106,0
DA:110,0
DA:111,0
DA:113,0
DA:119,0
DA:120,0
DA:124,0
DA:125,0
DA:127,0
DA:128,0
DA:129,0
DA:132,0
DA:133,0
DA:134,0
DA:138,0
DA:140,0
DA:141,0
DA:142,0
LF:61
LH:0
end_of_record
SF:lib/shared/widgets/layout/arccodian.dart
DA:11,0
DA:31,0
DA:43,0
DA:49,0
DA:50,0
DA:51,0
DA:52,0
DA:55,0
DA:56,0
DA:59,0
DA:60,0
DA:66,0
DA:68,0
DA:69,0
DA:72,0
DA:73,0
DA:74,0
DA:75,0
DA:77,0
DA:78,0
DA:84,0
DA:86,0
DA:87,0
DA:88,0
DA:89,0
DA:90,0
DA:91,0
DA:92,0
DA:93,0
DA:94,0
DA:95,0
DA:97,0
DA:98,0
DA:99,0
DA:116,0
DA:125,0
DA:127,0
DA:131,0
DA:132,0
DA:136,0
DA:138,0
DA:140,0
DA:142,0
DA:144,0
DA:145,0
DA:147,0
DA:149,0
DA:150,0
DA:151,0
DA:152,0
DA:155,0
DA:156,0
DA:157,0
DA:158,0
DA:159,0
DA:168,0
DA:169,0
DA:170,0
DA:173,0
DA:175,0
DA:177,0
DA:181,0
LF:62
LH:0
end_of_record
SF:lib/shared/widgets/layout/divider.dart
DA:16,0
DA:27,0
DA:29,0
DA:30,0
DA:31,0
DA:34,0
DA:37,0
DA:38,0
DA:39,0
DA:40,0
DA:44,0
DA:45,0
DA:46,0
DA:47,0
DA:50,0
DA:51,0
DA:55,0
DA:56,0
DA:59,0
DA:60,0
DA:61,0
DA:65,0
DA:66,0
LF:23
LH:0
end_of_record
SF:lib/shared/widgets/layout/selection_card.dart
DA:12,0
DA:31,0
DA:41,0
DA:43,0
DA:45,0
DA:46,0
DA:47,0
DA:48,0
DA:49,0
DA:52,0
DA:57,0
DA:58,0
DA:60,0
DA:61,0
DA:62,0
DA:64,0
DA:65,0
DA:80,0
DA:88,0
DA:90,0
DA:92,0
DA:93,0
DA:94,0
DA:96,0
DA:97,0
DA:98,0
DA:99,0
DA:101,0
DA:102,0
DA:103,0
DA:105,0
DA:106,0
DA:107,0
DA:108,0
DA:111,0
DA:112,0
DA:114,0
DA:117,0
DA:119,0
DA:120,0
DA:121,0
DA:122,0
DA:125,0
DA:127,0
DA:135,0
DA:136,0
DA:141,0
DA:142,0
DA:144,0
DA:145,0
DA:146,0
DA:147,0
DA:148,0
DA:149,0
DA:150,0
DA:153,0
DA:155,0
DA:159,0
DA:160,0
DA:165,0
DA:166,0
DA:167,0
DA:169,0
DA:171,0
DA:174,0
DA:180,0
DA:182,0
DA:183,0
DA:184,0
DA:186,0
DA:187,0
DA:188,0
DA:197,0
DA:199,0
DA:217,0
DA:225,0
DA:227,0
DA:229,0
DA:230,0
DA:231,0
DA:232,0
DA:233,0
DA:236,0
DA:241,0
DA:242,0
DA:244,0
DA:245,0
DA:260,0
DA:274,0
DA:280,0
DA:282,0
DA:283,0
DA:284,0
DA:286,0
DA:287,0
DA:288,0
DA:289,0
DA:291,0
DA:293,0
DA:294,0
DA:296,0
DA:297,0
DA:299,0
DA:300,0
DA:305,0
DA:306,0
DA:308,0
DA:309,0
DA:310,0
DA:317,0
DA:319,0
DA:320,0
DA:321,0
DA:323,0
DA:332,0
DA:333,0
DA:334,0
DA:335,0
LF:118
LH:0
end_of_record
SF:lib/shared/widgets/navigation/custom_bottom_navigation.dart
DA:10,0
DA:16,0
DA:18,0
DA:19,0
DA:25,0
DA:26,0
DA:27,0
DA:28,0
DA:32,0
DA:34,0
DA:36,0
DA:37,0
DA:38,0
DA:39,0
DA:40,0
DA:45,0
DA:46,0
DA:47,0
DA:56,0
DA:59,0
DA:60,0
DA:61,0
DA:62,0
DA:63,0
DA:64,0
DA:74,0
DA:75,0
DA:77,0
DA:78,0
DA:79,0
DA:84,0
LF:31
LH:0
end_of_record
SF:lib/shared/widgets/performance/performance_monitor_widget.dart
DA:14,0
DA:21,0
DA:23,0
DA:32,0
DA:34,0
DA:35,0
DA:38,0
DA:39,0
DA:40,0
DA:43,0
DA:44,0
DA:45,0
DA:50,0
DA:51,0
DA:52,0
DA:53,0
DA:54,0
DA:59,0
DA:62,0
DA:63,0
DA:68,0
DA:69,0
DA:71,0
DA:72,0
DA:73,0
DA:74,0
DA:76,0
DA:79,0
DA:80,0
DA:87,0
DA:89,0
DA:91,0
DA:93,0
DA:98,0
DA:100,0
DA:101,0
DA:104,0
DA:106,0
DA:108,0
DA:110,0
DA:111,0
DA:112,0
DA:113,0
DA:119,0
DA:122,0
DA:123,0
DA:125,0
DA:126,0
DA:128,0
DA:130,0
DA:132,0
DA:139,0
DA:140,0
DA:141,0
DA:144,0
DA:146,0
DA:152,0
DA:153,0
DA:158,0
DA:159,0
DA:160,0
DA:162,0
DA:163,0
DA:164,0
DA:174,0
DA:175,0
DA:179,0
DA:180,0
DA:181,0
DA:182,0
DA:184,0
DA:186,0
DA:190,0
DA:191,0
DA:193,0
DA:195,0
DA:199,0
DA:200,0
DA:202,0
DA:204,0
DA:211,0
DA:217,0
DA:219,0
DA:220,0
DA:221,0
DA:222,0
DA:224,0
DA:225,0
DA:226,0
DA:228,0
DA:230,0
DA:236,0
DA:238,0
DA:248,0
DA:249,0
DA:251,0
DA:252,0
DA:254,0
DA:260,0
DA:261,0
DA:262,0
DA:264,0
DA:265,0
DA:266,0
DA:272,0
DA:273,0
DA:275,0
DA:276,0
DA:278,0
DA:284,0
DA:289,0
DA:290,0
DA:293,0
DA:294,0
DA:295,0
DA:296,0
DA:297,0
DA:300,0
DA:301,0
DA:302,0
DA:303,0
DA:304,0
DA:308,0
DA:309,0
DA:310,0
DA:311,0
DA:319,0
DA:321,0
DA:323,0
DA:325,0
DA:327,0
DA:332,0
DA:333,0
DA:335,0
DA:337,0
DA:338,0
DA:345,0
DA:346,0
DA:348,0
DA:350,0
DA:351,0
DA:358,0
DA:359,0
DA:361,0
DA:363,0
DA:370,0
DA:371,0
DA:373,0
DA:375,0
DA:382,0
DA:383,0
DA:385,0
DA:387,0
LF:153
LH:0
end_of_record
SF:lib/shared/widgets/responsive/responsive_layout.dart
DA:18,0
DA:27,0
DA:29,0
DA:30,0
DA:31,0
DA:33,0
DA:34,0
DA:35,0
DA:36,0
DA:38,0
DA:45,0
DA:46,0
DA:48,0
DA:50,0
DA:58,0
DA:64,0
DA:79,0
DA:91,0
DA:93,0
DA:94,0
DA:95,0
DA:98,0
DA:99,0
DA:100,0
DA:101,0
DA:103,0
DA:106,0
DA:107,0
DA:108,0
DA:109,0
DA:110,0
DA:111,0
DA:112,0
DA:114,0
DA:115,0
DA:136,0
DA:151,0
DA:153,0
DA:154,0
DA:155,0
DA:160,0
DA:161,0
DA:162,0
DA:163,0
DA:164,0
DA:165,0
DA:166,0
DA:167,0
DA:169,0
DA:170,0
DA:171,0
DA:174,0
DA:178,0
DA:179,0
DA:198,0
DA:211,0
DA:213,0
DA:214,0
DA:215,0
DA:218,0
DA:219,0
DA:220,0
DA:221,0
DA:223,0
DA:226,0
DA:227,0
DA:228,0
DA:230,0
DA:231,0
DA:233,0
DA:234,0
DA:235,0
LF:72
LH:0
end_of_record
SF:lib/shared/widgets/soft_gradient_sliver_app_bar.dart
DA:18,0
DA:30,0
DA:32,0
DA:33,0
DA:34,0
DA:35,0
DA:36,0
DA:39,0
DA:40,0
DA:45,0
DA:46,0
DA:47,0
DA:48,0
DA:54,0
DA:55,0
DA:56,0
DA:57,0
DA:60,0
DA:61,0
DA:62,0
DA:69,0
DA:70,0
DA:71,0
DA:93,0
DA:103,0
DA:105,0
DA:106,0
DA:107,0
DA:108,0
DA:109,0
DA:110,0
DA:111,0
DA:115,0
DA:116,0
DA:117,0
DA:118,0
DA:120,0
LF:37
LH:0
end_of_record
SF:lib/shared/widgets/tiles/settings_tile_component.dart
DA:10,0
DA:17,0
DA:19,0
DA:20,0
DA:21,0
DA:22,0
DA:23,0
DA:24,0
DA:31,0
LF:9
LH:0
end_of_record
SF:lib/shared/widgets/walk/walk_co_manager_selector.dart
DA:10,0
DA:16,0
DA:17,0
DA:23,0
DA:25,0
DA:26,0
DA:29,0
DA:32,0
DA:33,0
DA:34,0
DA:35,0
DA:38,0
DA:40,0
DA:41,0
DA:43,0
DA:46,0
DA:50,0
DA:52,0
DA:53,0
DA:54,0
DA:55,0
DA:57,0
DA:58,0
DA:59,0
DA:61,0
DA:62,0
DA:64,0
DA:65,0
DA:66,0
DA:68,0
DA:79,0
DA:85,0
DA:87,0
DA:88,0
DA:89,0
DA:90,0
DA:92,0
DA:94,0
DA:96,0
DA:98,0
DA:100,0
DA:101,0
DA:102,0
DA:106,0
DA:107,0
DA:108,0
DA:110,0
DA:111,0
DA:112,0
DA:114,0
DA:117,0
DA:121,0
DA:122,0
DA:124,0
DA:125,0
DA:127,0
DA:132,0
DA:135,0
DA:137,0
DA:139,0
DA:146,0
LF:61
LH:0
end_of_record
SF:lib/shared/widgets/walk/walk_form_fields.dart
DA:7,0
DA:10,0
DA:17,0
DA:33,0
DA:40,0
DA:55,0
DA:62,0
DA:77,0
DA:83,0
DA:93,0
DA:99,0
DA:102,0
DA:103,0
DA:111,0
DA:118,0
DA:135,0
DA:144,0
DA:157,0
DA:165,0
DA:178,0
DA:185,0
DA:188,0
DA:198,0
DA:204,0
DA:215,0
DA:221,0
DA:232,0
DA:233,0
DA:236,0
DA:239,0
DA:245,0
DA:246,0
DA:249,0
DA:253,0
DA:256,0
DA:262,0
DA:263,0
DA:266,0
DA:270,0
DA:273,0
DA:279,0
LF:41
LH:0
end_of_record
SF:lib/shared/widgets/walk/walk_info_widgets.dart
DA:7,0
DA:10,0
DA:18,0
DA:19,0
DA:21,0
DA:22,0
DA:23,0
DA:24,0
DA:30,0
DA:32,0
DA:34,0
DA:35,0
DA:37,0
DA:39,0
DA:40,0
DA:41,0
DA:42,0
DA:44,0
DA:45,0
DA:46,0
DA:48,0
DA:56,0
DA:64,0
DA:66,0
DA:72,0
DA:74,0
DA:87,0
DA:95,0
DA:97,0
DA:98,0
DA:99,0
DA:105,0
DA:107,0
DA:112,0
DA:114,0
DA:125,0
DA:131,0
DA:136,0
DA:137,0
DA:138,0
DA:139,0
DA:140,0
DA:144,0
DA:146,0
DA:155,0
DA:162,0
DA:164,0
DA:165,0
DA:167,0
DA:168,0
DA:170,0
DA:175,0
DA:176,0
DA:177,0
DA:183,0
DA:185,0
DA:187,0
DA:192,0
DA:193,0
DA:194,0
DA:195,0
DA:196,0
DA:206,0
DA:215,0
DA:217,0
DA:218,0
DA:219,0
DA:221,0
DA:224,0
DA:226,0
DA:229,0
DA:230,0
DA:231,0
DA:232,0
DA:237,0
DA:244,0
DA:247,0
DA:252,0
DA:253,0
DA:255,0
DA:257,0
DA:258,0
DA:259,0
DA:260,0
DA:261,0
DA:263,0
DA:269,0
DA:271,0
DA:277,0
DA:279,0
DA:281,0
DA:286,0
DA:296,0
DA:308,0
DA:309,0
DA:310,0
DA:311,0
DA:312,0
DA:333,0
DA:345,0
DA:346,0
DA:348,0
DA:349,0
DA:350,0
DA:351,0
DA:352,0
DA:353,0
DA:369,0
DA:370,0
DA:377,0
LF:110
LH:0
end_of_record
SF:lib/shared/widgets/walk/walk_pet_tag.dart
DA:11,0
DA:18,0
DA:20,0
DA:21,0
DA:23,0
DA:28,0
DA:29,0
DA:30,0
DA:32,0
DA:34,0
DA:35,0
DA:41,0
DA:42,0
DA:43,0
LF:14
LH:0
end_of_record
SF:lib/features/pet_registor/domain/services/pet_registration_navigation_service.dart
DA:10,1
DA:11,1
DA:13,1
DA:18,1
DA:19,1
DA:21,1
DA:26,1
DA:28,1
DA:33,1
DA:34,2
DA:40,1
DA:41,3
DA:42,1
DA:47,2
DA:52,1
DA:61,1
DA:63,1
DA:68,2
DA:73,4
DA:75,2
DA:80,1
DA:90,1
DA:91,1
DA:95,1
DA:96,1
DA:98,1
DA:103,1
DA:105,1
DA:107,1
DA:109,1
DA:111,1
DA:113,1
DA:115,1
DA:117,1
DA:119,1
LF:35
LH:35
end_of_record
